[ 2011-09-11T09:57:33+08:00 ] SQL: SHOW COLUMNS FROM `kp_user` [ RunTime:0.038581s ]
[ 2011-09-11T09:57:33+08:00 ] SQL: SELECT * FROM `kp_user` WHERE ( `username` = '12222222222' ) [ RunTime:0.024058s ]
[ 2011-09-11T09:57:34+08:00 ] SQL: SHOW COLUMNS FROM `kp_user` [ RunTime:0.005906s ]
[ 2011-09-11T09:57:34+08:00 ] SQL: select last_insert_id() as last [ RunTime:0.017412s ]
[ 2011-09-11T09:57:34+08:00 ] SQL: select last_insert_id() as last [ RunTime:0.000484s ]
[ 2011-09-11T09:58:28+08:00 ] SQL: SHOW COLUMNS FROM `kp_user` [ RunTime:0.004892s ]
[ 2011-09-11T09:58:28+08:00 ] SQL: SELECT * FROM `kp_user` WHERE ( `username` = '12222222222' ) [ RunTime:0.000602s ]
[ 2011-09-11T09:58:29+08:00 ] SQL: SHOW COLUMNS FROM `kp_user` [ RunTime:0.003941s ]
[ 2011-09-11T09:58:29+08:00 ] SQL: select last_insert_id() as last [ RunTime:0.000284s ]
[ 2011-09-11T09:58:29+08:00 ] SQL: select last_insert_id() as last [ RunTime:0.000223s ]
[ 2011-09-11T09:59:42+08:00 ] SQL: SHOW COLUMNS FROM `kp_user` [ RunTime:0.003621s ]
[ 2011-09-11T09:59:42+08:00 ] SQL: SELECT * FROM `kp_user` WHERE ( `username` = '12111111111' ) [ RunTime:0.000567s ]
[ 2011-09-11T09:59:42+08:00 ] SQL: SHOW COLUMNS FROM `kp_user` [ RunTime:0.003477s ]
[ 2011-09-11T09:59:42+08:00 ] SQL: INSERT INTO `kp_user` (`username`,`password`,`email`,`regtype`) VALUES ('12111111111','111111','','1') [ RunTime:0.105991s ]
[ 2011-09-11T09:59:42+08:00 ] SQL: select last_insert_id() as last [ RunTime:0.000293s ]
[ 2011-09-11T09:59:42+08:00 ] SQL: select last_insert_id() as last [ RunTime:0.000214s ]
[ 2011-09-11T10:05:21+08:00 ] SQL: SHOW COLUMNS FROM `kp_user` [ RunTime:0.003386s ]
[ 2011-09-11T10:05:21+08:00 ] SQL: SELECT * FROM `kp_user` WHERE ( `username` = '12111111111' ) [ RunTime:0.000596s ]
[ 2011-09-11T10:05:25+08:00 ] SQL: SHOW COLUMNS FROM `kp_user` [ RunTime:0.003210s ]
[ 2011-09-11T10:05:25+08:00 ] SQL: SELECT * FROM `kp_user` WHERE ( `username` = '12111111111' ) [ RunTime:0.000651s ]
[ 2011-09-11T10:05:28+08:00 ] SQL: SHOW COLUMNS FROM `kp_user` [ RunTime:0.003306s ]
[ 2011-09-11T10:05:28+08:00 ] SQL: SELECT * FROM `kp_user` WHERE ( `username` = '12111111111' ) [ RunTime:0.000578s ]
[ 2011-09-11T10:05:36+08:00 ] SQL: SHOW COLUMNS FROM `kp_user` [ RunTime:0.003465s ]
[ 2011-09-11T10:05:36+08:00 ] SQL: SELECT * FROM `kp_user` WHERE ( `username` = '12111111111' ) [ RunTime:0.000605s ]
[ 2011-09-11T10:05:39+08:00 ] SQL: SHOW COLUMNS FROM `kp_user` [ RunTime:0.003750s ]
[ 2011-09-11T10:05:39+08:00 ] SQL: SELECT * FROM `kp_user` WHERE ( `username` = '12111111111' ) [ RunTime:0.000628s ]
[ 2011-09-11T10:12:08+08:00 ] SQL: SHOW COLUMNS FROM `kp_user` [ RunTime:0.003463s ]
[ 2011-09-11T10:12:08+08:00 ] SQL: SELECT * FROM `kp_user` WHERE ( `username` = '13111111111' ) [ RunTime:0.000594s ]
[ 2011-09-11T10:12:08+08:00 ] SQL: SHOW COLUMNS FROM `kp_user` [ RunTime:0.003422s ]
[ 2011-09-11T10:12:08+08:00 ] SQL: INSERT INTO `kp_user` (`username`,`password`,`email`,`regtype`,`inserttime`,`updatetime`) VALUES ('13111111111','111111','','1','2011-09-11 10:12:08','2011-09-11 10:12:08') [ RunTime:0.076185s ]
[ 2011-09-11T10:12:08+08:00 ] NOTIC: [8] Undefined variable: lastId RegAction.class.php 第 56 行.
[ 2011-09-11T10:16:34+08:00 ] SQL: SHOW COLUMNS FROM `kp_user` [ RunTime:0.003532s ]
[ 2011-09-11T10:16:34+08:00 ] SQL: SELECT * FROM `kp_user` WHERE ( `username` = '14111111111' ) [ RunTime:0.000609s ]
[ 2011-09-11T10:16:34+08:00 ] SQL: SHOW COLUMNS FROM `kp_user` [ RunTime:0.003278s ]
[ 2011-09-11T10:16:34+08:00 ] SQL: INSERT INTO `kp_user` (`username`,`password`,`email`,`regtype`,`inserttime`,`updatetime`) VALUES ('14111111111','111111','','1','2011-09-11 10:16:34','2011-09-11 10:16:34') [ RunTime:0.078152s ]
[ 2011-09-11T10:16:34+08:00 ] NOTIC: [8] Undefined variable: lastId RegAction.class.php 第 56 行.
[ 2011-09-11T10:17:33+08:00 ] SQL: SHOW COLUMNS FROM `kp_user` [ RunTime:0.003290s ]
[ 2011-09-11T10:17:33+08:00 ] SQL: SELECT * FROM `kp_user` WHERE ( `username` = '15111111111' ) [ RunTime:0.000576s ]
[ 2011-09-11T10:17:33+08:00 ] SQL: SHOW COLUMNS FROM `kp_user` [ RunTime:0.003325s ]
[ 2011-09-11T10:17:33+08:00 ] SQL: INSERT INTO `kp_user` (`username`,`password`,`email`,`regtype`,`inserttime`,`updatetime`) VALUES ('15111111111','111111','','1','2011-09-11 10:17:33','2011-09-11 10:17:33') [ RunTime:0.077237s ]
[ 2011-09-11T10:17:33+08:00 ] NOTIC: [8] Undefined variable: lastId RegAction.class.php 第 56 行.
[ 2011-09-11T10:19:54+08:00 ] SQL: SHOW COLUMNS FROM `kp_user` [ RunTime:0.004648s ]
[ 2011-09-11T10:19:54+08:00 ] SQL: SELECT * FROM `kp_user` WHERE ( `username` = '16111111111' ) [ RunTime:0.000645s ]
[ 2011-09-11T10:19:54+08:00 ] SQL: SHOW COLUMNS FROM `kp_user` [ RunTime:0.003243s ]
[ 2011-09-11T10:19:54+08:00 ] SQL: INSERT INTO `kp_user` (`username`,`password`,`email`,`regtype`,`inserttime`,`updatetime`) VALUES ('16111111111','111111','','1','2011-09-11 10:19:54','2011-09-11 10:19:54') [ RunTime:0.082259s ]
[ 2011-09-11T10:19:54+08:00 ] NOTIC: [8] Undefined variable: lastId RegAction.class.php 第 56 行.
[ 2011-09-11T10:20:07+08:00 ] SQL: SHOW COLUMNS FROM `kp_user` [ RunTime:0.006916s ]
[ 2011-09-11T10:20:07+08:00 ] SQL: SELECT * FROM `kp_user` WHERE ( `username` = '16111111111' ) [ RunTime:0.000886s ]
[ 2011-09-11T10:20:10+08:00 ] SQL: SHOW COLUMNS FROM `kp_user` [ RunTime:0.004254s ]
[ 2011-09-11T10:20:10+08:00 ] SQL: SELECT * FROM `kp_user` WHERE ( `username` = '16111111111' ) [ RunTime:0.000669s ]
[ 2011-09-11T10:20:12+08:00 ] SQL: SHOW COLUMNS FROM `kp_user` [ RunTime:0.006154s ]
[ 2011-09-11T10:20:12+08:00 ] SQL: SELECT * FROM `kp_user` WHERE ( `username` = '16111111111' ) [ RunTime:0.001640s ]
[ 2011-09-11T10:20:15+08:00 ] SQL: SHOW COLUMNS FROM `kp_user` [ RunTime:0.004839s ]
[ 2011-09-11T10:20:15+08:00 ] SQL: SELECT * FROM `kp_user` WHERE ( `username` = '16111111111' ) [ RunTime:0.001489s ]
[ 2011-09-11T10:20:17+08:00 ] SQL: SHOW COLUMNS FROM `kp_user` [ RunTime:0.003486s ]
[ 2011-09-11T10:20:17+08:00 ] SQL: SELECT * FROM `kp_user` WHERE ( `username` = '16111111111' ) [ RunTime:0.000609s ]
[ 2011-09-11T10:20:49+08:00 ] SQL: SHOW COLUMNS FROM `kp_user` [ RunTime:0.003351s ]
[ 2011-09-11T10:20:49+08:00 ] SQL: SELECT * FROM `kp_user` WHERE ( `username` = '12111111111' ) [ RunTime:0.000633s ]
[ 2011-09-11T10:20:52+08:00 ] SQL: SHOW COLUMNS FROM `kp_user` [ RunTime:0.004091s ]
[ 2011-09-11T10:20:52+08:00 ] SQL: SELECT * FROM `kp_user` WHERE ( `username` = '12111111111' ) [ RunTime:0.000807s ]
[ 2011-09-11T10:20:55+08:00 ] SQL: SHOW COLUMNS FROM `kp_user` [ RunTime:0.004064s ]
[ 2011-09-11T10:20:55+08:00 ] SQL: SELECT * FROM `kp_user` WHERE ( `username` = '12111111111' ) [ RunTime:0.001760s ]
[ 2011-09-11T10:21:06+08:00 ] SQL: SHOW COLUMNS FROM `kp_user` [ RunTime:0.003639s ]
[ 2011-09-11T10:21:06+08:00 ] SQL: SELECT * FROM `kp_user` WHERE ( `username` = '12111111111' ) [ RunTime:0.000632s ]
[ 2011-09-11T10:21:10+08:00 ] SQL: SHOW COLUMNS FROM `kp_user` [ RunTime:0.003350s ]
[ 2011-09-11T10:21:10+08:00 ] SQL: SELECT * FROM `kp_user` WHERE ( `username` = '12111111111' ) [ RunTime:0.000623s ]
[ 2011-09-11T10:21:58+08:00 ] SQL: SHOW COLUMNS FROM `kp_user` [ RunTime:0.003723s ]
[ 2011-09-11T10:21:58+08:00 ] SQL: SELECT * FROM `kp_user` WHERE ( `username` = '12111111111' ) [ RunTime:0.000677s ]
[ 2011-09-11T10:22:00+08:00 ] SQL: SHOW COLUMNS FROM `kp_user` [ RunTime:0.004382s ]
[ 2011-09-11T10:22:00+08:00 ] SQL: SELECT * FROM `kp_user` WHERE ( `username` = '12111111111' ) [ RunTime:0.000842s ]
[ 2011-09-11T10:50:19+08:00 ] ERR: (ThinkException) 非法操作regmoreinfo
[ 2011-09-11T11:59:08+08:00 ] NOTIC: [8] Undefined index: PATH_TRANSLATED  UploadAction.class.php 第 12 行.
[ 2011-09-11T11:59:33+08:00 ] NOTIC: [8] Undefined index: /Public  UploadAction.class.php 第 12 行.
[ 2011-09-11T11:59:34+08:00 ] NOTIC: [8] Undefined index: /Public  UploadAction.class.php 第 12 行.
[ 2011-09-11T12:00:02+08:00 ] NOTIC: [8] Undefined index: SCRIPT_FILENAME  UploadAction.class.php 第 12 行.
[ 2011-09-11T12:00:02+08:00 ] NOTIC: [8] Undefined index: SCRIPT_FILENAME  UploadAction.class.php 第 12 行.
[ 2011-09-11T12:00:02+08:00 ] NOTIC: [8] Undefined index: SCRIPT_FILENAME  UploadAction.class.php 第 12 行.
[ 2011-09-11T12:00:02+08:00 ] NOTIC: [8] Undefined index: SCRIPT_FILENAME  UploadAction.class.php 第 12 行.
[ 2011-09-11T12:00:03+08:00 ] NOTIC: [8] Undefined index: SCRIPT_FILENAME  UploadAction.class.php 第 12 行.
[ 2011-09-11T12:06:14+08:00 ] ERR: (ThinkException) 非法操作Upload
[ 2011-09-11T12:07:18+08:00 ] ERR: (ThinkException) 非法操作Upload
[ 2011-09-11T12:07:56+08:00 ] ERR: (ThinkException) 非法操作Upload
[ 2011-09-11T12:10:03+08:00 ] ERR: (ThinkException) 非法操作Upload
[ 2011-09-11T12:10:50+08:00 ] NOTIC: [2] move_uploaded_file() [<a href='function.move-uploaded-file'>function.move-uploaded-file</a>]: The second argument to copy() function cannot be a directory UploadAction.class.php 第 11 行.
[ 2011-09-11T12:10:50+08:00 ] NOTIC: [2] move_uploaded_file() [<a href='function.move-uploaded-file'>function.move-uploaded-file</a>]: Unable to move 'D:\wamp\tmp\php3E.tmp' to 'D:/kuaipei/kuaipei/Public/Upload' UploadAction.class.php 第 11 行.
[ 2011-09-11T12:11:23+08:00 ] NOTIC: [8] Undefined index: upload UploadAction.class.php 第 11 行.
[ 2011-09-11T12:11:49+08:00 ] NOTIC: [2] move_uploaded_file() [<a href='function.move-uploaded-file'>function.move-uploaded-file</a>]: The second argument to copy() function cannot be a directory UploadAction.class.php 第 11 行.
[ 2011-09-11T12:11:49+08:00 ] NOTIC: [2] move_uploaded_file() [<a href='function.move-uploaded-file'>function.move-uploaded-file</a>]: Unable to move 'D:\wamp\tmp\php3F.tmp' to 'D:/kuaipei/kuaipei/Public/Upload' UploadAction.class.php 第 11 行.
[ 2011-09-11T12:32:37+08:00 ] ERR: (ThinkException) 非法操作Upload
[ 2011-09-11T12:41:40+08:00 ] NOTIC: [8] Undefined variable: info UploadAction.class.php 第 21 行.
[ 2011-09-11T12:43:20+08:00 ] NOTIC: [8] Undefined variable: info UploadAction.class.php 第 21 行.
[ 2011-09-11T12:48:18+08:00 ] NOTIC: [8] Undefined variable: info UploadAction.class.php 第 21 行.
[ 2011-09-11T12:48:43+08:00 ] NOTIC: [8] Undefined variable: info UploadAction.class.php 第 21 行.
[ 2011-09-11T12:49:53+08:00 ] ERR: (ThinkException) 模板不存在[D:/kuaipei/kuaipei/Tpl/default/Public/success.html]
[ 2011-09-11T13:29:41+08:00 ] ERR: (ThinkException) 无法加载模块
[ 2011-09-11T13:29:41+08:00 ] ERR: (ThinkException) 无法加载模块
[ 2011-09-11T13:42:01+08:00 ] NOTIC: [8] Undefined offset: 1 UploadFile.class.php 第 166 行.
[ 2011-09-11T13:42:01+08:00 ] NOTIC: [8] Undefined offset: 1 UploadFile.class.php 第 166 行.
[ 2011-09-11T20:21:06+08:00 ] NOTIC: [2] preg_replace() [<a href='function.preg-replace'>function.preg-replace</a>]: Delimiter must not be alphanumeric or backslash UploadAction.class.php 第 35 行.
[ 2011-09-11T20:21:07+08:00 ] NOTIC: [2] preg_replace() [<a href='function.preg-replace'>function.preg-replace</a>]: Delimiter must not be alphanumeric or backslash UploadAction.class.php 第 35 行.
[ 2011-09-11T20:23:41+08:00 ] ERR: (ThinkException) 无法加载模块Public
[ 2011-09-11T20:45:57+08:00 ] NOTIC: [2] filemtime() [<a href='function.filemtime'>function.filemtime</a>]: stat failed for 4e6ca84cc7cd5.jpg UploadAction.class.php 第 39 行.
[ 2011-09-11T20:45:57+08:00 ] NOTIC: [2] unlink(4e6ca84cc7cd5.jpg) [<a href='function.unlink'>function.unlink</a>]: No such file or directory UploadAction.class.php 第 40 行.
[ 2011-09-11T20:45:57+08:00 ] NOTIC: [2] filemtime() [<a href='function.filemtime'>function.filemtime</a>]: stat failed for thumb_4e6ca84cc7cd5.jpg UploadAction.class.php 第 39 行.
[ 2011-09-11T20:45:57+08:00 ] NOTIC: [2] unlink(thumb_4e6ca84cc7cd5.jpg) [<a href='function.unlink'>function.unlink</a>]: No such file or directory UploadAction.class.php 第 40 行.
[ 2011-09-11T20:47:14+08:00 ] NOTIC: [2] filemtime() [<a href='function.filemtime'>function.filemtime</a>]: stat failed for 4e6ca84cc7cd5.jpg UploadAction.class.php 第 39 行.
[ 2011-09-11T20:47:14+08:00 ] NOTIC: [2] unlink(4e6ca84cc7cd5.jpg) [<a href='function.unlink'>function.unlink</a>]: No such file or directory UploadAction.class.php 第 40 行.
[ 2011-09-11T20:47:14+08:00 ] NOTIC: [2] filemtime() [<a href='function.filemtime'>function.filemtime</a>]: stat failed for thumb_4e6ca84cc7cd5.jpg UploadAction.class.php 第 39 行.
[ 2011-09-11T20:47:14+08:00 ] NOTIC: [2] unlink(thumb_4e6ca84cc7cd5.jpg) [<a href='function.unlink'>function.unlink</a>]: No such file or directory UploadAction.class.php 第 40 行.
[ 2011-09-11T20:50:10+08:00 ] NOTIC: [2] filemtime() [<a href='function.filemtime'>function.filemtime</a>]: stat failed for 4e6ca84cc7cd5.jpg UploadAction.class.php 第 39 行.
[ 2011-09-11T20:50:10+08:00 ] NOTIC: [2] filemtime() [<a href='function.filemtime'>function.filemtime</a>]: stat failed for thumb_4e6ca84cc7cd5.jpg UploadAction.class.php 第 39 行.
[ 2011-09-11T21:17:32+08:00 ] SQL: SHOW COLUMNS FROM `kp_user` [ RunTime:0.004883s ]
[ 2011-09-11T21:17:32+08:00 ] SQL: SELECT * FROM `kp_user` WHERE ( `id` = '2' ) LIMIT 1  [ RunTime:0.022269s ]
[ 2011-09-11T21:17:45+08:00 ] SQL: SHOW COLUMNS FROM `kp_user` [ RunTime:0.005055s ]
[ 2011-09-11T21:17:45+08:00 ] SQL: SELECT * FROM `kp_user` WHERE ( `id` = '2' ) LIMIT 1  [ RunTime:0.000903s ]
[ 2011-09-11T21:17:56+08:00 ] SQL: SHOW COLUMNS FROM `kp_user` [ RunTime:0.005206s ]
[ 2011-09-11T21:17:56+08:00 ] SQL: SELECT * FROM `kp_user` WHERE ( `id` = '2' ) LIMIT 1  [ RunTime:0.001003s ]
[ 2011-09-11T21:18:52+08:00 ] SQL: SHOW COLUMNS FROM `kp_user` [ RunTime:0.005110s ]
[ 2011-09-11T21:18:52+08:00 ] NOTIC: [8] Undefined index: id RegAction.class.php 第 34 行.
[ 2011-09-11T21:18:52+08:00 ] SQL: SELECT * FROM `kp_user` LIMIT 1  [ RunTime:0.000910s ]
[ 2011-09-11T21:18:54+08:00 ] SQL: SHOW COLUMNS FROM `kp_user` [ RunTime:0.004687s ]
[ 2011-09-11T21:18:54+08:00 ] NOTIC: [8] Undefined index: id RegAction.class.php 第 34 行.
[ 2011-09-11T21:18:54+08:00 ] SQL: SELECT * FROM `kp_user` LIMIT 1  [ RunTime:0.000853s ]
[ 2011-09-11T21:18:55+08:00 ] SQL: SHOW COLUMNS FROM `kp_user` [ RunTime:0.004809s ]
[ 2011-09-11T21:18:55+08:00 ] NOTIC: [8] Undefined index: id RegAction.class.php 第 34 行.
[ 2011-09-11T21:18:55+08:00 ] SQL: SELECT * FROM `kp_user` LIMIT 1  [ RunTime:0.000900s ]
[ 2011-09-11T21:27:52+08:00 ] SQL: SHOW COLUMNS FROM `kp_user` [ RunTime:0.007134s ]
[ 2011-09-11T21:27:52+08:00 ] SQL: SELECT * FROM `kp_user` WHERE ( `username` = '14111111111' ) [ RunTime:0.001277s ]
[ 2011-09-11T21:27:57+08:00 ] SQL: SHOW COLUMNS FROM `kp_user` [ RunTime:0.004535s ]
[ 2011-09-11T21:27:57+08:00 ] SQL: SELECT * FROM `kp_user` WHERE ( `username` = '15111111111' ) [ RunTime:0.000935s ]
[ 2011-09-11T21:28:02+08:00 ] SQL: SHOW COLUMNS FROM `kp_user` [ RunTime:0.005303s ]
[ 2011-09-11T21:28:02+08:00 ] SQL: SELECT * FROM `kp_user` WHERE ( `username` = '17111111111' ) [ RunTime:0.001206s ]
[ 2011-09-11T21:29:45+08:00 ] SQL: SHOW COLUMNS FROM `kp_user` [ RunTime:0.005712s ]
[ 2011-09-11T21:29:45+08:00 ] SQL: SELECT * FROM `kp_user` WHERE ( `username` = '18111111111' ) [ RunTime:0.001223s ]
[ 2011-09-11T21:31:18+08:00 ] SQL: SHOW COLUMNS FROM `kp_user` [ RunTime:0.006209s ]
[ 2011-09-11T21:31:18+08:00 ] SQL: SELECT * FROM `kp_user` WHERE ( `username` = '19111111111' ) [ RunTime:0.000986s ]
[ 2011-09-11T21:31:18+08:00 ] SQL: SHOW COLUMNS FROM `kp_user` [ RunTime:0.005205s ]
[ 2011-09-11T21:31:18+08:00 ] SQL: INSERT INTO `kp_user` (`username`,`password`,`email`,`regtype`,`inserttime`,`updatetime`) VALUES ('19111111111','111111','','1','2011-09-11 21:31:18','2011-09-11 21:31:18') [ RunTime:0.091028s ]
[ 2011-09-11T21:31:18+08:00 ] SQL: select last_insert_id() as last [ RunTime:0.000338s ]
[ 2011-09-11T21:31:18+08:00 ] SQL: select last_insert_id() as last [ RunTime:0.000252s ]
[ 2011-09-11T21:31:18+08:00 ] NOTIC: [8] Undefined variable: lastId RegAction.class.php 第 74 行.
[ 2011-09-11T21:31:19+08:00 ] SQL: SHOW COLUMNS FROM `kp_user` [ RunTime:0.004762s ]
[ 2011-09-11T21:31:19+08:00 ] SQL: SELECT * FROM `kp_user` WHERE ( `id` = '9' ) LIMIT 1  [ RunTime:0.000970s ]
[ 2011-09-11T21:31:25+08:00 ] SQL: SHOW COLUMNS FROM `kp_user` [ RunTime:0.005277s ]
[ 2011-09-11T21:31:25+08:00 ] SQL: SELECT * FROM `kp_user` WHERE ( `id` = '9' ) LIMIT 1  [ RunTime:0.000961s ]
[ 2011-09-11T21:33:56+08:00 ] ERR: (ThinkException) 模板不存在[D:/kuaipei/kuaipei/Tpl/default/Public/success.html]
[ 2011-09-11T21:34:28+08:00 ] SQL: SHOW COLUMNS FROM `kp_user` [ RunTime:0.004671s ]
[ 2011-09-11T21:34:28+08:00 ] SQL: SELECT * FROM `kp_user` WHERE ( `id` = '9' ) LIMIT 1  [ RunTime:0.001017s ]
[ 2011-09-11T21:34:30+08:00 ] SQL: SHOW COLUMNS FROM `kp_user` [ RunTime:0.004771s ]
[ 2011-09-11T21:34:30+08:00 ] SQL: SELECT * FROM `kp_user` WHERE ( `id` = '9' ) LIMIT 1  [ RunTime:0.000890s ]
[ 2011-09-11T21:38:51+08:00 ] ERR: (ThinkException) 模板不存在[D:/kuaipei/kuaipei/Tpl/default/Public/success.html]
[ 2011-09-11T21:38:58+08:00 ] ERR: (ThinkException) 模板不存在[D:/kuaipei/kuaipei/Tpl/default/Public/success.html]
[ 2011-09-11T21:39:12+08:00 ] ERR: (ThinkException) 模板不存在[D:/kuaipei/kuaipei/Tpl/default/Public/success.html]
[ 2011-09-11T21:39:14+08:00 ] ERR: (ThinkException) 模板不存在[D:/kuaipei/kuaipei/Tpl/default/Public/success.html]
[ 2011-09-11T21:39:14+08:00 ] ERR: (ThinkException) 模板不存在[D:/kuaipei/kuaipei/Tpl/default/Public/success.html]
[ 2011-09-11T21:39:15+08:00 ] ERR: (ThinkException) 模板不存在[D:/kuaipei/kuaipei/Tpl/default/Public/success.html]
[ 2011-09-11T21:39:16+08:00 ] ERR: (ThinkException) 模板不存在[D:/kuaipei/kuaipei/Tpl/default/Public/success.html]
[ 2011-09-11T21:39:17+08:00 ] ERR: (ThinkException) 模板不存在[D:/kuaipei/kuaipei/Tpl/default/Public/success.html]
[ 2011-09-11T21:39:17+08:00 ] ERR: (ThinkException) 模板不存在[D:/kuaipei/kuaipei/Tpl/default/Public/success.html]
[ 2011-09-11T21:39:18+08:00 ] ERR: (ThinkException) 模板不存在[D:/kuaipei/kuaipei/Tpl/default/Public/success.html]
[ 2011-09-11T21:39:19+08:00 ] ERR: (ThinkException) 模板不存在[D:/kuaipei/kuaipei/Tpl/default/Public/success.html]
[ 2011-09-11T21:39:19+08:00 ] ERR: (ThinkException) 模板不存在[D:/kuaipei/kuaipei/Tpl/default/Public/success.html]
[ 2011-09-11T21:39:20+08:00 ] ERR: (ThinkException) 模板不存在[D:/kuaipei/kuaipei/Tpl/default/Public/success.html]
[ 2011-09-11T21:39:21+08:00 ] ERR: (ThinkException) 模板不存在[D:/kuaipei/kuaipei/Tpl/default/Public/success.html]
[ 2011-09-11T21:41:28+08:00 ] ERR: (ThinkException) 模板不存在[D:/kuaipei/kuaipei/Tpl/default/Public/success.html]
[ 2011-09-11T21:41:50+08:00 ] ERR: (ThinkException) 模板不存在[D:/kuaipei/kuaipei/Tpl/default/Public/success.html]
[ 2011-09-11T21:41:51+08:00 ] ERR: (ThinkException) 模板不存在[D:/kuaipei/kuaipei/Tpl/default/Public/success.html]
[ 2011-09-11T21:41:51+08:00 ] ERR: (ThinkException) 模板不存在[D:/kuaipei/kuaipei/Tpl/default/Public/success.html]
[ 2011-09-11T21:41:51+08:00 ] ERR: (ThinkException) 模板不存在[D:/kuaipei/kuaipei/Tpl/default/Public/success.html]
[ 2011-09-11T21:41:52+08:00 ] ERR: (ThinkException) 模板不存在[D:/kuaipei/kuaipei/Tpl/default/Public/success.html]
[ 2011-09-11T21:41:52+08:00 ] ERR: (ThinkException) 模板不存在[D:/kuaipei/kuaipei/Tpl/default/Public/success.html]
[ 2011-09-11T21:41:52+08:00 ] ERR: (ThinkException) 模板不存在[D:/kuaipei/kuaipei/Tpl/default/Public/success.html]
[ 2011-09-11T21:41:52+08:00 ] ERR: (ThinkException) 模板不存在[D:/kuaipei/kuaipei/Tpl/default/Public/success.html]
[ 2011-09-11T21:41:53+08:00 ] ERR: (ThinkException) 模板不存在[D:/kuaipei/kuaipei/Tpl/default/Public/success.html]
[ 2011-09-11T21:41:53+08:00 ] ERR: (ThinkException) 模板不存在[D:/kuaipei/kuaipei/Tpl/default/Public/success.html]
[ 2011-09-11T21:41:53+08:00 ] ERR: (ThinkException) 模板不存在[D:/kuaipei/kuaipei/Tpl/default/Public/success.html]
[ 2011-09-11T21:41:53+08:00 ] ERR: (ThinkException) 模板不存在[D:/kuaipei/kuaipei/Tpl/default/Public/success.html]
[ 2011-09-11T21:41:53+08:00 ] ERR: (ThinkException) 模板不存在[D:/kuaipei/kuaipei/Tpl/default/Public/success.html]
[ 2011-09-11T21:41:53+08:00 ] ERR: (ThinkException) 模板不存在[D:/kuaipei/kuaipei/Tpl/default/Public/success.html]
[ 2011-09-11T21:42:13+08:00 ] ERR: (ThinkException) 模板不存在[D:/kuaipei/kuaipei/Tpl/default/Public/success.html]
[ 2011-09-11T21:42:14+08:00 ] ERR: (ThinkException) 模板不存在[D:/kuaipei/kuaipei/Tpl/default/Public/success.html]
[ 2011-09-11T21:42:14+08:00 ] ERR: (ThinkException) 模板不存在[D:/kuaipei/kuaipei/Tpl/default/Public/success.html]
[ 2011-09-11T21:42:14+08:00 ] ERR: (ThinkException) 模板不存在[D:/kuaipei/kuaipei/Tpl/default/Public/success.html]
[ 2011-09-11T21:42:14+08:00 ] ERR: (ThinkException) 模板不存在[D:/kuaipei/kuaipei/Tpl/default/Public/success.html]
[ 2011-09-11T21:42:15+08:00 ] ERR: (ThinkException) 模板不存在[D:/kuaipei/kuaipei/Tpl/default/Public/success.html]
[ 2011-09-11T21:42:15+08:00 ] ERR: (ThinkException) 模板不存在[D:/kuaipei/kuaipei/Tpl/default/Public/success.html]
[ 2011-09-11T21:42:15+08:00 ] ERR: (ThinkException) 模板不存在[D:/kuaipei/kuaipei/Tpl/default/Public/success.html]
[ 2011-09-11T21:42:15+08:00 ] ERR: (ThinkException) 模板不存在[D:/kuaipei/kuaipei/Tpl/default/Public/success.html]
[ 2011-09-11T21:42:16+08:00 ] ERR: (ThinkException) 模板不存在[D:/kuaipei/kuaipei/Tpl/default/Public/success.html]
[ 2011-09-11T21:42:16+08:00 ] ERR: (ThinkException) 模板不存在[D:/kuaipei/kuaipei/Tpl/default/Public/success.html]
[ 2011-09-11T21:42:16+08:00 ] ERR: (ThinkException) 模板不存在[D:/kuaipei/kuaipei/Tpl/default/Public/success.html]
[ 2011-09-11T21:45:33+08:00 ] ERR: (ThinkException) 模板不存在[D:/kuaipei/kuaipei/Tpl/default/Public/success.html]
[ 2011-09-11T21:47:12+08:00 ] NOTIC: [8] Undefined variable: info 4781ef22bfb77e7d728f9086eb101256.php 第 1 行.
[ 2011-09-11T21:52:04+08:00 ] SQL: SHOW COLUMNS FROM `kp_user` [ RunTime:0.005595s ]
[ 2011-09-11T21:52:04+08:00 ] SQL: SELECT * FROM `kp_user` WHERE ( `username` = 'nehnre@yahoo.com.cn' ) [ RunTime:0.001160s ]
[ 2011-09-11T21:52:08+08:00 ] SQL: SHOW COLUMNS FROM `kp_user` [ RunTime:0.005145s ]
[ 2011-09-11T21:52:08+08:00 ] SQL: SELECT * FROM `kp_user` WHERE ( `username` = 'nehnre@yahoo.com.cn' ) [ RunTime:0.001026s ]
[ 2011-09-11T21:52:18+08:00 ] SQL: SHOW COLUMNS FROM `kp_user` [ RunTime:0.006897s ]
[ 2011-09-11T21:52:18+08:00 ] SQL: SELECT * FROM `kp_user` WHERE ( `username` = 'nehnre@yahoo.com.cn' ) [ RunTime:0.001179s ]
[ 2011-09-11T21:52:18+08:00 ] SQL: SHOW COLUMNS FROM `kp_user` [ RunTime:0.004622s ]
[ 2011-09-11T21:52:18+08:00 ] SQL: INSERT INTO `kp_user` (`username`,`password`,`email`,`regtype`,`inserttime`,`updatetime`) VALUES ('nehnre@yahoo.com.cn','111111','','2','2011-09-11 21:52:18','2011-09-11 21:52:18') [ RunTime:0.054014s ]
[ 2011-09-11T21:52:18+08:00 ] SQL: select last_insert_id() as last [ RunTime:0.000316s ]
[ 2011-09-11T21:52:18+08:00 ] SQL: select last_insert_id() as last [ RunTime:0.000230s ]
[ 2011-09-11T21:52:18+08:00 ] NOTIC: [8] Undefined variable: lastId RegAction.class.php 第 80 行.
[ 2011-09-11T21:52:22+08:00 ] SQL: SHOW COLUMNS FROM `kp_user` [ RunTime:0.004572s ]
[ 2011-09-11T21:52:22+08:00 ] SQL: SELECT * FROM `kp_user` WHERE ( `id` = '10' ) LIMIT 1  [ RunTime:0.000906s ]
[ 2011-09-11T21:56:50+08:00 ] SQL: SHOW COLUMNS FROM `kp_user` [ RunTime:0.006404s ]
[ 2011-09-11T21:56:50+08:00 ] SQL: SELECT * FROM `kp_user` WHERE ( `id` = '10' ) LIMIT 1  [ RunTime:0.001123s ]
[ 2011-09-11T21:58:19+08:00 ] SQL: SHOW COLUMNS FROM `kp_user` [ RunTime:0.004768s ]
[ 2011-09-11T21:58:20+08:00 ] SQL: SELECT * FROM `kp_user` WHERE ( `id` = '10' ) LIMIT 1  [ RunTime:0.001220s ]
[ 2011-09-11T21:59:15+08:00 ] SQL: SHOW COLUMNS FROM `kp_user` [ RunTime:0.004733s ]
[ 2011-09-11T21:59:15+08:00 ] SQL: SELECT * FROM `kp_user` WHERE ( `id` = '10' ) LIMIT 1  [ RunTime:0.000903s ]
[ 2011-09-11T21:59:49+08:00 ] SQL: SHOW COLUMNS FROM `kp_user` [ RunTime:0.004933s ]
[ 2011-09-11T21:59:49+08:00 ] SQL: SELECT * FROM `kp_user` WHERE ( `id` = '10' ) LIMIT 1  [ RunTime:0.000903s ]
[ 2011-09-11T22:00:43+08:00 ] SQL: SHOW COLUMNS FROM `kp_user` [ RunTime:0.004573s ]
[ 2011-09-11T22:00:43+08:00 ] SQL: SELECT * FROM `kp_user` WHERE ( `id` = '10' ) LIMIT 1  [ RunTime:0.000904s ]
[ 2011-09-11T22:00:50+08:00 ] SQL: SHOW COLUMNS FROM `kp_user` [ RunTime:0.004523s ]
[ 2011-09-11T22:00:50+08:00 ] SQL: SELECT * FROM `kp_user` WHERE ( `id` = '10' ) LIMIT 1  [ RunTime:0.000904s ]
[ 2011-09-11T22:03:12+08:00 ] SQL: SHOW COLUMNS FROM `kp_user` [ RunTime:0.005145s ]
[ 2011-09-11T22:03:12+08:00 ] SQL: SELECT * FROM `kp_user` WHERE ( `id` = '10' ) LIMIT 1  [ RunTime:0.001013s ]
[ 2011-09-11T22:03:22+08:00 ] SQL: SHOW COLUMNS FROM `kp_user` [ RunTime:0.004581s ]
[ 2011-09-11T22:03:22+08:00 ] SQL: SELECT * FROM `kp_user` WHERE ( `id` = '10' ) LIMIT 1  [ RunTime:0.001112s ]
[ 2011-09-11T22:08:28+08:00 ] SQL: SHOW COLUMNS FROM `kp_user` [ RunTime:0.004686s ]
[ 2011-09-11T22:08:28+08:00 ] SQL: SELECT * FROM `kp_user` WHERE ( `id` = '10' ) LIMIT 1  [ RunTime:0.000982s ]
[ 2011-09-11T22:11:34+08:00 ] SQL: SHOW COLUMNS FROM `kp_user` [ RunTime:0.004903s ]
[ 2011-09-11T22:11:34+08:00 ] SQL: SELECT * FROM `kp_user` WHERE ( `id` = '10' ) LIMIT 1  [ RunTime:0.001156s ]
[ 2011-09-11T22:11:54+08:00 ] SQL: SHOW COLUMNS FROM `kp_user` [ RunTime:0.006118s ]
[ 2011-09-11T22:11:54+08:00 ] SQL: UPDATE `kp_user` SET `usertype1`='经销商',`usertype2`='代理',`truename`='10',`sex`='男',`profession`='1',`qq`='1',`msn`='1',`companyname`='1',`companyaddress`='1',`province`='北京',`postcode`='1',`businesstel`='1',`linkman`='1',`businessscope`='1',`companyscale`='1',`businesslicense`='thumb_4e6cc1a51ffdc.jpg',`addresspic`='thumb_4e6cc1a84d406.jpg',`updatetime`='2011-09-11 22:11:54' WHERE ( `id` = 1 ) [ RunTime:0.088554s ]
[ 2011-09-11T22:11:54+08:00 ] SQL: select last_insert_id() as last [ RunTime:0.000318s ]
[ 2011-09-11T22:11:54+08:00 ] SQL: select last_insert_id() as last [ RunTime:0.000392s ]
[ 2011-09-11T22:11:54+08:00 ] NOTIC: [8] Undefined variable: lastId RegAction.class.php 第 105 行.
[ 2011-09-11T22:14:30+08:00 ] SQL: SHOW COLUMNS FROM `kp_user` [ RunTime:0.004933s ]
[ 2011-09-11T22:14:30+08:00 ] SQL: SELECT * FROM `kp_user` WHERE ( `username` = '12222222222' ) [ RunTime:0.001399s ]
[ 2011-09-11T22:14:30+08:00 ] SQL: SHOW COLUMNS FROM `kp_user` [ RunTime:0.005091s ]
[ 2011-09-11T22:14:30+08:00 ] SQL: INSERT INTO `kp_user` (`username`,`password`,`email`,`regtype`,`inserttime`,`updatetime`) VALUES ('12222222222','111111','','1','2011-09-11 22:14:30','2011-09-11 22:14:30') [ RunTime:0.049472s ]
[ 2011-09-11T22:14:30+08:00 ] SQL: select last_insert_id() as last [ RunTime:0.000400s ]
[ 2011-09-11T22:14:30+08:00 ] SQL: select last_insert_id() as last [ RunTime:0.000246s ]
[ 2011-09-11T22:14:30+08:00 ] NOTIC: [8] Undefined variable: lastId RegAction.class.php 第 80 行.
[ 2011-09-11T22:14:44+08:00 ] SQL: SHOW COLUMNS FROM `kp_user` [ RunTime:0.004744s ]
[ 2011-09-11T22:14:44+08:00 ] SQL: SELECT * FROM `kp_user` WHERE ( `id` = '11' ) LIMIT 1  [ RunTime:0.000940s ]
[ 2011-09-11T22:15:11+08:00 ] SQL: SHOW COLUMNS FROM `kp_user` [ RunTime:0.005151s ]
[ 2011-09-11T22:15:11+08:00 ] SQL: UPDATE `kp_user` SET `usertype1`='经销商',`usertype2`='代理',`truename`='11',`sex`='男',`birthday`='1991-09-11',`profession`='1',`qq`='1',`msn`='1',`companyname`='1',`companyaddress`='1',`province`='北京',`postcode`='1',`businesstel`='1',`linkman`='1',`businessscope`='1',`companyscale`='1',`businesslicense`='thumb_4e6cc26a92c39.jpg',`addresspic`='thumb_4e6cc26dc6498.jpg',`updatetime`='2011-09-11 22:15:11' WHERE ( `id` = 1 ) [ RunTime:0.091968s ]
[ 2011-09-11T22:15:11+08:00 ] SQL: select last_insert_id() as last [ RunTime:0.000327s ]
[ 2011-09-11T22:15:11+08:00 ] SQL: select last_insert_id() as last [ RunTime:0.000285s ]
[ 2011-09-11T22:15:11+08:00 ] NOTIC: [8] Undefined variable: lastId RegAction.class.php 第 105 行.
[ 2011-09-11T22:16:09+08:00 ] SQL: SHOW COLUMNS FROM `kp_user` [ RunTime:0.010202s ]
[ 2011-09-11T22:16:09+08:00 ] SQL: UPDATE `kp_user` SET `usertype1`='经销商',`usertype2`='代理',`truename`='11',`sex`='男',`birthday`='1991-09-11',`profession`='1',`qq`='1',`msn`='1',`companyname`='1',`companyaddress`='1',`province`='北京',`postcode`='1',`businesstel`='1',`linkman`='1',`businessscope`='1',`companyscale`='1',`businesslicense`='thumb_4e6cc26a92c39.jpg',`addresspic`='thumb_4e6cc26dc6498.jpg',`updatetime`='2011-09-11 22:16:09' WHERE ( `id` = 1 ) [ RunTime:0.071634s ]
[ 2011-09-11T22:16:09+08:00 ] SQL: select last_insert_id() as last [ RunTime:0.000356s ]
[ 2011-09-11T22:16:09+08:00 ] SQL: select last_insert_id() as last [ RunTime:0.000220s ]
[ 2011-09-11T22:16:09+08:00 ] NOTIC: [8] Undefined variable: lastId RegAction.class.php 第 105 行.
[ 2011-09-11T22:17:16+08:00 ] SQL: SHOW COLUMNS FROM `kp_user` [ RunTime:0.005407s ]
[ 2011-09-11T22:17:16+08:00 ] SQL: UPDATE `kp_user` SET `usertype1`='经销商',`usertype2`='代理',`truename`='11',`sex`='男',`birthday`='1991-09-11',`profession`='1',`qq`='1',`msn`='1',`companyname`='1',`companyaddress`='1',`province`='北京',`postcode`='1',`businesstel`='1',`linkman`='1',`businessscope`='1',`companyscale`='1',`businesslicense`='thumb_4e6cc26a92c39.jpg',`addresspic`='thumb_4e6cc26dc6498.jpg',`updatetime`='2011-09-11 22:17:16' WHERE ( `id` = 1 ) [ RunTime:0.087903s ]
[ 2011-09-11T22:17:16+08:00 ] NOTIC: [8] Undefined variable: lastId RegAction.class.php 第 102 行.
[ 2011-09-11T22:23:30+08:00 ] SQL: SHOW COLUMNS FROM `kp_user` [ RunTime:0.004874s ]
[ 2011-09-11T22:23:30+08:00 ] NOTIC: [8] Undefined variable: user 75a36f2b3dc0db452d14b2532b115da3.php 第 67 行.
[ 2011-09-11T22:25:10+08:00 ] ERR: 0
[ 2011-09-11T22:25:10+08:00 ] SQL: SHOW COLUMNS FROM `kp_user` [ RunTime:0.004463s ]
[ 2011-09-11T22:25:10+08:00 ] NOTIC: [8] Undefined variable: user 75a36f2b3dc0db452d14b2532b115da3.php 第 67 行.
[ 2011-09-11T22:25:48+08:00 ] ERR: 0
[ 2011-09-11T22:25:48+08:00 ] SQL: SHOW COLUMNS FROM `kp_user` [ RunTime:0.004988s ]
[ 2011-09-11T22:25:48+08:00 ] NOTIC: [8] Undefined variable: user 75a36f2b3dc0db452d14b2532b115da3.php 第 67 行.
[ 2011-09-11T22:26:00+08:00 ] ERR: 0
[ 2011-09-11T22:26:00+08:00 ] SQL: SHOW COLUMNS FROM `kp_user` [ RunTime:0.004531s ]
[ 2011-09-11T22:26:00+08:00 ] NOTIC: [8] Undefined variable: user 75a36f2b3dc0db452d14b2532b115da3.php 第 67 行.
[ 2011-09-11T22:26:15+08:00 ] ERR: 0
[ 2011-09-11T22:26:15+08:00 ] SQL: SHOW COLUMNS FROM `kp_user` [ RunTime:0.005068s ]
[ 2011-09-11T22:26:15+08:00 ] NOTIC: [8] Undefined variable: user 75a36f2b3dc0db452d14b2532b115da3.php 第 67 行.
[ 2011-09-11T22:26:37+08:00 ] SQL: SHOW COLUMNS FROM `kp_user` [ RunTime:0.004582s ]
[ 2011-09-11T22:26:37+08:00 ] NOTIC: [8] Undefined variable: user 75a36f2b3dc0db452d14b2532b115da3.php 第 67 行.
[ 2011-09-11T22:27:35+08:00 ] SQL: SHOW COLUMNS FROM `kp_user` [ RunTime:0.004955s ]
[ 2011-09-11T22:27:35+08:00 ] SQL: SELECT * FROM `kp_user` WHERE ( `username` = '18922222222' ) [ RunTime:0.001218s ]
[ 2011-09-11T22:27:35+08:00 ] SQL: SHOW COLUMNS FROM `kp_user` [ RunTime:0.004835s ]
[ 2011-09-11T22:27:35+08:00 ] SQL: INSERT INTO `kp_user` (`username`,`password`,`email`,`regtype`,`inserttime`,`updatetime`) VALUES ('18922222222','111111','','1','2011-09-11 22:27:35','2011-09-11 22:27:35') [ RunTime:0.073635s ]
[ 2011-09-11T22:27:35+08:00 ] SQL: select last_insert_id() as last [ RunTime:0.000385s ]
[ 2011-09-11T22:27:35+08:00 ] SQL: select last_insert_id() as last [ RunTime:0.000252s ]
[ 2011-09-11T22:27:35+08:00 ] NOTIC: [8] Undefined variable: lastId RegAction.class.php 第 77 行.
[ 2011-09-11T22:27:37+08:00 ] NOTIC: [8] Undefined variable: user 75a36f2b3dc0db452d14b2532b115da3.php 第 67 行.
[ 2011-09-11T22:27:58+08:00 ] SQL: SHOW COLUMNS FROM `kp_user` [ RunTime:0.005280s ]
[ 2011-09-11T22:27:58+08:00 ] SQL: UPDATE `kp_user` SET `usertype1`='经销商',`usertype2`='代理',`truename`='1',`sex`='男',`birthday`='1991-09-11',`profession`='1',`qq`='1',`msn`='1',`companyname`='1',`companyaddress`='1',`province`='上海',`postcode`='1',`businesstel`='1',`linkman`='1',`businessscope`='1',`companyscale`='2',`businesslicense`='thumb_4e6cc56945a4e.jpg',`addresspic`='thumb_4e6cc56cb3c8b.jpg',`updatetime`='2011-09-11 22:27:58' WHERE ( `id` = '12' ) [ RunTime:0.111560s ]
[ 2011-09-11T22:27:58+08:00 ] NOTIC: [8] Undefined variable: lastId RegAction.class.php 第 99 行.
[ 2011-09-11T22:29:20+08:00 ] SQL: SHOW COLUMNS FROM `kp_user` [ RunTime:0.004936s ]
[ 2011-09-11T22:29:20+08:00 ] SQL: UPDATE `kp_user` SET `usertype1`='经销商',`usertype2`='代理',`truename`='1',`sex`='女',`birthday`='1991-09-11',`profession`='1',`qq`='1',`msn`='1',`companyname`='1',`companyaddress`='1',`province`='上海',`postcode`='1',`businesstel`='1',`linkman`='1',`businessscope`='1',`companyscale`='2',`businesslicense`='thumb_4e6cc56945a4e.jpg',`addresspic`='thumb_4e6cc56cb3c8b.jpg',`updatetime`='2011-09-11 22:29:20' WHERE ( `id` = '12' ) [ RunTime:0.093702s ]
[ 2011-09-11T22:29:20+08:00 ] NOTIC: [8] Undefined variable: lastId RegAction.class.php 第 99 行.
[ 2011-09-11T22:29:34+08:00 ] SQL: SHOW COLUMNS FROM `kp_user` [ RunTime:0.004967s ]
[ 2011-09-11T22:29:34+08:00 ] SQL: UPDATE `kp_user` SET `usertype1`='经销商',`usertype2`='代理',`truename`='1',`sex`='女',`birthday`='1991-09-11',`profession`='1',`qq`='QQ',`msn`='1',`companyname`='1',`companyaddress`='1',`province`='上海',`postcode`='1',`businesstel`='1',`linkman`='1',`businessscope`='1',`companyscale`='2',`businesslicense`='thumb_4e6cc56945a4e.jpg',`addresspic`='thumb_4e6cc56cb3c8b.jpg',`updatetime`='2011-09-11 22:29:34' WHERE ( `id` = '12' ) [ RunTime:0.075422s ]
[ 2011-09-11T22:29:34+08:00 ] NOTIC: [8] Undefined variable: lastId RegAction.class.php 第 99 行.
[ 2011-09-11T22:31:08+08:00 ] NOTIC: [8] Undefined variable: user 75a36f2b3dc0db452d14b2532b115da3.php 第 67 行.
[ 2011-09-11T22:31:27+08:00 ] SQL: SHOW COLUMNS FROM `kp_user` [ RunTime:0.005434s ]
[ 2011-09-11T22:31:27+08:00 ] SQL: UPDATE `kp_user` SET `usertype1`='经销商',`usertype2`='代理',`truename`='1',`sex`='1',`birthday`='1991-09-11',`profession`='1',`qq`='1',`msn`='1',`companyname`='1',`companyaddress`='1',`province`='北京',`postcode`='1',`businesstel`='1',`linkman`='1',`businessscope`='1',`companyscale`='1',`businesslicense`='thumb_4e6cc63a8a858.jpg',`addresspic`='thumb_4e6cc63ddb754.jpg',`updatetime`='2011-09-11 22:31:27' WHERE ( `id` = '12' ) [ RunTime:0.056823s ]
[ 2011-09-11T22:31:27+08:00 ] NOTIC: [8] Undefined variable: lastId RegAction.class.php 第 99 行.
[ 2011-09-11T22:31:48+08:00 ] SQL: SHOW COLUMNS FROM `kp_user` [ RunTime:0.005721s ]
[ 2011-09-11T22:31:48+08:00 ] SQL: UPDATE `kp_user` SET `usertype1`='经销商',`usertype2`='代理',`truename`='1',`sex`='2',`birthday`='1991-09-11',`profession`='1',`qq`='1',`msn`='1',`companyname`='1',`companyaddress`='1',`province`='北京',`postcode`='1',`businesstel`='1',`linkman`='1',`businessscope`='1',`companyscale`='1',`businesslicense`='thumb_4e6cc63a8a858.jpg',`addresspic`='thumb_4e6cc63ddb754.jpg',`updatetime`='2011-09-11 22:31:48' WHERE ( `id` = '12' ) [ RunTime:0.121042s ]
[ 2011-09-11T22:31:48+08:00 ] NOTIC: [8] Undefined variable: lastId RegAction.class.php 第 99 行.
[ 2011-09-11T22:37:54+08:00 ] SQL: SHOW COLUMNS FROM `kp_user` [ RunTime:0.005982s ]
[ 2011-09-11T22:37:54+08:00 ] SQL: SELECT * FROM `kp_user` WHERE ( `username` = 'nehnre@yahoo.com.cn' ) [ RunTime:0.001539s ]
[ 2011-09-11T22:38:02+08:00 ] SQL: SHOW COLUMNS FROM `kp_user` [ RunTime:0.005911s ]
[ 2011-09-11T22:38:02+08:00 ] SQL: SELECT * FROM `kp_user` WHERE ( `username` = 'nehnre1@yahoo.com.cn' ) [ RunTime:0.001185s ]
[ 2011-09-11T22:38:02+08:00 ] SQL: SHOW COLUMNS FROM `kp_user` [ RunTime:0.005031s ]
[ 2011-09-11T22:38:02+08:00 ] SQL: INSERT INTO `kp_user` (`username`,`password`,`email`,`regtype`,`inserttime`,`updatetime`) VALUES ('nehnre1@yahoo.com.cn','111111','','2','2011-09-11 22:38:02','2011-09-11 22:38:02') [ RunTime:0.067497s ]
[ 2011-09-11T22:38:02+08:00 ] SQL: select last_insert_id() as last [ RunTime:0.000318s ]
[ 2011-09-11T22:38:02+08:00 ] SQL: select last_insert_id() as last [ RunTime:0.000230s ]
[ 2011-09-11T22:38:04+08:00 ] NOTIC: [8] Undefined variable: user 75a36f2b3dc0db452d14b2532b115da3.php 第 67 行.
[ 2011-09-11T22:39:04+08:00 ] NOTIC: [8] Undefined variable: user 75a36f2b3dc0db452d14b2532b115da3.php 第 67 行.
[ 2011-09-11T22:39:15+08:00 ] NOTIC: [8] Undefined variable: user 75a36f2b3dc0db452d14b2532b115da3.php 第 67 行.
[ 2011-09-11T22:39:19+08:00 ] NOTIC: [8] Undefined variable: user 75a36f2b3dc0db452d14b2532b115da3.php 第 67 行.
[ 2011-09-11T22:39:21+08:00 ] NOTIC: [8] Undefined variable: user 75a36f2b3dc0db452d14b2532b115da3.php 第 67 行.
[ 2011-09-11T22:39:47+08:00 ] SQL: SHOW COLUMNS FROM `kp_user` [ RunTime:0.007860s ]
[ 2011-09-11T22:39:47+08:00 ] SQL: UPDATE `kp_user` SET `usertype1`='经销商',`usertype2`='代理',`truename`='聂红雷',`sex`='1',`birthday`='1991-09-11',`profession`='111',`qq`='1',`msn`='1',`companyname`='1',`companyaddress`='1',`province`='北京',`postcode`='1',`businesstel`='1',`linkman`='1',`businessscope`='1',`companyscale`='1',`businesslicense`='thumb_4e6cc82d2fa92.jpg',`addresspic`='thumb_4e6cc8318c9f5.jpg',`updatetime`='2011-09-11 22:39:47' WHERE ( `id` = '13' ) [ RunTime:0.063302s ]
[ 2011-09-11T22:56:14+08:00 ] SQL: SHOW COLUMNS FROM `kp_user` [ RunTime:0.010830s ]
[ 2011-09-11T22:56:14+08:00 ] SQL: SELECT * FROM `kp_user` WHERE ( `username` = 'nehnre2@yahoo.com' ) [ RunTime:0.002364s ]
[ 2011-09-11T22:56:14+08:00 ] SQL: SHOW COLUMNS FROM `kp_user` [ RunTime:0.004565s ]
[ 2011-09-11T22:56:14+08:00 ] SQL: INSERT INTO `kp_user` (`username`,`password`,`email`,`regtype`,`inserttime`,`updatetime`) VALUES ('nehnre2@yahoo.com','111111','','2','2011-09-11 22:56:14','2011-09-11 22:56:14') [ RunTime:0.055505s ]
[ 2011-09-11T22:56:14+08:00 ] SQL: select last_insert_id() as last [ RunTime:0.000371s ]
[ 2011-09-11T22:56:14+08:00 ] SQL: select last_insert_id() as last [ RunTime:0.000244s ]
[ 2011-09-11T22:56:16+08:00 ] NOTIC: [8] Undefined variable: user 75a36f2b3dc0db452d14b2532b115da3.php 第 67 行.
[ 2011-09-11T22:56:36+08:00 ] SQL: SHOW COLUMNS FROM `kp_user` [ RunTime:0.006054s ]
[ 2011-09-11T22:56:36+08:00 ] SQL: UPDATE `kp_user` SET `usertype1`='经销商',`usertype2`='代理',`truename`='1',`sex`='1',`birthday`='1991-09-11',`profession`='1',`qq`='1',`msn`='1',`companyname`='1',`companyaddress`='1',`province`='北京',`postcode`='1',`businesstel`='1',`linkman`='1',`businessscope`='1',`companyscale`='1',`businesslicense`='thumb_4e6ccc1e66fc8.jpg',`addresspic`='thumb_4e6ccc221742f.jpg',`updatetime`='2011-09-11 22:56:36' WHERE ( `id` = '14' ) [ RunTime:0.078289s ]
[ 2011-09-11T22:56:36+08:00 ] NOTIC: [2] Missing argument 1 for RegAction::moveFile(), called in D:\kuaipei\kuaipei\Lib\Action\RegAction.class.php on line 105 and defined RegAction.class.php 第 136 行.
[ 2011-09-11T22:56:36+08:00 ] NOTIC: [8] Undefined variable: filename RegAction.class.php 第 141 行.
[ 2011-09-11T22:56:36+08:00 ] NOTIC: [8] Undefined variable: filename RegAction.class.php 第 141 行.
[ 2011-09-11T22:56:36+08:00 ] NOTIC: [2] copy() [<a href='function.copy'>function.copy</a>]: The first argument to copy() function cannot be a directory RegAction.class.php 第 141 行.
[ 2011-09-11T22:56:36+08:00 ] NOTIC: [2] filemtime() [<a href='function.filemtime'>function.filemtime</a>]: stat failed for 4e6cbf160ce4c.jpg RegAction.class.php 第 127 行.
[ 2011-09-11T22:56:36+08:00 ] NOTIC: [2] filemtime() [<a href='function.filemtime'>function.filemtime</a>]: stat failed for 4e6cbf192f082.jpg RegAction.class.php 第 127 行.
[ 2011-09-11T22:56:36+08:00 ] NOTIC: [2] filemtime() [<a href='function.filemtime'>function.filemtime</a>]: stat failed for 4e6cbf1bee06a.jpg RegAction.class.php 第 127 行.
[ 2011-09-11T22:56:36+08:00 ] NOTIC: [2] filemtime() [<a href='function.filemtime'>function.filemtime</a>]: stat failed for 4e6cbfa60c904.jpg RegAction.class.php 第 127 行.
[ 2011-09-11T22:56:36+08:00 ] NOTIC: [2] filemtime() [<a href='function.filemtime'>function.filemtime</a>]: stat failed for 4e6cbfad46543.jpg RegAction.class.php 第 127 行.
[ 2011-09-11T22:56:36+08:00 ] NOTIC: [2] filemtime() [<a href='function.filemtime'>function.filemtime</a>]: stat failed for 4e6cbfb0872fd.jpg RegAction.class.php 第 127 行.
[ 2011-09-11T22:56:36+08:00 ] NOTIC: [2] filemtime() [<a href='function.filemtime'>function.filemtime</a>]: stat failed for 4e6cc1089e4fc.jpg RegAction.class.php 第 127 行.
[ 2011-09-11T22:56:36+08:00 ] NOTIC: [2] filemtime() [<a href='function.filemtime'>function.filemtime</a>]: stat failed for 4e6cc10ccfa10.jpg RegAction.class.php 第 127 行.
[ 2011-09-11T22:56:36+08:00 ] NOTIC: [2] filemtime() [<a href='function.filemtime'>function.filemtime</a>]: stat failed for 4e6cc1a51ffdc.jpg RegAction.class.php 第 127 行.
[ 2011-09-11T22:56:36+08:00 ] NOTIC: [2] filemtime() [<a href='function.filemtime'>function.filemtime</a>]: stat failed for 4e6cc1a84d406.jpg RegAction.class.php 第 127 行.
[ 2011-09-11T22:56:36+08:00 ] NOTIC: [2] filemtime() [<a href='function.filemtime'>function.filemtime</a>]: stat failed for 4e6cc26a92c39.jpg RegAction.class.php 第 127 行.
[ 2011-09-11T22:56:36+08:00 ] NOTIC: [2] filemtime() [<a href='function.filemtime'>function.filemtime</a>]: stat failed for 4e6cc26dc6498.jpg RegAction.class.php 第 127 行.
[ 2011-09-11T22:56:36+08:00 ] NOTIC: [2] filemtime() [<a href='function.filemtime'>function.filemtime</a>]: stat failed for 4e6cc56945a4e.jpg RegAction.class.php 第 127 行.
[ 2011-09-11T22:56:36+08:00 ] NOTIC: [2] filemtime() [<a href='function.filemtime'>function.filemtime</a>]: stat failed for 4e6cc56cb3c8b.jpg RegAction.class.php 第 127 行.
[ 2011-09-11T22:56:36+08:00 ] NOTIC: [2] filemtime() [<a href='function.filemtime'>function.filemtime</a>]: stat failed for 4e6cc63a8a858.jpg RegAction.class.php 第 127 行.
[ 2011-09-11T22:56:36+08:00 ] NOTIC: [2] filemtime() [<a href='function.filemtime'>function.filemtime</a>]: stat failed for 4e6cc63ddb754.jpg RegAction.class.php 第 127 行.
[ 2011-09-11T22:56:36+08:00 ] NOTIC: [2] filemtime() [<a href='function.filemtime'>function.filemtime</a>]: stat failed for 4e6cc7efa18c9.jpg RegAction.class.php 第 127 行.
[ 2011-09-11T22:56:36+08:00 ] NOTIC: [2] filemtime() [<a href='function.filemtime'>function.filemtime</a>]: stat failed for 4e6cc7f36b098.jpg RegAction.class.php 第 127 行.
[ 2011-09-11T22:56:36+08:00 ] NOTIC: [2] filemtime() [<a href='function.filemtime'>function.filemtime</a>]: stat failed for 4e6cc82d2fa92.jpg RegAction.class.php 第 127 行.
[ 2011-09-11T22:56:36+08:00 ] NOTIC: [2] filemtime() [<a href='function.filemtime'>function.filemtime</a>]: stat failed for 4e6cc8318c9f5.jpg RegAction.class.php 第 127 行.
[ 2011-09-11T22:56:36+08:00 ] NOTIC: [2] filemtime() [<a href='function.filemtime'>function.filemtime</a>]: stat failed for 4e6ccc1e66fc8.jpg RegAction.class.php 第 127 行.
[ 2011-09-11T22:56:36+08:00 ] NOTIC: [2] filemtime() [<a href='function.filemtime'>function.filemtime</a>]: stat failed for 4e6ccc221742f.jpg RegAction.class.php 第 127 行.
[ 2011-09-11T22:56:36+08:00 ] NOTIC: [2] filemtime() [<a href='function.filemtime'>function.filemtime</a>]: stat failed for thumb_4e6cbf160ce4c.jpg RegAction.class.php 第 127 行.
[ 2011-09-11T22:56:36+08:00 ] NOTIC: [2] filemtime() [<a href='function.filemtime'>function.filemtime</a>]: stat failed for thumb_4e6cbf192f082.jpg RegAction.class.php 第 127 行.
[ 2011-09-11T22:56:36+08:00 ] NOTIC: [2] filemtime() [<a href='function.filemtime'>function.filemtime</a>]: stat failed for thumb_4e6cbf1bee06a.jpg RegAction.class.php 第 127 行.
[ 2011-09-11T22:56:36+08:00 ] NOTIC: [2] filemtime() [<a href='function.filemtime'>function.filemtime</a>]: stat failed for thumb_4e6cbfa60c904.jpg RegAction.class.php 第 127 行.
[ 2011-09-11T22:56:36+08:00 ] NOTIC: [2] filemtime() [<a href='function.filemtime'>function.filemtime</a>]: stat failed for thumb_4e6cbfad46543.jpg RegAction.class.php 第 127 行.
[ 2011-09-11T22:56:36+08:00 ] NOTIC: [2] filemtime() [<a href='function.filemtime'>function.filemtime</a>]: stat failed for thumb_4e6cbfb0872fd.jpg RegAction.class.php 第 127 行.
[ 2011-09-11T22:56:36+08:00 ] NOTIC: [2] filemtime() [<a href='function.filemtime'>function.filemtime</a>]: stat failed for thumb_4e6cc1089e4fc.jpg RegAction.class.php 第 127 行.
[ 2011-09-11T22:56:36+08:00 ] NOTIC: [2] filemtime() [<a href='function.filemtime'>function.filemtime</a>]: stat failed for thumb_4e6cc10ccfa10.jpg RegAction.class.php 第 127 行.
[ 2011-09-11T22:56:36+08:00 ] NOTIC: [2] filemtime() [<a href='function.filemtime'>function.filemtime</a>]: stat failed for thumb_4e6cc1a51ffdc.jpg RegAction.class.php 第 127 行.
[ 2011-09-11T22:56:36+08:00 ] NOTIC: [2] filemtime() [<a href='function.filemtime'>function.filemtime</a>]: stat failed for thumb_4e6cc1a84d406.jpg RegAction.class.php 第 127 行.
[ 2011-09-11T22:56:36+08:00 ] NOTIC: [2] filemtime() [<a href='function.filemtime'>function.filemtime</a>]: stat failed for thumb_4e6cc26a92c39.jpg RegAction.class.php 第 127 行.
[ 2011-09-11T22:56:36+08:00 ] NOTIC: [2] filemtime() [<a href='function.filemtime'>function.filemtime</a>]: stat failed for thumb_4e6cc26dc6498.jpg RegAction.class.php 第 127 行.
[ 2011-09-11T22:56:36+08:00 ] NOTIC: [2] filemtime() [<a href='function.filemtime'>function.filemtime</a>]: stat failed for thumb_4e6cc56945a4e.jpg RegAction.class.php 第 127 行.
[ 2011-09-11T22:56:36+08:00 ] NOTIC: [2] filemtime() [<a href='function.filemtime'>function.filemtime</a>]: stat failed for thumb_4e6cc56cb3c8b.jpg RegAction.class.php 第 127 行.
[ 2011-09-11T22:56:36+08:00 ] NOTIC: [2] filemtime() [<a href='function.filemtime'>function.filemtime</a>]: stat failed for thumb_4e6cc63a8a858.jpg RegAction.class.php 第 127 行.
[ 2011-09-11T22:56:36+08:00 ] NOTIC: [2] filemtime() [<a href='function.filemtime'>function.filemtime</a>]: stat failed for thumb_4e6cc63ddb754.jpg RegAction.class.php 第 127 行.
[ 2011-09-11T22:56:36+08:00 ] NOTIC: [2] filemtime() [<a href='function.filemtime'>function.filemtime</a>]: stat failed for thumb_4e6cc7efa18c9.jpg RegAction.class.php 第 127 行.
[ 2011-09-11T22:56:36+08:00 ] NOTIC: [2] filemtime() [<a href='function.filemtime'>function.filemtime</a>]: stat failed for thumb_4e6cc7f36b098.jpg RegAction.class.php 第 127 行.
[ 2011-09-11T22:56:36+08:00 ] NOTIC: [2] filemtime() [<a href='function.filemtime'>function.filemtime</a>]: stat failed for thumb_4e6cc82d2fa92.jpg RegAction.class.php 第 127 行.
[ 2011-09-11T22:56:36+08:00 ] NOTIC: [2] filemtime() [<a href='function.filemtime'>function.filemtime</a>]: stat failed for thumb_4e6cc8318c9f5.jpg RegAction.class.php 第 127 行.
[ 2011-09-11T22:56:36+08:00 ] NOTIC: [2] filemtime() [<a href='function.filemtime'>function.filemtime</a>]: stat failed for thumb_4e6ccc1e66fc8.jpg RegAction.class.php 第 127 行.
[ 2011-09-11T22:56:36+08:00 ] NOTIC: [2] filemtime() [<a href='function.filemtime'>function.filemtime</a>]: stat failed for thumb_4e6ccc221742f.jpg RegAction.class.php 第 127 行.
[ 2011-09-11T22:57:49+08:00 ] SQL: SHOW COLUMNS FROM `kp_user` [ RunTime:0.005942s ]
[ 2011-09-11T22:57:49+08:00 ] SQL: SELECT * FROM `kp_user` WHERE ( `username` = 'nehnre2@yahoo.com' ) [ RunTime:0.003130s ]
[ 2011-09-11T22:57:54+08:00 ] SQL: SHOW COLUMNS FROM `kp_user` [ RunTime:0.005817s ]
[ 2011-09-11T22:57:54+08:00 ] SQL: SELECT * FROM `kp_user` WHERE ( `username` = 'nehnre3@yahoo.com' ) [ RunTime:0.001062s ]
[ 2011-09-11T22:57:54+08:00 ] SQL: SHOW COLUMNS FROM `kp_user` [ RunTime:0.004909s ]
[ 2011-09-11T22:57:54+08:00 ] SQL: INSERT INTO `kp_user` (`username`,`password`,`email`,`regtype`,`inserttime`,`updatetime`) VALUES ('nehnre3@yahoo.com','111111','','2','2011-09-11 22:57:54','2011-09-11 22:57:54') [ RunTime:0.050497s ]
[ 2011-09-11T22:57:54+08:00 ] SQL: select last_insert_id() as last [ RunTime:0.000339s ]
[ 2011-09-11T22:57:54+08:00 ] SQL: select last_insert_id() as last [ RunTime:0.000242s ]
[ 2011-09-11T22:57:57+08:00 ] NOTIC: [8] Undefined variable: user 75a36f2b3dc0db452d14b2532b115da3.php 第 67 行.
[ 2011-09-11T22:58:19+08:00 ] SQL: SHOW COLUMNS FROM `kp_user` [ RunTime:0.007692s ]
[ 2011-09-11T22:58:19+08:00 ] SQL: UPDATE `kp_user` SET `usertype1`='经销商',`usertype2`='代理',`truename`='',`sex`='1',`birthday`='',`profession`='',`qq`='',`msn`='',`companyname`='',`companyaddress`='',`province`='北京',`postcode`='',`businesstel`='',`linkman`='',`businessscope`='',`companyscale`='1',`businesslicense`='thumb_4e6ccc7ad9cc8.jpg',`addresspic`='',`updatetime`='2011-09-11 22:58:19' WHERE ( `id` = '15' ) [ RunTime:0.067819s ]
[ 2011-09-11T22:58:19+08:00 ] NOTIC: [2] Missing argument 1 for RegAction::moveFile(), called in D:\kuaipei\kuaipei\Lib\Action\RegAction.class.php on line 105 and defined RegAction.class.php 第 136 行.
[ 2011-09-11T22:58:19+08:00 ] NOTIC: [8] Undefined variable: filename RegAction.class.php 第 141 行.
[ 2011-09-11T22:58:19+08:00 ] NOTIC: [8] Undefined variable: filename RegAction.class.php 第 141 行.
[ 2011-09-11T22:58:19+08:00 ] NOTIC: [2] copy() [<a href='function.copy'>function.copy</a>]: The first argument to copy() function cannot be a directory RegAction.class.php 第 141 行.
[ 2011-09-11T22:58:19+08:00 ] NOTIC: [2] filemtime() [<a href='function.filemtime'>function.filemtime</a>]: stat failed for 4e6ccc7ad9cc8.jpg RegAction.class.php 第 127 行.
[ 2011-09-11T22:58:19+08:00 ] NOTIC: [2] filemtime() [<a href='function.filemtime'>function.filemtime</a>]: stat failed for thumb_4e6ccc7ad9cc8.jpg RegAction.class.php 第 127 行.
[ 2011-09-11T22:59:36+08:00 ] SQL: SHOW COLUMNS FROM `kp_user` [ RunTime:0.005597s ]
[ 2011-09-11T22:59:36+08:00 ] SQL: SELECT * FROM `kp_user` WHERE ( `username` = 'nehnre4@yaoo.com' ) [ RunTime:0.002774s ]
[ 2011-09-11T22:59:36+08:00 ] SQL: SHOW COLUMNS FROM `kp_user` [ RunTime:0.005410s ]
[ 2011-09-11T22:59:36+08:00 ] SQL: INSERT INTO `kp_user` (`username`,`password`,`email`,`regtype`,`inserttime`,`updatetime`) VALUES ('nehnre4@yaoo.com','111111','','2','2011-09-11 22:59:36','2011-09-11 22:59:36') [ RunTime:0.062188s ]
[ 2011-09-11T22:59:36+08:00 ] SQL: select last_insert_id() as last [ RunTime:0.000314s ]
[ 2011-09-11T22:59:36+08:00 ] SQL: select last_insert_id() as last [ RunTime:0.000225s ]
[ 2011-09-11T22:59:38+08:00 ] NOTIC: [8] Undefined variable: user 75a36f2b3dc0db452d14b2532b115da3.php 第 67 行.
[ 2011-09-11T22:59:43+08:00 ] SQL: SHOW COLUMNS FROM `kp_user` [ RunTime:0.005468s ]
[ 2011-09-11T22:59:43+08:00 ] SQL: UPDATE `kp_user` SET `usertype1`='经销商',`usertype2`='代理',`truename`='',`sex`='1',`birthday`='',`profession`='',`qq`='',`msn`='',`companyname`='',`companyaddress`='',`province`='北京',`postcode`='',`businesstel`='',`linkman`='',`businessscope`='',`companyscale`='1',`businesslicense`='thumb_4e6cccdd1c14d.jpg',`addresspic`='',`updatetime`='2011-09-11 22:59:43' WHERE ( `id` = '16' ) [ RunTime:0.055473s ]
[ 2011-09-11T22:59:43+08:00 ] NOTIC: [2] Missing argument 1 for RegAction::moveFile(), called in D:\kuaipei\kuaipei\Lib\Action\RegAction.class.php on line 105 and defined RegAction.class.php 第 134 行.
[ 2011-09-11T22:59:43+08:00 ] NOTIC: [8] Undefined variable: filename RegAction.class.php 第 139 行.
[ 2011-09-11T22:59:43+08:00 ] NOTIC: [8] Undefined variable: filename RegAction.class.php 第 139 行.
[ 2011-09-11T22:59:43+08:00 ] NOTIC: [2] copy() [<a href='function.copy'>function.copy</a>]: The first argument to copy() function cannot be a directory RegAction.class.php 第 139 行.
[ 2011-09-11T22:59:43+08:00 ] NOTIC: [2] filemtime() [<a href='function.filemtime'>function.filemtime</a>]: stat failed for 4e6cccdd1c14d.jpg RegAction.class.php 第 127 行.
[ 2011-09-11T22:59:43+08:00 ] NOTIC: [2] filemtime() [<a href='function.filemtime'>function.filemtime</a>]: stat failed for thumb_4e6cccdd1c14d.jpg RegAction.class.php 第 127 行.
[ 2011-09-11T23:01:21+08:00 ] SQL: SHOW COLUMNS FROM `kp_user` [ RunTime:0.006487s ]
[ 2011-09-11T23:01:21+08:00 ] SQL: SELECT * FROM `kp_user` WHERE ( `username` = 'nehnre7@yahoo.com' ) [ RunTime:0.005621s ]
[ 2011-09-11T23:01:21+08:00 ] SQL: SHOW COLUMNS FROM `kp_user` [ RunTime:0.004644s ]
[ 2011-09-11T23:01:21+08:00 ] SQL: INSERT INTO `kp_user` (`username`,`password`,`email`,`regtype`,`inserttime`,`updatetime`) VALUES ('nehnre7@yahoo.com','111111','','2','2011-09-11 23:01:21','2011-09-11 23:01:21') [ RunTime:0.065826s ]
[ 2011-09-11T23:01:21+08:00 ] SQL: select last_insert_id() as last [ RunTime:0.000352s ]
[ 2011-09-11T23:01:21+08:00 ] SQL: select last_insert_id() as last [ RunTime:0.000241s ]
[ 2011-09-11T23:01:22+08:00 ] NOTIC: [8] Undefined variable: user 75a36f2b3dc0db452d14b2532b115da3.php 第 67 行.
[ 2011-09-11T23:01:29+08:00 ] SQL: SHOW COLUMNS FROM `kp_user` [ RunTime:0.006781s ]
[ 2011-09-11T23:01:29+08:00 ] SQL: UPDATE `kp_user` SET `usertype1`='经销商',`usertype2`='代理',`truename`='',`sex`='1',`birthday`='',`profession`='',`qq`='',`msn`='',`companyname`='',`companyaddress`='',`province`='北京',`postcode`='',`businesstel`='',`linkman`='',`businessscope`='',`companyscale`='1',`businesslicense`='thumb_4e6ccd46beb2f.jpg',`addresspic`='',`updatetime`='2011-09-11 23:01:29' WHERE ( `id` = '17' ) [ RunTime:0.229930s ]
[ 2011-09-11T23:01:29+08:00 ] NOTIC: [2] copy() [<a href='function.copy'>function.copy</a>]: The first argument to copy() function cannot be a directory RegAction.class.php 第 140 行.
[ 2011-09-11T23:01:29+08:00 ] NOTIC: [2] filemtime() [<a href='function.filemtime'>function.filemtime</a>]: stat failed for 4e6ccd46beb2f.jpg RegAction.class.php 第 128 行.
[ 2011-09-11T23:01:29+08:00 ] NOTIC: [2] filemtime() [<a href='function.filemtime'>function.filemtime</a>]: stat failed for thumb_4e6ccd46beb2f.jpg RegAction.class.php 第 128 行.
[ 2011-09-11T23:01:49+08:00 ] NOTIC: [8] Undefined variable: user 75a36f2b3dc0db452d14b2532b115da3.php 第 67 行.
[ 2011-09-11T23:01:55+08:00 ] SQL: SHOW COLUMNS FROM `kp_user` [ RunTime:0.005403s ]
[ 2011-09-11T23:01:55+08:00 ] SQL: UPDATE `kp_user` SET `usertype1`='经销商',`usertype2`='代理',`truename`='',`sex`='1',`birthday`='',`profession`='',`qq`='',`msn`='',`companyname`='',`companyaddress`='',`province`='北京',`postcode`='',`businesstel`='',`linkman`='',`businessscope`='',`companyscale`='1',`businesslicense`='thumb_4e6ccd61395d7.jpg',`addresspic`='',`updatetime`='2011-09-11 23:01:55' WHERE ( `id` = '17' ) [ RunTime:0.075522s ]
[ 2011-09-11T23:01:55+08:00 ] NOTIC: [2] copy() [<a href='function.copy'>function.copy</a>]: The first argument to copy() function cannot be a directory RegAction.class.php 第 140 行.
[ 2011-09-11T23:01:55+08:00 ] NOTIC: [2] filemtime() [<a href='function.filemtime'>function.filemtime</a>]: stat failed for 4e6ccd61395d7.jpg RegAction.class.php 第 128 行.
[ 2011-09-11T23:01:55+08:00 ] NOTIC: [2] filemtime() [<a href='function.filemtime'>function.filemtime</a>]: stat failed for thumb_4e6ccd61395d7.jpg RegAction.class.php 第 128 行.
[ 2011-09-11T23:05:28+08:00 ] NOTIC: [8] Undefined variable: user 75a36f2b3dc0db452d14b2532b115da3.php 第 67 行.
[ 2011-09-11T23:06:34+08:00 ] SQL: SHOW COLUMNS FROM `kp_user` [ RunTime:0.007829s ]
[ 2011-09-11T23:06:34+08:00 ] SQL: UPDATE `kp_user` SET `usertype1`='经销商',`usertype2`='代理',`truename`='',`sex`='1',`birthday`='',`profession`='',`qq`='',`msn`='',`companyname`='',`companyaddress`='',`province`='北京',`postcode`='',`businesstel`='',`linkman`='',`businessscope`='',`companyscale`='1',`businesslicense`='thumb_4e6cce3bd859f.jpg',`addresspic`='',`updatetime`='2011-09-11 23:06:34' WHERE ( `id` = '17' ) [ RunTime:0.093063s ]
[ 2011-09-11T23:06:59+08:00 ] SQL: SHOW COLUMNS FROM `kp_user` [ RunTime:0.004936s ]
[ 2011-09-11T23:06:59+08:00 ] SQL: UPDATE `kp_user` SET `usertype1`='经销商',`usertype2`='代理',`truename`='',`sex`='1',`birthday`='',`profession`='',`qq`='',`msn`='',`companyname`='',`companyaddress`='',`province`='北京',`postcode`='',`businesstel`='',`linkman`='',`businessscope`='',`companyscale`='1',`businesslicense`='thumb_4e6cce8dbf16e.jpg',`addresspic`='thumb_4e6cce916b271.jpg',`updatetime`='2011-09-11 23:06:59' WHERE ( `id` = '17' ) [ RunTime:0.059131s ]
[ 2011-09-11T23:08:03+08:00 ] SQL: SHOW COLUMNS FROM `kp_user` [ RunTime:0.006546s ]
[ 2011-09-11T23:08:03+08:00 ] SQL: UPDATE `kp_user` SET `usertype1`='经销商',`usertype2`='代理',`truename`='',`sex`='1',`birthday`='',`profession`='',`qq`='',`msn`='',`companyname`='',`companyaddress`='',`province`='北京',`postcode`='',`businesstel`='',`linkman`='',`businessscope`='',`companyscale`='1',`businesslicense`='thumb_4e6cced08f79e.jpg',`addresspic`='',`updatetime`='2011-09-11 23:08:03' WHERE ( `id` = '17' ) [ RunTime:0.068160s ]
[ 2011-09-11T23:09:02+08:00 ] SQL: SHOW COLUMNS FROM `kp_user` [ RunTime:0.007005s ]
[ 2011-09-11T23:09:02+08:00 ] SQL: UPDATE `kp_user` SET `usertype1`='经销商',`usertype2`='代理',`truename`='',`sex`='1',`birthday`='',`profession`='',`qq`='',`msn`='',`companyname`='',`companyaddress`='',`province`='北京',`postcode`='',`businesstel`='',`linkman`='',`businessscope`='',`companyscale`='1',`businesslicense`='thumb_4e6ccf000ccd2.jpg',`addresspic`='',`updatetime`='2011-09-11 23:09:02' WHERE ( `id` = '17' ) [ RunTime:0.047094s ]
[ 2011-09-11T23:10:54+08:00 ] NOTIC: [8] Undefined index: HTTP_REFERER ~runtime.php 第 2 行.
[ 2011-09-11T23:11:31+08:00 ] NOTIC: [2] filemtime() [<a href='function.filemtime'>function.filemtime</a>]: stat failed for 4e6cce3bd859f.jpg RegAction.class.php 第 128 行.
[ 2011-09-11T23:11:31+08:00 ] ERR: 
[ 2011-09-11T23:11:31+08:00 ] NOTIC: [2] filemtime() [<a href='function.filemtime'>function.filemtime</a>]: stat failed for 4e6cce8dbf16e.jpg RegAction.class.php 第 128 行.
[ 2011-09-11T23:11:31+08:00 ] ERR: 
[ 2011-09-11T23:11:31+08:00 ] NOTIC: [2] filemtime() [<a href='function.filemtime'>function.filemtime</a>]: stat failed for 4e6cce916b271.jpg RegAction.class.php 第 128 行.
[ 2011-09-11T23:11:31+08:00 ] ERR: 
[ 2011-09-11T23:11:31+08:00 ] NOTIC: [2] filemtime() [<a href='function.filemtime'>function.filemtime</a>]: stat failed for 4e6cced08f79e.jpg RegAction.class.php 第 128 行.
[ 2011-09-11T23:11:31+08:00 ] ERR: 
[ 2011-09-11T23:11:31+08:00 ] NOTIC: [2] filemtime() [<a href='function.filemtime'>function.filemtime</a>]: stat failed for 4e6ccf000ccd2.jpg RegAction.class.php 第 128 行.
[ 2011-09-11T23:11:31+08:00 ] ERR: 
[ 2011-09-11T23:11:31+08:00 ] NOTIC: [2] filemtime() [<a href='function.filemtime'>function.filemtime</a>]: stat failed for thumb_4e6cce3bd859f.jpg RegAction.class.php 第 128 行.
[ 2011-09-11T23:11:31+08:00 ] ERR: 
[ 2011-09-11T23:11:31+08:00 ] NOTIC: [2] filemtime() [<a href='function.filemtime'>function.filemtime</a>]: stat failed for thumb_4e6cce8dbf16e.jpg RegAction.class.php 第 128 行.
[ 2011-09-11T23:11:31+08:00 ] ERR: 
[ 2011-09-11T23:11:31+08:00 ] NOTIC: [2] filemtime() [<a href='function.filemtime'>function.filemtime</a>]: stat failed for thumb_4e6cce916b271.jpg RegAction.class.php 第 128 行.
[ 2011-09-11T23:11:31+08:00 ] ERR: 
[ 2011-09-11T23:11:31+08:00 ] NOTIC: [2] filemtime() [<a href='function.filemtime'>function.filemtime</a>]: stat failed for thumb_4e6cced08f79e.jpg RegAction.class.php 第 128 行.
[ 2011-09-11T23:11:31+08:00 ] ERR: 
[ 2011-09-11T23:11:31+08:00 ] NOTIC: [2] filemtime() [<a href='function.filemtime'>function.filemtime</a>]: stat failed for thumb_4e6ccf000ccd2.jpg RegAction.class.php 第 128 行.
[ 2011-09-11T23:11:31+08:00 ] ERR: 
[ 2011-09-11T23:11:31+08:00 ] NOTIC: [8] Undefined index: HTTP_REFERER ~runtime.php 第 2 行.
[ 2011-09-11T23:11:53+08:00 ] ERR: 1315753531
[ 2011-09-11T23:11:53+08:00 ] ERR: 1315753613
[ 2011-09-11T23:11:53+08:00 ] ERR: 1315753617
[ 2011-09-11T23:11:53+08:00 ] ERR: 1315753680
[ 2011-09-11T23:11:53+08:00 ] ERR: 1315753728
[ 2011-09-11T23:11:53+08:00 ] ERR: 1315753532
[ 2011-09-11T23:11:53+08:00 ] ERR: 1315753614
[ 2011-09-11T23:11:53+08:00 ] ERR: 1315753618
[ 2011-09-11T23:11:53+08:00 ] ERR: 1315753681
[ 2011-09-11T23:11:53+08:00 ] ERR: 1315753729
[ 2011-09-11T23:11:53+08:00 ] NOTIC: [8] Undefined index: HTTP_REFERER ~runtime.php 第 2 行.
[ 2011-09-11T23:12:10+08:00 ] ERR: 399
[ 2011-09-11T23:12:10+08:00 ] ERR: 317
[ 2011-09-11T23:12:10+08:00 ] ERR: 313
[ 2011-09-11T23:12:10+08:00 ] ERR: 250
[ 2011-09-11T23:12:10+08:00 ] ERR: 202
[ 2011-09-11T23:12:10+08:00 ] ERR: 398
[ 2011-09-11T23:12:10+08:00 ] ERR: 316
[ 2011-09-11T23:12:10+08:00 ] ERR: 312
[ 2011-09-11T23:12:10+08:00 ] ERR: 249
[ 2011-09-11T23:12:10+08:00 ] ERR: 201
[ 2011-09-11T23:12:10+08:00 ] NOTIC: [8] Undefined index: HTTP_REFERER ~runtime.php 第 2 行.
[ 2011-09-11T23:12:53+08:00 ] ERR: 442
[ 2011-09-11T23:12:53+08:00 ] ERR: 360
[ 2011-09-11T23:12:53+08:00 ] ERR: 356
[ 2011-09-11T23:12:53+08:00 ] ERR: 293
[ 2011-09-11T23:12:53+08:00 ] ERR: 245
[ 2011-09-11T23:12:53+08:00 ] ERR: 441
[ 2011-09-11T23:12:53+08:00 ] ERR: 359
[ 2011-09-11T23:12:53+08:00 ] ERR: 355
[ 2011-09-11T23:12:53+08:00 ] ERR: 292
[ 2011-09-11T23:12:53+08:00 ] ERR: 244
[ 2011-09-11T23:12:53+08:00 ] NOTIC: [8] Undefined index: HTTP_REFERER ~runtime.php 第 2 行.
[ 2011-09-11T23:13:09+08:00 ] NOTIC: [8] Undefined index: HTTP_REFERER ~runtime.php 第 2 行.
[ 2011-09-11T23:13:36+08:00 ] ERR: (ThinkException) 非法操作deletePastdueFile
[ 2011-09-11T23:14:20+08:00 ] SQL: SHOW COLUMNS FROM `kp_user` [ RunTime:0.004804s ]
[ 2011-09-11T23:14:20+08:00 ] SQL: SELECT * FROM `kp_user` WHERE ( `username` = 'nehnre8@yahoo.com' ) [ RunTime:0.001440s ]
[ 2011-09-11T23:14:20+08:00 ] SQL: SHOW COLUMNS FROM `kp_user` [ RunTime:0.004814s ]
[ 2011-09-11T23:14:20+08:00 ] SQL: INSERT INTO `kp_user` (`username`,`password`,`email`,`regtype`,`inserttime`,`updatetime`) VALUES ('nehnre8@yahoo.com','111111','','2','2011-09-11 23:14:20','2011-09-11 23:14:20') [ RunTime:0.062746s ]
[ 2011-09-11T23:14:20+08:00 ] SQL: select last_insert_id() as last [ RunTime:0.000323s ]
[ 2011-09-11T23:14:20+08:00 ] SQL: select last_insert_id() as last [ RunTime:0.000225s ]
[ 2011-09-11T23:14:21+08:00 ] NOTIC: [8] Undefined variable: user 75a36f2b3dc0db452d14b2532b115da3.php 第 67 行.
[ 2011-09-11T23:14:57+08:00 ] SQL: SHOW COLUMNS FROM `kp_user` [ RunTime:0.004799s ]
[ 2011-09-11T23:14:57+08:00 ] SQL: UPDATE `kp_user` SET `usertype1`='经销商',`usertype2`='代理',`truename`='1111',`sex`='1',`birthday`='1991-09-05',`profession`='1',`qq`='1',`msn`='1',`companyname`='1',`companyaddress`='1',`province`='北京',`postcode`='1',`businesstel`='1',`linkman`='1',`businessscope`='1',`companyscale`='1',`businesslicense`='thumb_4e6cd05d7f627.jpg',`addresspic`='thumb_4e6cd06a1aa70.jpg',`updatetime`='2011-09-11 23:14:57' WHERE ( `id` = '18' ) [ RunTime:0.079183s ]
[ 2011-09-11T23:35:12+08:00 ] SQL: SHOW COLUMNS FROM `kp_user` [ RunTime:0.004722s ]
[ 2011-09-11T23:35:12+08:00 ] SQL: SELECT * FROM `kp_user` WHERE ( `username` = 'nehnre@yahoo.com' ) [ RunTime:0.001187s ]
[ 2011-09-11T23:35:12+08:00 ] SQL: SHOW COLUMNS FROM `kp_user` [ RunTime:0.004294s ]
[ 2011-09-11T23:35:12+08:00 ] SQL: INSERT INTO `kp_user` (`username`,`password`,`email`,`regtype`,`inserttime`,`updatetime`) VALUES ('nehnre@yahoo.com','111111','','2','2011-09-11 23:35:12','2011-09-11 23:35:12') [ RunTime:0.055116s ]
[ 2011-09-11T23:35:12+08:00 ] SQL: select last_insert_id() as last [ RunTime:0.000343s ]
[ 2011-09-11T23:35:12+08:00 ] SQL: select last_insert_id() as last [ RunTime:0.000240s ]
[ 2011-09-11T23:35:14+08:00 ] NOTIC: [8] Undefined variable: user 75a36f2b3dc0db452d14b2532b115da3.php 第 67 行.
[ 2011-09-11T23:42:09+08:00 ] NOTIC: [8] Undefined variable: user 75a36f2b3dc0db452d14b2532b115da3.php 第 67 行.
[ 2011-09-11T23:43:11+08:00 ] NOTIC: [8] Undefined variable: user 75a36f2b3dc0db452d14b2532b115da3.php 第 67 行.
[ 2011-09-11T23:43:32+08:00 ] NOTIC: [8] Undefined variable: user 75a36f2b3dc0db452d14b2532b115da3.php 第 67 行.
[ 2011-09-11T23:43:56+08:00 ] NOTIC: [8] Undefined variable: user 75a36f2b3dc0db452d14b2532b115da3.php 第 67 行.
[ 2011-09-11T23:44:06+08:00 ] NOTIC: [8] Undefined variable: user 75a36f2b3dc0db452d14b2532b115da3.php 第 67 行.
[ 2011-09-11T23:44:26+08:00 ] NOTIC: [8] Undefined variable: user 75a36f2b3dc0db452d14b2532b115da3.php 第 67 行.
[ 2011-09-11T23:44:29+08:00 ] SQL: SHOW COLUMNS FROM `kp_user` [ RunTime:0.004890s ]
[ 2011-09-11T23:44:29+08:00 ] SQL: UPDATE `kp_user` SET `usertype1`='经销商',`usertype2`='代理',`truename`='',`sex`='1',`birthday`='',`profession`='',`qq`='',`msn`='',`companyname`='',`companyaddress`='',`province`='北京',`postcode`='',`businesstel`='',`linkman`='',`businessscope`='',`companyscale`='1',`businesslicense`='',`addresspic`='',`updatetime`='2011-09-11 23:44:29' WHERE ( `id` = '19' ) [ RunTime:0.041875s ]
[ 2011-09-11T23:44:35+08:00 ] NOTIC: [8] Undefined variable: user 75a36f2b3dc0db452d14b2532b115da3.php 第 67 行.
[ 2011-09-11T23:45:10+08:00 ] NOTIC: [8] Undefined variable: user 75a36f2b3dc0db452d14b2532b115da3.php 第 67 行.
[ 2011-09-11T23:45:28+08:00 ] SQL: SHOW COLUMNS FROM `kp_user` [ RunTime:0.005045s ]
[ 2011-09-11T23:45:28+08:00 ] SQL: UPDATE `kp_user` SET `usertype1`='经销商',`usertype2`='代理',`truename`='1',`sex`='1',`birthday`='1991-09-06',`profession`='',`qq`='',`msn`='',`companyname`='',`companyaddress`='',`province`='北京',`postcode`='',`businesstel`='',`linkman`='',`businessscope`='',`companyscale`='1',`businesslicense`='',`addresspic`='',`updatetime`='2011-09-11 23:45:28' WHERE ( `id` = '19' ) [ RunTime:0.044313s ]
[ 2011-09-11T23:50:23+08:00 ] NOTIC: [8] Undefined variable: user 75a36f2b3dc0db452d14b2532b115da3.php 第 67 行.
[ 2011-09-11T23:50:33+08:00 ] SQL: SHOW COLUMNS FROM `kp_user` [ RunTime:0.005124s ]
[ 2011-09-11T23:50:33+08:00 ] SQL: UPDATE `kp_user` SET `usertype1`='经销商',`usertype2`='代理',`truename`='1',`sex`='1',`birthday`='1991-0-04',`profession`='',`qq`='',`msn`='',`companyname`='',`companyaddress`='',`province`='北京',`postcode`='',`businesstel`='',`linkman`='',`businessscope`='',`companyscale`='1',`businesslicense`='',`addresspic`='',`updatetime`='2011-09-11 23:50:33' WHERE ( `id` = '19' ) [ RunTime:0.182111s ]
[ 2011-09-11T23:50:56+08:00 ] NOTIC: [8] Undefined variable: user 75a36f2b3dc0db452d14b2532b115da3.php 第 67 行.
[ 2011-09-11T23:54:13+08:00 ] NOTIC: [8] Undefined variable: user 75a36f2b3dc0db452d14b2532b115da3.php 第 67 行.
[ 2011-09-11T23:55:21+08:00 ] NOTIC: [8] Undefined variable: user 75a36f2b3dc0db452d14b2532b115da3.php 第 67 行.
[ 2011-09-11T23:56:00+08:00 ] SQL: SHOW COLUMNS FROM `kp_user` [ RunTime:0.010022s ]
[ 2011-09-11T23:56:00+08:00 ] SQL: UPDATE `kp_user` SET `usertype1`='经销商',`usertype2`='代理',`truename`='1',`sex`='1',`birthday`='1991-09-18',`profession`='',`qq`='',`msn`='',`companyname`='11',`companyaddress`='11',`province`='北京',`postcode`='',`businesstel`='11',`linkman`='',`businessscope`='11',`companyscale`='1',`businesslicense`='thumb_4e6cda05cff2d.jpg',`addresspic`='thumb_4e6cda0ba4970.jpg',`updatetime`='2011-09-11 23:56:00' WHERE ( `id` = '19' ) [ RunTime:0.040592s ]
[ 2011-09-11T23:58:37+08:00 ] NOTIC: [8] Undefined variable: user 75a36f2b3dc0db452d14b2532b115da3.php 第 67 行.
[ 2011-09-11T23:58:41+08:00 ] NOTIC: [8] Undefined variable: user 75a36f2b3dc0db452d14b2532b115da3.php 第 67 行.
