[ 2011-09-10T11:13:11+08:00 ] ERR: (ThinkException) 无法加载模块RegAction
[ 2011-09-10T11:13:17+08:00 ] ERR: (ThinkException) 无法加载模块Reg
[ 2011-09-10T11:13:26+08:00 ] ERR: (ThinkException) 无法加载模块Reg
[ 2011-09-10T11:13:51+08:00 ] ERR: (ThinkException) 无法加载模块Reg
[ 2011-09-10T11:14:28+08:00 ] ERR: (ThinkException) 非法操作css
[ 2011-09-10T11:14:28+08:00 ] ERR: (ThinkException) 非法操作niceform
[ 2011-09-10T11:14:28+08:00 ] ERR: (ThinkException) 非法操作niceform
[ 2011-09-10T11:14:28+08:00 ] ERR: (ThinkException) 非法操作top.html
[ 2011-09-10T11:14:28+08:00 ] ERR: (ThinkException) 非法操作bottom.html
[ 2011-09-10T11:14:39+08:00 ] ERR: (ThinkException) 非法操作css
[ 2011-09-10T11:14:39+08:00 ] ERR: (ThinkException) 非法操作niceform
[ 2011-09-10T11:14:39+08:00 ] ERR: (ThinkException) 非法操作niceform
[ 2011-09-10T11:14:40+08:00 ] ERR: (ThinkException) 非法操作top.html
[ 2011-09-10T11:14:40+08:00 ] ERR: (ThinkException) 非法操作bottom.html
[ 2011-09-10T11:16:10+08:00 ] ERR: (ThinkException) 非法操作top.html
[ 2011-09-10T11:16:10+08:00 ] ERR: (ThinkException) 非法操作bottom.html
[ 2011-09-10T11:16:50+08:00 ] ERR: (ThinkException) 非法操作top.html
[ 2011-09-10T11:16:50+08:00 ] ERR: (ThinkException) 非法操作bottom.html
[ 2011-09-10T11:16:51+08:00 ] ERR: (ThinkException) 非法操作bottom.html
[ 2011-09-10T11:16:51+08:00 ] ERR: (ThinkException) 非法操作top.html
[ 2011-09-10T11:16:52+08:00 ] ERR: (ThinkException) 非法操作top.html
[ 2011-09-10T11:16:52+08:00 ] ERR: (ThinkException) 非法操作bottom.html
[ 2011-09-10T11:52:17+08:00 ] ERR: (ThinkException) 非法操作niceform
[ 2011-09-10T11:52:17+08:00 ] ERR: (ThinkException) 非法操作niceform
[ 2011-09-10T11:52:17+08:00 ] ERR: (ThinkException) 非法操作niceform
[ 2011-09-10T11:52:17+08:00 ] ERR: (ThinkException) 非法操作niceform
[ 2011-09-10T11:52:17+08:00 ] ERR: (ThinkException) 非法操作niceform
[ 2011-09-10T11:52:17+08:00 ] ERR: (ThinkException) 非法操作niceform
[ 2011-09-10T11:52:17+08:00 ] ERR: (ThinkException) 非法操作niceform
[ 2011-09-10T11:52:17+08:00 ] ERR: (ThinkException) 非法操作niceform
[ 2011-09-10T11:52:17+08:00 ] ERR: (ThinkException) 非法操作niceform
[ 2011-09-10T11:52:17+08:00 ] ERR: (ThinkException) 非法操作niceform
[ 2011-09-10T11:52:17+08:00 ] ERR: (ThinkException) 非法操作niceform
[ 2011-09-10T11:52:17+08:00 ] ERR: (ThinkException) 非法操作niceform
[ 2011-09-10T11:52:17+08:00 ] ERR: (ThinkException) 非法操作niceform
[ 2011-09-10T11:52:17+08:00 ] ERR: (ThinkException) 非法操作niceform
[ 2011-09-10T12:33:42+08:00 ] SQL: SHOW COLUMNS FROM `kp_user` [ RunTime:0.005068s ]
[ 2011-09-10T12:33:42+08:00 ] SQL: SELECT * FROM `kp_user` WHERE ( `username` = '1' ) [ RunTime:0.000598s ]
[ 2011-09-10T12:36:12+08:00 ] SQL: SHOW COLUMNS FROM `kp_user` [ RunTime:0.003384s ]
[ 2011-09-10T12:36:12+08:00 ] SQL: SELECT * FROM `kp_user` WHERE ( `username` = '1' ) [ RunTime:0.000564s ]
[ 2011-09-10T12:37:22+08:00 ] SQL: SHOW COLUMNS FROM `kp_user` [ RunTime:0.003340s ]
[ 2011-09-10T12:37:22+08:00 ] SQL: SELECT * FROM `kp_user` WHERE ( `username` = '1' ) [ RunTime:0.000582s ]
[ 2011-09-10T12:42:51+08:00 ] SQL: SHOW COLUMNS FROM `kp_user` [ RunTime:0.003493s ]
[ 2011-09-10T12:42:51+08:00 ] SQL: SELECT * FROM `kp_user` WHERE ( `username` = 'a' ) [ RunTime:0.000562s ]
[ 2011-09-10T12:42:56+08:00 ] SQL: SHOW COLUMNS FROM `kp_user` [ RunTime:0.003453s ]
[ 2011-09-10T12:42:56+08:00 ] SQL: SELECT * FROM `kp_user` WHERE ( `username` = 'a' ) [ RunTime:0.000743s ]
[ 2011-09-10T12:43:16+08:00 ] SQL: SHOW COLUMNS FROM `kp_user` [ RunTime:0.003383s ]
[ 2011-09-10T12:43:16+08:00 ] SQL: SELECT * FROM `kp_user` WHERE ( `username` = 'a' ) [ RunTime:0.000765s ]
[ 2011-09-10T12:43:28+08:00 ] SQL: SHOW COLUMNS FROM `kp_user` [ RunTime:0.003742s ]
[ 2011-09-10T12:43:28+08:00 ] SQL: SELECT * FROM `kp_user` WHERE ( `username` = 'a' ) [ RunTime:0.000675s ]
[ 2011-09-10T12:54:28+08:00 ] SQL: SHOW COLUMNS FROM `kp_user` [ RunTime:0.003700s ]
[ 2011-09-10T12:54:28+08:00 ] SQL: SELECT * FROM `kp_user` WHERE ( `username` = 'nehnre@yahoo.com' ) [ RunTime:0.000552s ]
[ 2011-09-10T12:57:57+08:00 ] SQL: SHOW COLUMNS FROM `kp_user` [ RunTime:0.003263s ]
[ 2011-09-10T12:57:57+08:00 ] SQL: SELECT * FROM `kp_user` WHERE ( `username` = '11111111111' ) [ RunTime:0.000588s ]
[ 2011-09-10T12:58:09+08:00 ] SQL: SHOW COLUMNS FROM `kp_user` [ RunTime:0.003218s ]
[ 2011-09-10T12:58:09+08:00 ] SQL: SELECT * FROM `kp_user` WHERE ( `username` = 'nehnre@yahoo.com.cn' ) [ RunTime:0.000613s ]
[ 2011-09-10T12:58:40+08:00 ] SQL: SHOW COLUMNS FROM `kp_user` [ RunTime:0.003475s ]
[ 2011-09-10T12:58:40+08:00 ] SQL: SELECT * FROM `kp_user` WHERE ( `username` = '中文@中国.中国' ) [ RunTime:0.000689s ]
[ 2011-09-10T12:58:43+08:00 ] SQL: SHOW COLUMNS FROM `kp_user` [ RunTime:0.003565s ]
[ 2011-09-10T12:58:43+08:00 ] SQL: SELECT * FROM `kp_user` WHERE ( `username` = '中文@中国.中国' ) [ RunTime:0.000583s ]
[ 2011-09-10T13:21:57+08:00 ] SQL: SHOW COLUMNS FROM `kp_user` [ RunTime:0.003518s ]
[ 2011-09-10T13:21:57+08:00 ] SQL: SELECT * FROM `kp_user` WHERE ( `username` = '[object HTMLInputElement]' ) [ RunTime:0.000567s ]
[ 2011-09-10T13:23:16+08:00 ] SQL: SHOW COLUMNS FROM `kp_user` [ RunTime:0.003422s ]
[ 2011-09-10T13:23:16+08:00 ] SQL: SELECT * FROM `kp_user` WHERE ( `username` = '11111111111' ) [ RunTime:0.000557s ]
[ 2011-09-10T13:24:10+08:00 ] SQL: SHOW COLUMNS FROM `kp_user` [ RunTime:0.003456s ]
[ 2011-09-10T13:24:10+08:00 ] SQL: SELECT * FROM `kp_user` WHERE ( `username` = '11111111111' ) [ RunTime:0.000621s ]
[ 2011-09-10T13:28:18+08:00 ] SQL: SHOW COLUMNS FROM `kp_user` [ RunTime:0.003271s ]
[ 2011-09-10T13:28:18+08:00 ] SQL: SELECT * FROM `kp_user` WHERE ( `username` = '11111111111' ) [ RunTime:0.000663s ]
[ 2011-09-10T13:28:19+08:00 ] SQL: SHOW COLUMNS FROM `kp_user` [ RunTime:0.003641s ]
[ 2011-09-10T13:28:19+08:00 ] SQL: SELECT * FROM `kp_user` WHERE ( `username` = '11111111111' ) [ RunTime:0.000552s ]
[ 2011-09-10T13:38:54+08:00 ] SQL: SHOW COLUMNS FROM `kp_user` [ RunTime:0.003640s ]
[ 2011-09-10T13:38:54+08:00 ] SQL: SELECT * FROM `kp_user` WHERE ( `username` = '11111111111' ) [ RunTime:0.000598s ]
[ 2011-09-10T13:39:52+08:00 ] SQL: SHOW COLUMNS FROM `kp_user` [ RunTime:0.003394s ]
[ 2011-09-10T13:39:52+08:00 ] SQL: SELECT * FROM `kp_user` WHERE ( `username` = '11111111111' ) [ RunTime:0.000571s ]
[ 2011-09-10T13:40:26+08:00 ] SQL: SHOW COLUMNS FROM `kp_user` [ RunTime:0.003435s ]
[ 2011-09-10T13:40:26+08:00 ] SQL: SELECT * FROM `kp_user` WHERE ( `username` = '11111111111' ) [ RunTime:0.000594s ]
[ 2011-09-10T13:40:54+08:00 ] SQL: SHOW COLUMNS FROM `kp_user` [ RunTime:0.003585s ]
[ 2011-09-10T13:40:54+08:00 ] SQL: SELECT * FROM `kp_user` WHERE ( `username` = '11111111111' ) [ RunTime:0.000756s ]
[ 2011-09-10T13:41:03+08:00 ] SQL: SHOW COLUMNS FROM `kp_user` [ RunTime:0.003708s ]
[ 2011-09-10T13:41:03+08:00 ] SQL: SELECT * FROM `kp_user` WHERE ( `username` = '11111111111' ) [ RunTime:0.000556s ]
[ 2011-09-10T13:42:05+08:00 ] SQL: SHOW COLUMNS FROM `kp_user` [ RunTime:0.003268s ]
[ 2011-09-10T13:42:05+08:00 ] SQL: SELECT * FROM `kp_user` WHERE ( `username` = '11111111111' ) [ RunTime:0.000557s ]
[ 2011-09-10T13:42:07+08:00 ] SQL: SHOW COLUMNS FROM `kp_user` [ RunTime:0.003195s ]
[ 2011-09-10T13:42:07+08:00 ] SQL: SELECT * FROM `kp_user` WHERE ( `username` = '11111111111' ) [ RunTime:0.000542s ]
[ 2011-09-10T13:42:10+08:00 ] SQL: SHOW COLUMNS FROM `kp_user` [ RunTime:0.003497s ]
[ 2011-09-10T13:42:10+08:00 ] SQL: SELECT * FROM `kp_user` WHERE ( `username` = '11111111111' ) [ RunTime:0.000714s ]
[ 2011-09-10T13:42:12+08:00 ] SQL: SHOW COLUMNS FROM `kp_user` [ RunTime:0.003546s ]
[ 2011-09-10T13:42:12+08:00 ] SQL: SELECT * FROM `kp_user` WHERE ( `username` = '11111111111' ) [ RunTime:0.000545s ]
[ 2011-09-10T13:42:16+08:00 ] SQL: SHOW COLUMNS FROM `kp_user` [ RunTime:0.003397s ]
[ 2011-09-10T13:42:16+08:00 ] SQL: SELECT * FROM `kp_user` WHERE ( `username` = '11111111111' ) [ RunTime:0.000551s ]
[ 2011-09-10T13:42:19+08:00 ] SQL: SHOW COLUMNS FROM `kp_user` [ RunTime:0.003418s ]
[ 2011-09-10T13:42:19+08:00 ] SQL: SELECT * FROM `kp_user` WHERE ( `username` = '11111111111' ) [ RunTime:0.000581s ]
[ 2011-09-10T13:42:24+08:00 ] SQL: SHOW COLUMNS FROM `kp_user` [ RunTime:0.003578s ]
[ 2011-09-10T13:42:24+08:00 ] SQL: SELECT * FROM `kp_user` WHERE ( `username` = '11111111111' ) [ RunTime:0.000556s ]
[ 2011-09-10T13:42:55+08:00 ] SQL: SHOW COLUMNS FROM `kp_user` [ RunTime:0.003720s ]
[ 2011-09-10T13:42:55+08:00 ] SQL: SELECT * FROM `kp_user` WHERE ( `username` = '11111111111' ) [ RunTime:0.000735s ]
[ 2011-09-10T13:42:58+08:00 ] SQL: SHOW COLUMNS FROM `kp_user` [ RunTime:0.003370s ]
[ 2011-09-10T13:42:58+08:00 ] SQL: SELECT * FROM `kp_user` WHERE ( `username` = '11111111111' ) [ RunTime:0.000549s ]
[ 2011-09-10T13:43:00+08:00 ] SQL: SHOW COLUMNS FROM `kp_user` [ RunTime:0.003539s ]
[ 2011-09-10T13:43:00+08:00 ] SQL: SELECT * FROM `kp_user` WHERE ( `username` = '11111111111' ) [ RunTime:0.000546s ]
[ 2011-09-10T13:43:02+08:00 ] SQL: SHOW COLUMNS FROM `kp_user` [ RunTime:0.003615s ]
[ 2011-09-10T13:43:02+08:00 ] SQL: SELECT * FROM `kp_user` WHERE ( `username` = '11111111111' ) [ RunTime:0.000618s ]
[ 2011-09-10T13:43:04+08:00 ] SQL: SHOW COLUMNS FROM `kp_user` [ RunTime:0.003574s ]
[ 2011-09-10T13:43:04+08:00 ] SQL: SELECT * FROM `kp_user` WHERE ( `username` = '11111111111' ) [ RunTime:0.000702s ]
[ 2011-09-10T13:43:05+08:00 ] SQL: SHOW COLUMNS FROM `kp_user` [ RunTime:0.003652s ]
[ 2011-09-10T13:43:05+08:00 ] SQL: SELECT * FROM `kp_user` WHERE ( `username` = '11111111111' ) [ RunTime:0.000610s ]
[ 2011-09-10T13:43:07+08:00 ] SQL: SHOW COLUMNS FROM `kp_user` [ RunTime:0.003832s ]
[ 2011-09-10T13:43:07+08:00 ] SQL: SELECT * FROM `kp_user` WHERE ( `username` = '11111111111' ) [ RunTime:0.000768s ]
[ 2011-09-10T13:43:14+08:00 ] SQL: SHOW COLUMNS FROM `kp_user` [ RunTime:0.003466s ]
[ 2011-09-10T13:43:14+08:00 ] SQL: SELECT * FROM `kp_user` WHERE ( `username` = '11111111111' ) [ RunTime:0.000719s ]
[ 2011-09-10T13:43:15+08:00 ] SQL: SHOW COLUMNS FROM `kp_user` [ RunTime:0.003377s ]
[ 2011-09-10T13:43:15+08:00 ] SQL: SELECT * FROM `kp_user` WHERE ( `username` = '11111111111' ) [ RunTime:0.000561s ]
[ 2011-09-10T13:43:16+08:00 ] SQL: SHOW COLUMNS FROM `kp_user` [ RunTime:0.004175s ]
[ 2011-09-10T13:43:16+08:00 ] SQL: SELECT * FROM `kp_user` WHERE ( `username` = '11111111111' ) [ RunTime:0.000625s ]
[ 2011-09-10T13:43:16+08:00 ] SQL: SHOW COLUMNS FROM `kp_user` [ RunTime:0.003475s ]
[ 2011-09-10T13:43:16+08:00 ] SQL: SELECT * FROM `kp_user` WHERE ( `username` = '11111111111' ) [ RunTime:0.000589s ]
[ 2011-09-10T13:43:18+08:00 ] SQL: SHOW COLUMNS FROM `kp_user` [ RunTime:0.003579s ]
[ 2011-09-10T13:43:18+08:00 ] SQL: SELECT * FROM `kp_user` WHERE ( `username` = '11111111111' ) [ RunTime:0.000545s ]
[ 2011-09-10T13:43:19+08:00 ] SQL: SHOW COLUMNS FROM `kp_user` [ RunTime:0.003541s ]
[ 2011-09-10T13:43:19+08:00 ] SQL: SELECT * FROM `kp_user` WHERE ( `username` = '11111111111' ) [ RunTime:0.000590s ]
[ 2011-09-10T13:43:19+08:00 ] SQL: SHOW COLUMNS FROM `kp_user` [ RunTime:0.003606s ]
[ 2011-09-10T13:43:19+08:00 ] SQL: SELECT * FROM `kp_user` WHERE ( `username` = '11111111111' ) [ RunTime:0.000562s ]
[ 2011-09-10T13:43:19+08:00 ] SQL: SHOW COLUMNS FROM `kp_user` [ RunTime:0.003333s ]
[ 2011-09-10T13:43:19+08:00 ] SQL: SELECT * FROM `kp_user` WHERE ( `username` = '11111111111' ) [ RunTime:0.000540s ]
[ 2011-09-10T13:43:20+08:00 ] SQL: SHOW COLUMNS FROM `kp_user` [ RunTime:0.003449s ]
[ 2011-09-10T13:43:20+08:00 ] SQL: SELECT * FROM `kp_user` WHERE ( `username` = '11111111111' ) [ RunTime:0.000639s ]
[ 2011-09-10T13:43:20+08:00 ] SQL: SHOW COLUMNS FROM `kp_user` [ RunTime:0.003339s ]
[ 2011-09-10T13:43:20+08:00 ] SQL: SELECT * FROM `kp_user` WHERE ( `username` = '11111111111' ) [ RunTime:0.000538s ]
[ 2011-09-10T13:43:40+08:00 ] SQL: SHOW COLUMNS FROM `kp_user` [ RunTime:0.003675s ]
[ 2011-09-10T13:43:40+08:00 ] SQL: SELECT * FROM `kp_user` WHERE ( `username` = '11111111111' ) [ RunTime:0.000571s ]
[ 2011-09-10T13:43:41+08:00 ] SQL: SHOW COLUMNS FROM `kp_user` [ RunTime:0.003563s ]
[ 2011-09-10T13:43:41+08:00 ] SQL: SELECT * FROM `kp_user` WHERE ( `username` = '11111111111' ) [ RunTime:0.000594s ]
[ 2011-09-10T13:43:42+08:00 ] SQL: SHOW COLUMNS FROM `kp_user` [ RunTime:0.003610s ]
[ 2011-09-10T13:43:42+08:00 ] SQL: SELECT * FROM `kp_user` WHERE ( `username` = '11111111111' ) [ RunTime:0.000599s ]
[ 2011-09-10T13:43:43+08:00 ] SQL: SHOW COLUMNS FROM `kp_user` [ RunTime:0.003785s ]
[ 2011-09-10T13:43:43+08:00 ] SQL: SELECT * FROM `kp_user` WHERE ( `username` = '11111111111' ) [ RunTime:0.000744s ]
[ 2011-09-10T13:43:44+08:00 ] SQL: SHOW COLUMNS FROM `kp_user` [ RunTime:0.003560s ]
[ 2011-09-10T13:43:44+08:00 ] SQL: SELECT * FROM `kp_user` WHERE ( `username` = '11111111111' ) [ RunTime:0.000574s ]
[ 2011-09-10T13:43:46+08:00 ] SQL: SHOW COLUMNS FROM `kp_user` [ RunTime:0.003874s ]
[ 2011-09-10T13:43:46+08:00 ] SQL: SELECT * FROM `kp_user` WHERE ( `username` = '11111111111' ) [ RunTime:0.000685s ]
[ 2011-09-10T13:43:48+08:00 ] SQL: SHOW COLUMNS FROM `kp_user` [ RunTime:0.003531s ]
[ 2011-09-10T13:43:48+08:00 ] SQL: SELECT * FROM `kp_user` WHERE ( `username` = '11111111111' ) [ RunTime:0.000566s ]
[ 2011-09-10T13:43:49+08:00 ] SQL: SHOW COLUMNS FROM `kp_user` [ RunTime:0.003732s ]
[ 2011-09-10T13:43:49+08:00 ] SQL: SELECT * FROM `kp_user` WHERE ( `username` = '11111111111' ) [ RunTime:0.000592s ]
[ 2011-09-10T13:43:50+08:00 ] SQL: SHOW COLUMNS FROM `kp_user` [ RunTime:0.003600s ]
[ 2011-09-10T13:43:50+08:00 ] SQL: SELECT * FROM `kp_user` WHERE ( `username` = '11111111111' ) [ RunTime:0.000553s ]
[ 2011-09-10T13:43:51+08:00 ] SQL: SHOW COLUMNS FROM `kp_user` [ RunTime:0.003546s ]
[ 2011-09-10T13:43:51+08:00 ] SQL: SELECT * FROM `kp_user` WHERE ( `username` = '11111111111' ) [ RunTime:0.000641s ]
[ 2011-09-10T13:43:54+08:00 ] SQL: SHOW COLUMNS FROM `kp_user` [ RunTime:0.003525s ]
[ 2011-09-10T13:43:54+08:00 ] SQL: SELECT * FROM `kp_user` WHERE ( `username` = '11111111111' ) [ RunTime:0.000572s ]
[ 2011-09-10T13:43:57+08:00 ] SQL: SHOW COLUMNS FROM `kp_user` [ RunTime:0.003815s ]
[ 2011-09-10T13:43:57+08:00 ] SQL: SELECT * FROM `kp_user` WHERE ( `username` = '11111111111' ) [ RunTime:0.000741s ]
[ 2011-09-10T13:43:59+08:00 ] SQL: SHOW COLUMNS FROM `kp_user` [ RunTime:0.003929s ]
[ 2011-09-10T13:43:59+08:00 ] SQL: SELECT * FROM `kp_user` WHERE ( `username` = '11111111111' ) [ RunTime:0.000591s ]
[ 2011-09-10T13:44:01+08:00 ] SQL: SHOW COLUMNS FROM `kp_user` [ RunTime:0.003620s ]
[ 2011-09-10T13:44:01+08:00 ] SQL: SELECT * FROM `kp_user` WHERE ( `username` = '11111111111' ) [ RunTime:0.000591s ]
[ 2011-09-10T13:44:02+08:00 ] SQL: SHOW COLUMNS FROM `kp_user` [ RunTime:0.003533s ]
[ 2011-09-10T13:44:02+08:00 ] SQL: SELECT * FROM `kp_user` WHERE ( `username` = '11111111111' ) [ RunTime:0.000558s ]
[ 2011-09-10T13:44:02+08:00 ] SQL: SHOW COLUMNS FROM `kp_user` [ RunTime:0.003742s ]
[ 2011-09-10T13:44:02+08:00 ] SQL: SELECT * FROM `kp_user` WHERE ( `username` = '11111111111' ) [ RunTime:0.000666s ]
[ 2011-09-10T13:44:27+08:00 ] SQL: SHOW COLUMNS FROM `kp_user` [ RunTime:0.003577s ]
[ 2011-09-10T13:44:27+08:00 ] SQL: SELECT * FROM `kp_user` WHERE ( `username` = '11111111111' ) [ RunTime:0.000554s ]
[ 2011-09-10T13:44:29+08:00 ] SQL: SHOW COLUMNS FROM `kp_user` [ RunTime:0.003776s ]
[ 2011-09-10T13:44:29+08:00 ] SQL: SELECT * FROM `kp_user` WHERE ( `username` = '11111111111' ) [ RunTime:0.000610s ]
[ 2011-09-10T13:44:30+08:00 ] SQL: SHOW COLUMNS FROM `kp_user` [ RunTime:0.003547s ]
[ 2011-09-10T13:44:30+08:00 ] SQL: SELECT * FROM `kp_user` WHERE ( `username` = '11111111111' ) [ RunTime:0.000555s ]
[ 2011-09-10T13:44:32+08:00 ] SQL: SHOW COLUMNS FROM `kp_user` [ RunTime:0.003408s ]
[ 2011-09-10T13:44:32+08:00 ] SQL: SELECT * FROM `kp_user` WHERE ( `username` = '11111111111' ) [ RunTime:0.000559s ]
[ 2011-09-10T13:44:41+08:00 ] SQL: SHOW COLUMNS FROM `kp_user` [ RunTime:0.003776s ]
[ 2011-09-10T13:44:41+08:00 ] SQL: SELECT * FROM `kp_user` WHERE ( `username` = '11111111111' ) [ RunTime:0.000747s ]
[ 2011-09-10T13:44:43+08:00 ] SQL: SHOW COLUMNS FROM `kp_user` [ RunTime:0.003431s ]
[ 2011-09-10T13:44:43+08:00 ] SQL: SELECT * FROM `kp_user` WHERE ( `username` = '11111111111' ) [ RunTime:0.000581s ]
[ 2011-09-10T13:44:46+08:00 ] SQL: SHOW COLUMNS FROM `kp_user` [ RunTime:0.003673s ]
[ 2011-09-10T13:44:46+08:00 ] SQL: SELECT * FROM `kp_user` WHERE ( `username` = '11111111111' ) [ RunTime:0.000642s ]
[ 2011-09-10T13:44:54+08:00 ] SQL: SHOW COLUMNS FROM `kp_user` [ RunTime:0.003695s ]
[ 2011-09-10T13:44:54+08:00 ] SQL: SELECT * FROM `kp_user` WHERE ( `username` = '11111111111' ) [ RunTime:0.000579s ]
[ 2011-09-10T13:45:33+08:00 ] SQL: SHOW COLUMNS FROM `kp_user` [ RunTime:0.003652s ]
[ 2011-09-10T13:45:33+08:00 ] SQL: SELECT * FROM `kp_user` WHERE ( `username` = '11111111111' ) [ RunTime:0.000762s ]
[ 2011-09-10T13:45:35+08:00 ] SQL: SHOW COLUMNS FROM `kp_user` [ RunTime:0.003909s ]
[ 2011-09-10T13:45:35+08:00 ] SQL: SELECT * FROM `kp_user` WHERE ( `username` = '11111111111' ) [ RunTime:0.000609s ]
[ 2011-09-10T13:45:56+08:00 ] SQL: SHOW COLUMNS FROM `kp_user` [ RunTime:0.003547s ]
[ 2011-09-10T13:45:56+08:00 ] SQL: SELECT * FROM `kp_user` WHERE ( `username` = '11111111111' ) [ RunTime:0.000589s ]
[ 2011-09-10T13:56:31+08:00 ] NOTIC: [2] file_get_contents(D:/kuaipei/./Tpl/default/Public/dialog.html.html) [<a href='function.file-get-contents'>function.file-get-contents</a>]: failed to open stream: No such file or directory ThinkTemplate.class.php 第 770 行.
[ 2011-09-10T13:56:39+08:00 ] SQL: SHOW COLUMNS FROM `kp_user` [ RunTime:0.003694s ]
[ 2011-09-10T13:56:39+08:00 ] SQL: SELECT * FROM `kp_user` WHERE ( `username` = '11111111111' ) [ RunTime:0.000581s ]
[ 2011-09-10T13:56:45+08:00 ] SQL: SHOW COLUMNS FROM `kp_user` [ RunTime:0.003481s ]
[ 2011-09-10T13:56:45+08:00 ] SQL: SELECT * FROM `kp_user` WHERE ( `username` = '11111111111' ) [ RunTime:0.000735s ]
[ 2011-09-10T13:57:47+08:00 ] SQL: SHOW COLUMNS FROM `kp_user` [ RunTime:0.003425s ]
[ 2011-09-10T13:57:47+08:00 ] SQL: SELECT * FROM `kp_user` WHERE ( `username` = '11111111111' ) [ RunTime:0.000607s ]
[ 2011-09-10T13:59:28+08:00 ] SQL: SHOW COLUMNS FROM `kp_user` [ RunTime:0.003581s ]
[ 2011-09-10T13:59:28+08:00 ] SQL: SELECT * FROM `kp_user` WHERE ( `username` = '11111111111' ) [ RunTime:0.000584s ]
[ 2011-09-10T14:02:13+08:00 ] SQL: SHOW COLUMNS FROM `kp_user` [ RunTime:0.004756s ]
[ 2011-09-10T14:02:13+08:00 ] SQL: SELECT * FROM `kp_user` WHERE ( `username` = '11111111111' ) [ RunTime:0.001150s ]
[ 2011-09-10T14:02:18+08:00 ] SQL: SHOW COLUMNS FROM `kp_user` [ RunTime:0.005996s ]
[ 2011-09-10T14:02:18+08:00 ] SQL: SELECT * FROM `kp_user` WHERE ( `username` = '11111111111' ) [ RunTime:0.001140s ]
[ 2011-09-10T14:02:21+08:00 ] SQL: SHOW COLUMNS FROM `kp_user` [ RunTime:0.006424s ]
[ 2011-09-10T14:02:21+08:00 ] SQL: SELECT * FROM `kp_user` WHERE ( `username` = '11111111111' ) [ RunTime:0.001347s ]
[ 2011-09-10T14:02:24+08:00 ] SQL: SHOW COLUMNS FROM `kp_user` [ RunTime:0.006781s ]
[ 2011-09-10T14:02:24+08:00 ] SQL: SELECT * FROM `kp_user` WHERE ( `username` = '11111111111' ) [ RunTime:0.001074s ]
[ 2011-09-10T14:03:52+08:00 ] SQL: SHOW COLUMNS FROM `kp_user` [ RunTime:0.003614s ]
[ 2011-09-10T14:03:52+08:00 ] SQL: SELECT * FROM `kp_user` WHERE ( `username` = '11111111111' ) [ RunTime:0.000577s ]
[ 2011-09-10T14:03:58+08:00 ] SQL: SHOW COLUMNS FROM `kp_user` [ RunTime:0.004156s ]
[ 2011-09-10T14:03:58+08:00 ] SQL: SELECT * FROM `kp_user` WHERE ( `username` = '11111111111' ) [ RunTime:0.000564s ]
[ 2011-09-10T14:03:59+08:00 ] SQL: SHOW COLUMNS FROM `kp_user` [ RunTime:0.003693s ]
[ 2011-09-10T14:03:59+08:00 ] SQL: SELECT * FROM `kp_user` WHERE ( `username` = '11111111111' ) [ RunTime:0.000572s ]
[ 2011-09-10T14:03:59+08:00 ] SQL: SHOW COLUMNS FROM `kp_user` [ RunTime:0.003975s ]
[ 2011-09-10T14:03:59+08:00 ] SQL: SELECT * FROM `kp_user` WHERE ( `username` = '11111111111' ) [ RunTime:0.000739s ]
[ 2011-09-10T14:04:00+08:00 ] SQL: SHOW COLUMNS FROM `kp_user` [ RunTime:0.004266s ]
[ 2011-09-10T14:04:00+08:00 ] SQL: SELECT * FROM `kp_user` WHERE ( `username` = '11111111111' ) [ RunTime:0.000628s ]
[ 2011-09-10T14:04:00+08:00 ] SQL: SHOW COLUMNS FROM `kp_user` [ RunTime:0.003854s ]
[ 2011-09-10T14:04:00+08:00 ] SQL: SELECT * FROM `kp_user` WHERE ( `username` = '11111111111' ) [ RunTime:0.000559s ]
[ 2011-09-10T14:04:01+08:00 ] SQL: SHOW COLUMNS FROM `kp_user` [ RunTime:0.006074s ]
[ 2011-09-10T14:04:01+08:00 ] SQL: SELECT * FROM `kp_user` WHERE ( `username` = '11111111111' ) [ RunTime:0.001140s ]
[ 2011-09-10T14:04:01+08:00 ] SQL: SHOW COLUMNS FROM `kp_user` [ RunTime:0.003865s ]
[ 2011-09-10T14:04:01+08:00 ] SQL: SELECT * FROM `kp_user` WHERE ( `username` = '11111111111' ) [ RunTime:0.000561s ]
[ 2011-09-10T14:05:52+08:00 ] SQL: SHOW COLUMNS FROM `kp_user` [ RunTime:0.006866s ]
[ 2011-09-10T14:05:52+08:00 ] SQL: SELECT * FROM `kp_user` WHERE ( `username` = '11111111111' ) [ RunTime:0.000838s ]
[ 2011-09-10T14:09:25+08:00 ] SQL: SHOW COLUMNS FROM `kp_user` [ RunTime:0.003421s ]
[ 2011-09-10T14:09:25+08:00 ] SQL: SELECT * FROM `kp_user` WHERE ( `username` = '11111111111' ) [ RunTime:0.000639s ]
[ 2011-09-10T14:10:51+08:00 ] SQL: SHOW COLUMNS FROM `kp_user` [ RunTime:0.004612s ]
[ 2011-09-10T14:10:51+08:00 ] SQL: SELECT * FROM `kp_user` WHERE ( `username` = '11111111111' ) [ RunTime:0.000727s ]
[ 2011-09-10T14:11:04+08:00 ] SQL: SHOW COLUMNS FROM `kp_user` [ RunTime:0.003805s ]
[ 2011-09-10T14:11:04+08:00 ] SQL: SELECT * FROM `kp_user` WHERE ( `username` = '11111111111' ) [ RunTime:0.000821s ]
[ 2011-09-10T14:11:05+08:00 ] SQL: SHOW COLUMNS FROM `kp_user` [ RunTime:0.003618s ]
[ 2011-09-10T14:11:05+08:00 ] SQL: SELECT * FROM `kp_user` WHERE ( `username` = '11111111111' ) [ RunTime:0.000758s ]
[ 2011-09-10T14:11:06+08:00 ] SQL: SHOW COLUMNS FROM `kp_user` [ RunTime:0.003898s ]
[ 2011-09-10T14:11:06+08:00 ] SQL: SELECT * FROM `kp_user` WHERE ( `username` = '11111111111' ) [ RunTime:0.000774s ]
[ 2011-09-10T14:11:20+08:00 ] SQL: SHOW COLUMNS FROM `kp_user` [ RunTime:0.003831s ]
[ 2011-09-10T14:11:20+08:00 ] SQL: SELECT * FROM `kp_user` WHERE ( `username` = '11111111111' ) [ RunTime:0.000688s ]
[ 2011-09-10T14:11:24+08:00 ] SQL: SHOW COLUMNS FROM `kp_user` [ RunTime:0.003490s ]
[ 2011-09-10T14:11:24+08:00 ] SQL: SELECT * FROM `kp_user` WHERE ( `username` = '11111111111' ) [ RunTime:0.000562s ]
[ 2011-09-10T14:13:02+08:00 ] SQL: SHOW COLUMNS FROM `kp_user` [ RunTime:0.003655s ]
[ 2011-09-10T14:13:02+08:00 ] SQL: SELECT * FROM `kp_user` WHERE ( `username` = '11111111111' ) [ RunTime:0.000591s ]
[ 2011-09-10T14:13:33+08:00 ] SQL: SHOW COLUMNS FROM `kp_user` [ RunTime:0.005299s ]
[ 2011-09-10T14:13:33+08:00 ] SQL: SELECT * FROM `kp_user` WHERE ( `username` = '11111111111' ) [ RunTime:0.001371s ]
[ 2011-09-10T14:14:02+08:00 ] SQL: SHOW COLUMNS FROM `kp_user` [ RunTime:0.004610s ]
[ 2011-09-10T14:14:02+08:00 ] SQL: SELECT * FROM `kp_user` WHERE ( `username` = '11111111111' ) [ RunTime:0.000698s ]
[ 2011-09-10T14:14:09+08:00 ] SQL: SHOW COLUMNS FROM `kp_user` [ RunTime:0.005978s ]
[ 2011-09-10T14:14:09+08:00 ] SQL: SELECT * FROM `kp_user` WHERE ( `username` = '11111111111' ) [ RunTime:0.000823s ]
[ 2011-09-10T14:14:27+08:00 ] SQL: SHOW COLUMNS FROM `kp_user` [ RunTime:0.003920s ]
[ 2011-09-10T14:14:27+08:00 ] SQL: SELECT * FROM `kp_user` WHERE ( `username` = '11111111111' ) [ RunTime:0.000779s ]
[ 2011-09-10T14:15:07+08:00 ] SQL: SHOW COLUMNS FROM `kp_user` [ RunTime:0.003645s ]
[ 2011-09-10T14:15:07+08:00 ] SQL: SELECT * FROM `kp_user` WHERE ( `username` = '11111111111' ) [ RunTime:0.000688s ]
[ 2011-09-10T14:17:13+08:00 ] SQL: SHOW COLUMNS FROM `kp_user` [ RunTime:0.003426s ]
[ 2011-09-10T14:17:13+08:00 ] SQL: SELECT * FROM `kp_user` WHERE ( `username` = '11111111111' ) [ RunTime:0.000606s ]
[ 2011-09-10T14:17:22+08:00 ] SQL: SHOW COLUMNS FROM `kp_user` [ RunTime:0.004220s ]
[ 2011-09-10T14:17:22+08:00 ] SQL: SELECT * FROM `kp_user` WHERE ( `username` = '11111111111' ) [ RunTime:0.000697s ]
[ 2011-09-10T14:17:55+08:00 ] SQL: SHOW COLUMNS FROM `kp_user` [ RunTime:0.005267s ]
[ 2011-09-10T14:17:55+08:00 ] SQL: SELECT * FROM `kp_user` WHERE ( `username` = '11111111111' ) [ RunTime:0.000592s ]
[ 2011-09-10T14:18:28+08:00 ] SQL: SHOW COLUMNS FROM `kp_user` [ RunTime:0.004118s ]
[ 2011-09-10T14:18:28+08:00 ] SQL: SELECT * FROM `kp_user` WHERE ( `username` = '11111111111' ) [ RunTime:0.000627s ]
[ 2011-09-10T14:18:38+08:00 ] SQL: SHOW COLUMNS FROM `kp_user` [ RunTime:0.004138s ]
[ 2011-09-10T14:18:38+08:00 ] SQL: SELECT * FROM `kp_user` WHERE ( `username` = '11111111111' ) [ RunTime:0.000743s ]
[ 2011-09-10T14:19:53+08:00 ] SQL: SHOW COLUMNS FROM `kp_user` [ RunTime:0.003572s ]
[ 2011-09-10T14:19:53+08:00 ] SQL: SELECT * FROM `kp_user` WHERE ( `username` = '11111111111' ) [ RunTime:0.000782s ]
[ 2011-09-10T14:19:55+08:00 ] SQL: SHOW COLUMNS FROM `kp_user` [ RunTime:0.003305s ]
[ 2011-09-10T14:19:55+08:00 ] SQL: SELECT * FROM `kp_user` WHERE ( `username` = '11111111111' ) [ RunTime:0.000589s ]
[ 2011-09-10T14:20:03+08:00 ] SQL: SHOW COLUMNS FROM `kp_user` [ RunTime:0.003729s ]
[ 2011-09-10T14:20:03+08:00 ] SQL: SELECT * FROM `kp_user` WHERE ( `username` = '11111111111' ) [ RunTime:0.000690s ]
[ 2011-09-10T14:20:07+08:00 ] SQL: SHOW COLUMNS FROM `kp_user` [ RunTime:0.003859s ]
[ 2011-09-10T14:20:07+08:00 ] SQL: SELECT * FROM `kp_user` WHERE ( `username` = '11111111111' ) [ RunTime:0.000615s ]
[ 2011-09-10T14:20:22+08:00 ] SQL: SHOW COLUMNS FROM `kp_user` [ RunTime:0.005254s ]
[ 2011-09-10T14:20:22+08:00 ] SQL: SELECT * FROM `kp_user` WHERE ( `username` = '11111111111' ) [ RunTime:0.000953s ]
[ 2011-09-10T14:20:24+08:00 ] SQL: SHOW COLUMNS FROM `kp_user` [ RunTime:0.005306s ]
[ 2011-09-10T14:20:24+08:00 ] SQL: SELECT * FROM `kp_user` WHERE ( `username` = '11111111111' ) [ RunTime:0.000828s ]
[ 2011-09-10T14:21:03+08:00 ] SQL: SHOW COLUMNS FROM `kp_user` [ RunTime:0.003679s ]
[ 2011-09-10T14:21:03+08:00 ] SQL: SELECT * FROM `kp_user` WHERE ( `username` = '11111111111' ) [ RunTime:0.000639s ]
[ 2011-09-10T14:22:42+08:00 ] SQL: SHOW COLUMNS FROM `kp_user` [ RunTime:0.004420s ]
[ 2011-09-10T14:22:42+08:00 ] SQL: SELECT * FROM `kp_user` WHERE ( `username` = '11111111111' ) [ RunTime:0.000914s ]
[ 2011-09-10T14:24:49+08:00 ] ERR: (ThinkException) 无法加载模块images
[ 2011-09-10T14:24:56+08:00 ] SQL: SHOW COLUMNS FROM `kp_user` [ RunTime:0.005570s ]
[ 2011-09-10T14:24:56+08:00 ] SQL: SELECT * FROM `kp_user` WHERE ( `username` = '11111111111' ) [ RunTime:0.001009s ]
[ 2011-09-10T14:32:30+08:00 ] ERR: (ThinkException) 无法加载模块images
[ 2011-09-10T14:32:54+08:00 ] ERR: (ThinkException) 无法加载模块images
[ 2011-09-10T14:33:17+08:00 ] ERR: (ThinkException) 无法加载模块images
[ 2011-09-10T14:34:10+08:00 ] ERR: (ThinkException) 无法加载模块images
[ 2011-09-10T14:34:37+08:00 ] ERR: (ThinkException) 无法加载模块images
[ 2011-09-10T14:37:18+08:00 ] SQL: SHOW COLUMNS FROM `kp_user` [ RunTime:0.003516s ]
[ 2011-09-10T14:37:18+08:00 ] SQL: SELECT * FROM `kp_user` WHERE ( `username` = '11111111111' ) [ RunTime:0.000619s ]
[ 2011-09-10T14:37:26+08:00 ] SQL: SHOW COLUMNS FROM `kp_user` [ RunTime:0.003437s ]
[ 2011-09-10T14:37:26+08:00 ] SQL: SELECT * FROM `kp_user` WHERE ( `username` = '11111111111' ) [ RunTime:0.000613s ]
[ 2011-09-10T14:37:29+08:00 ] SQL: SHOW COLUMNS FROM `kp_user` [ RunTime:0.003344s ]
[ 2011-09-10T14:37:29+08:00 ] SQL: SELECT * FROM `kp_user` WHERE ( `username` = '11111111111' ) [ RunTime:0.000586s ]
[ 2011-09-10T14:37:32+08:00 ] SQL: SHOW COLUMNS FROM `kp_user` [ RunTime:0.003377s ]
[ 2011-09-10T14:37:32+08:00 ] SQL: SELECT * FROM `kp_user` WHERE ( `username` = '11111111111' ) [ RunTime:0.000593s ]
[ 2011-09-10T14:37:36+08:00 ] SQL: SHOW COLUMNS FROM `kp_user` [ RunTime:0.003502s ]
[ 2011-09-10T14:37:36+08:00 ] SQL: SELECT * FROM `kp_user` WHERE ( `username` = '11111111111' ) [ RunTime:0.000625s ]
[ 2011-09-10T14:37:38+08:00 ] SQL: SHOW COLUMNS FROM `kp_user` [ RunTime:0.003550s ]
[ 2011-09-10T14:37:38+08:00 ] SQL: SELECT * FROM `kp_user` WHERE ( `username` = '11111111111' ) [ RunTime:0.000604s ]
[ 2011-09-10T14:37:49+08:00 ] SQL: SHOW COLUMNS FROM `kp_user` [ RunTime:0.003700s ]
[ 2011-09-10T14:37:49+08:00 ] SQL: SELECT * FROM `kp_user` WHERE ( `username` = '11111111111' ) [ RunTime:0.000639s ]
[ 2011-09-10T14:38:29+08:00 ] SQL: SHOW COLUMNS FROM `kp_user` [ RunTime:0.003575s ]
[ 2011-09-10T14:38:29+08:00 ] SQL: SELECT * FROM `kp_user` WHERE ( `username` = '11111111111' ) [ RunTime:0.000649s ]
[ 2011-09-10T14:50:26+08:00 ] SQL: SHOW COLUMNS FROM `kp_user` [ RunTime:0.004255s ]
[ 2011-09-10T14:50:26+08:00 ] SQL: SELECT * FROM `kp_user` WHERE ( `username` = '11111111111' ) [ RunTime:0.000907s ]
