[ 2011-10-06T12:25:25+08:00 ] ERR: (ThinkException) 无法加载模块
[ 2011-10-06T12:25:31+08:00 ] ERR: (ThinkException) 非法操作chek
[ 2011-10-06T12:25:31+08:00 ] ERR: (ThinkException) 无法加载模块
[ 2011-10-06T12:25:39+08:00 ] ERR: (ThinkException) 无法加载模块
[ 2011-10-06T12:25:51+08:00 ] SQL: SHOW COLUMNS FROM `kp_user` [ RunTime:0.037473s ]
[ 2011-10-06T12:25:51+08:00 ] SQL: SELECT id, check_num, import_flag FROM `kp_user` WHERE ( `user_name` = '18602123502' ) LIMIT 1  [ RunTime:0.000324s ]
[ 2011-10-06T12:26:08+08:00 ] SQL: SHOW COLUMNS FROM `kp_user` [ RunTime:0.008628s ]
[ 2011-10-06T12:26:08+08:00 ] SQL: SELECT id, check_num, import_flag FROM `kp_user` WHERE ( `user_name` = '18922222222' ) LIMIT 1  [ RunTime:0.000940s ]
[ 2011-10-06T12:26:18+08:00 ] SQL: SHOW COLUMNS FROM `kp_user` [ RunTime:0.008538s ]
[ 2011-10-06T12:26:18+08:00 ] SQL: SELECT id, check_num, import_flag FROM `kp_user` WHERE ( `user_name` = '18922222222' ) LIMIT 1  [ RunTime:0.000818s ]
[ 2011-10-06T12:26:22+08:00 ] SQL: SHOW COLUMNS FROM `kp_user` [ RunTime:0.008469s ]
[ 2011-10-06T12:26:22+08:00 ] SQL: SELECT * FROM `kp_user` WHERE id=11 LIMIT 1  [ RunTime:0.001330s ]
[ 2011-10-06T12:26:22+08:00 ] ERR: (ThinkException) 无法加载模块
[ 2011-10-06T12:26:37+08:00 ] SQL: SHOW COLUMNS FROM `kp_user` [ RunTime:0.008177s ]
[ 2011-10-06T12:26:37+08:00 ] NOTIC: [8] Undefined index: auth RegAction.class.php 第 210 行.
[ 2011-10-06T12:26:37+08:00 ] SQL: UPDATE `kp_user` SET `password`='111111',`email`='nehnre@yahoo.com.cn',`update_time`='2011-10-06 12:26:37' WHERE ( `id` = '11' ) [ RunTime:0.003578s ]
[ 2011-10-06T12:26:37+08:00 ] ERR: (ThinkException) 无法加载模块
[ 2011-10-06T12:26:39+08:00 ] NOTIC: [8] Undefined variable: result 71dc696c23d5d8c7eaab81c85d4d2f72.php 第 59 行.
[ 2011-10-06T12:26:39+08:00 ] ERR: (ThinkException) 无法加载模块
[ 2011-10-06T12:26:47+08:00 ] SQL: SHOW COLUMNS FROM `kp_user` [ RunTime:0.008335s ]
[ 2011-10-06T12:26:47+08:00 ] NOTIC: [8] Undefined index: auth RegAction.class.php 第 210 行.
[ 2011-10-06T12:26:47+08:00 ] SQL: UPDATE `kp_user` SET `user_type1`='修理厂',`user_type2`='综合修理厂(三类资质)',`update_time`='2011-10-06 12:26:47' WHERE ( `id` = '11' ) [ RunTime:0.003925s ]
[ 2011-10-06T12:26:49+08:00 ] SQL: SHOW COLUMNS FROM `kp_user` [ RunTime:0.008118s ]
[ 2011-10-06T12:26:49+08:00 ] SQL: SELECT * FROM `kp_user` WHERE id=11 LIMIT 1  [ RunTime:0.001276s ]
[ 2011-10-06T12:26:49+08:00 ] ERR: (ThinkException) 无法加载模块
[ 2011-10-06T12:26:54+08:00 ] ERR: (ThinkException) 无法加载模块
[ 2011-10-06T12:27:05+08:00 ] SQL: SHOW COLUMNS FROM `kp_user` [ RunTime:0.008415s ]
[ 2011-10-06T12:27:05+08:00 ] NOTIC: [8] Undefined index: auth RegAction.class.php 第 210 行.
[ 2011-10-06T12:27:05+08:00 ] SQL: UPDATE `kp_user` SET `update_time`='2011-10-06 12:27:05' WHERE ( `id` = '11' ) [ RunTime:0.003026s ]
[ 2011-10-06T12:27:07+08:00 ] SQL: SHOW COLUMNS FROM `kp_user` [ RunTime:0.008443s ]
[ 2011-10-06T12:27:07+08:00 ] SQL: SELECT * FROM `kp_user` WHERE id=11 LIMIT 1  [ RunTime:0.001286s ]
[ 2011-10-06T12:27:07+08:00 ] ERR: (ThinkException) 无法加载模块
[ 2011-10-06T15:04:34+08:00 ] ERR: (ThinkException) 无法加载模块
[ 2011-10-06T15:04:39+08:00 ] SQL: SHOW COLUMNS FROM `kp_user` [ RunTime:0.008872s ]
[ 2011-10-06T15:04:39+08:00 ] SQL: SELECT * FROM `kp_user` WHERE id=11 LIMIT 1  [ RunTime:0.001312s ]
[ 2011-10-06T15:04:39+08:00 ] ERR: (ThinkException) 无法加载模块
[ 2011-10-06T15:04:46+08:00 ] ERR: (ThinkException) 无法加载模块
[ 2011-10-06T15:05:02+08:00 ] ERR: (ThinkException) 无法加载模块
[ 2011-10-06T15:05:17+08:00 ] SQL: SHOW COLUMNS FROM `kp_user` [ RunTime:0.008318s ]
[ 2011-10-06T15:05:17+08:00 ] SQL: SELECT * FROM `kp_user` WHERE id=11 LIMIT 1  [ RunTime:0.001294s ]
[ 2011-10-06T15:05:17+08:00 ] ERR: (ThinkException) 无法加载模块
[ 2011-10-06T15:05:26+08:00 ] SQL: SHOW COLUMNS FROM `kp_user` [ RunTime:0.008518s ]
[ 2011-10-06T15:05:26+08:00 ] NOTIC: [8] Undefined index: auth RegAction.class.php 第 210 行.
[ 2011-10-06T15:05:26+08:00 ] SQL: UPDATE `kp_user` SET `password`='111111',`email`='nehnre@yahoo.com.cn',`update_time`='2011-10-06 15:05:26' WHERE ( `id` = '11' ) [ RunTime:0.005347s ]
[ 2011-10-06T15:05:26+08:00 ] ERR: (ThinkException) 无法加载模块
[ 2011-10-06T15:05:28+08:00 ] NOTIC: [8] Undefined variable: result 71dc696c23d5d8c7eaab81c85d4d2f72.php 第 59 行.
[ 2011-10-06T15:05:28+08:00 ] ERR: (ThinkException) 无法加载模块
[ 2011-10-06T15:05:36+08:00 ] SQL: SHOW COLUMNS FROM `kp_user` [ RunTime:0.008251s ]
[ 2011-10-06T15:05:36+08:00 ] NOTIC: [8] Undefined index: auth RegAction.class.php 第 210 行.
[ 2011-10-06T15:05:36+08:00 ] SQL: UPDATE `kp_user` SET `user_type1`='车主',`user_type2`='商用车',`update_time`='2011-10-06 15:05:36' WHERE ( `id` = '11' ) [ RunTime:0.010251s ]
[ 2011-10-06T15:05:38+08:00 ] SQL: SHOW COLUMNS FROM `kp_user` [ RunTime:0.009799s ]
[ 2011-10-06T15:05:38+08:00 ] SQL: SELECT * FROM `kp_user` WHERE id=11 LIMIT 1  [ RunTime:0.001259s ]
[ 2011-10-06T15:05:38+08:00 ] ERR: (ThinkException) 无法加载模块
[ 2011-10-06T15:05:50+08:00 ] ERR: (ThinkException) 无法加载模块
[ 2011-10-06T15:06:04+08:00 ] ERR: (ThinkException) 无法加载模块
[ 2011-10-06T15:06:23+08:00 ] NOTIC: [8] Undefined variable: result 71dc696c23d5d8c7eaab81c85d4d2f72.php 第 59 行.
[ 2011-10-06T15:06:23+08:00 ] ERR: (ThinkException) 无法加载模块
[ 2011-10-06T15:08:20+08:00 ] NOTIC: [8] Undefined variable: result 71dc696c23d5d8c7eaab81c85d4d2f72.php 第 59 行.
[ 2011-10-06T15:08:20+08:00 ] ERR: (ThinkException) 无法加载模块
[ 2011-10-06T15:18:58+08:00 ] SQL: SHOW COLUMNS FROM `kp_user` [ RunTime:0.008540s ]
[ 2011-10-06T15:18:58+08:00 ] SQL: SELECT * FROM `kp_user` WHERE id=11 LIMIT 1  [ RunTime:0.001572s ]
[ 2011-10-06T15:18:58+08:00 ] ERR: (ThinkException) 无法加载模块
[ 2011-10-06T15:19:22+08:00 ] SQL: SHOW COLUMNS FROM `kp_user` [ RunTime:0.008404s ]
[ 2011-10-06T15:19:22+08:00 ] SQL: SELECT * FROM `kp_user` WHERE id=11 LIMIT 1  [ RunTime:0.001360s ]
[ 2011-10-06T15:19:22+08:00 ] ERR: (ThinkException) 无法加载模块
[ 2011-10-06T15:19:27+08:00 ] SQL: SHOW COLUMNS FROM `kp_user` [ RunTime:0.008374s ]
[ 2011-10-06T15:19:27+08:00 ] NOTIC: [8] Undefined index: auth RegAction.class.php 第 216 行.
[ 2011-10-06T15:19:27+08:00 ] SQL: UPDATE `kp_user` SET `user_type1`='车主',`user_type2`='商用车',`update_time`='2011-10-06 15:19:27' WHERE ( `id` = '11' ) [ RunTime:0.003498s ]
[ 2011-10-06T15:19:29+08:00 ] SQL: SHOW COLUMNS FROM `kp_user` [ RunTime:0.009007s ]
[ 2011-10-06T15:19:29+08:00 ] SQL: SELECT * FROM `kp_user` WHERE id=11 LIMIT 1  [ RunTime:0.001317s ]
[ 2011-10-06T15:19:29+08:00 ] ERR: (ThinkException) 无法加载模块
[ 2011-10-06T15:19:30+08:00 ] ERR: (ThinkException) 无法加载模块
[ 2011-10-06T15:19:37+08:00 ] SQL: SHOW COLUMNS FROM `kp_user` [ RunTime:0.008516s ]
[ 2011-10-06T15:19:37+08:00 ] NOTIC: [8] Undefined index: auth RegAction.class.php 第 216 行.
[ 2011-10-06T15:19:37+08:00 ] SQL: UPDATE `kp_user` SET `update_time`='2011-10-06 15:19:37' WHERE ( `id` = '11' ) [ RunTime:0.003611s ]
[ 2011-10-06T15:19:40+08:00 ] SQL: SHOW COLUMNS FROM `kp_user` [ RunTime:0.008808s ]
[ 2011-10-06T15:19:40+08:00 ] SQL: SELECT * FROM `kp_user` WHERE id=11 LIMIT 1  [ RunTime:0.001251s ]
[ 2011-10-06T15:19:40+08:00 ] ERR: (ThinkException) 无法加载模块
[ 2011-10-06T15:19:43+08:00 ] ERR: (ThinkException) 无法加载模块
[ 2011-10-06T15:19:48+08:00 ] SQL: SHOW COLUMNS FROM `kp_user` [ RunTime:0.008327s ]
[ 2011-10-06T15:19:48+08:00 ] SQL: SELECT * FROM `kp_user` WHERE id=11 LIMIT 1  [ RunTime:0.001245s ]
[ 2011-10-06T15:19:48+08:00 ] ERR: (ThinkException) 无法加载模块
[ 2011-10-06T15:19:52+08:00 ] SQL: SHOW COLUMNS FROM `kp_user` [ RunTime:0.008602s ]
[ 2011-10-06T15:19:52+08:00 ] SQL: SELECT * FROM `kp_user` WHERE id=11 LIMIT 1  [ RunTime:0.001200s ]
[ 2011-10-06T15:19:52+08:00 ] ERR: (ThinkException) 无法加载模块
[ 2011-10-06T15:19:59+08:00 ] SQL: SHOW COLUMNS FROM `kp_user` [ RunTime:0.008841s ]
[ 2011-10-06T15:19:59+08:00 ] NOTIC: [8] Undefined index: auth RegAction.class.php 第 216 行.
[ 2011-10-06T15:19:59+08:00 ] SQL: UPDATE `kp_user` SET `user_type1`='车队',`user_type2`='货车',`update_time`='2011-10-06 15:19:59' WHERE ( `id` = '11' ) [ RunTime:0.026617s ]
[ 2011-10-06T15:20:01+08:00 ] SQL: SHOW COLUMNS FROM `kp_user` [ RunTime:0.002664s ]
[ 2011-10-06T15:20:01+08:00 ] SQL: SELECT * FROM `kp_user` WHERE id=11 LIMIT 1  [ RunTime:0.000453s ]
[ 2011-10-06T15:20:01+08:00 ] ERR: (ThinkException) 无法加载模块
[ 2011-10-06T15:20:04+08:00 ] ERR: (ThinkException) 无法加载模块
[ 2011-10-06T15:20:08+08:00 ] SQL: SHOW COLUMNS FROM `kp_user` [ RunTime:0.008835s ]
[ 2011-10-06T15:20:08+08:00 ] SQL: SELECT * FROM `kp_user` WHERE id=11 LIMIT 1  [ RunTime:0.001297s ]
[ 2011-10-06T15:20:08+08:00 ] ERR: (ThinkException) 无法加载模块
[ 2011-10-06T15:20:18+08:00 ] SQL: SHOW COLUMNS FROM `kp_user` [ RunTime:0.008680s ]
[ 2011-10-06T15:20:19+08:00 ] NOTIC: [8] Undefined index: auth RegAction.class.php 第 216 行.
[ 2011-10-06T15:20:19+08:00 ] SQL: UPDATE `kp_user` SET `user_type1`='厂商',`user_type2`='外资',`update_time`='2011-10-06 15:20:19' WHERE ( `id` = '11' ) [ RunTime:0.003333s ]
[ 2011-10-06T15:20:21+08:00 ] SQL: SHOW COLUMNS FROM `kp_user` [ RunTime:0.009116s ]
[ 2011-10-06T15:20:21+08:00 ] SQL: SELECT * FROM `kp_user` WHERE id=11 LIMIT 1  [ RunTime:0.001167s ]
[ 2011-10-06T15:20:21+08:00 ] ERR: (ThinkException) 无法加载模块
[ 2011-10-06T15:20:28+08:00 ] ERR: (ThinkException) 无法加载模块
[ 2011-10-06T15:20:32+08:00 ] SQL: SHOW COLUMNS FROM `kp_user` [ RunTime:0.008304s ]
[ 2011-10-06T15:20:32+08:00 ] SQL: SELECT * FROM `kp_user` WHERE id=11 LIMIT 1  [ RunTime:0.001260s ]
[ 2011-10-06T15:20:32+08:00 ] ERR: (ThinkException) 无法加载模块
[ 2011-10-06T15:20:38+08:00 ] ERR: (ThinkException) 无法加载模块
[ 2011-10-06T15:21:08+08:00 ] SQL: SHOW COLUMNS FROM `kp_user` [ RunTime:0.008791s ]
[ 2011-10-06T15:21:08+08:00 ] NOTIC: [8] Undefined index: auth RegAction.class.php 第 216 行.
[ 2011-10-06T15:21:08+08:00 ] SQL: UPDATE `kp_user` SET `user_type1`='经销商',`user_type2`='分销商',`update_time`='2011-10-06 15:21:08' WHERE ( `id` = '11' ) [ RunTime:0.003733s ]
[ 2011-10-06T15:21:10+08:00 ] SQL: SHOW COLUMNS FROM `kp_user` [ RunTime:0.008050s ]
[ 2011-10-06T15:21:10+08:00 ] SQL: SELECT * FROM `kp_user` WHERE id=11 LIMIT 1  [ RunTime:0.001281s ]
[ 2011-10-06T15:21:10+08:00 ] ERR: (ThinkException) 无法加载模块
[ 2011-10-06T15:27:31+08:00 ] SQL: SHOW COLUMNS FROM `kp_user` [ RunTime:0.009070s ]
[ 2011-10-06T15:27:31+08:00 ] SQL: SELECT * FROM `kp_user` WHERE id=11 LIMIT 1  [ RunTime:0.001291s ]
[ 2011-10-06T15:27:31+08:00 ] NOTIC: [8] Undefined index: company_address 31c452d5d30490f9813375a7f9fe52a0.php 第 51 行.
[ 2011-10-06T15:27:31+08:00 ] NOTIC: [8] Undefined variable: reuslt 31c452d5d30490f9813375a7f9fe52a0.php 第 63 行.
[ 2011-10-06T15:27:31+08:00 ] NOTIC: [8] Undefined variable: reuslt 31c452d5d30490f9813375a7f9fe52a0.php 第 69 行.
[ 2011-10-06T15:27:31+08:00 ] NOTIC: [8] Undefined index: bisiness_call 31c452d5d30490f9813375a7f9fe52a0.php 第 73 行.
[ 2011-10-06T15:27:31+08:00 ] NOTIC: [8] Undefined variable: reuslt 31c452d5d30490f9813375a7f9fe52a0.php 第 92 行.
[ 2011-10-06T15:27:32+08:00 ] ERR: (ThinkException) 无法加载模块
[ 2011-10-06T15:27:47+08:00 ] ERR: (ThinkException) 无法加载模块
[ 2011-10-06T15:27:47+08:00 ] ERR: (ThinkException) 无法加载模块
[ 2011-10-06T15:27:50+08:00 ] ERR: (ThinkException) 无法加载模块
[ 2011-10-06T15:27:50+08:00 ] ERR: (ThinkException) 无法加载模块
[ 2011-10-06T15:27:53+08:00 ] ERR: (ThinkException) 无法加载模块
[ 2011-10-06T15:27:53+08:00 ] ERR: (ThinkException) 无法加载模块
[ 2011-10-06T15:27:58+08:00 ] SQL: SHOW COLUMNS FROM `kp_user` [ RunTime:0.008212s ]
[ 2011-10-06T15:27:58+08:00 ] SQL: UPDATE `kp_user` SET `company_name`='111111',`city`='',`post_code`='111111',`business_call`='111111',`link_man`='111',`business_scope`='111',`company_scale`='1',`business_license`='thumb_4e8d587385bcd.jpg',`address_pic`='thumb_4e8d587632fe7.jpg',`business_card`='thumb_4e8d58794458a.jpg',`update_time`='2011-10-06 15:27:58',`status`='待审核' WHERE ( `id` = '11' ) [ RunTime:0.003285s ]
[ 2011-10-06T15:27:58+08:00 ] ERR: (ThinkException) 无法加载模块
[ 2011-10-06T15:28:02+08:00 ] ERR: (ThinkException) 无法加载模块
[ 2011-10-06T15:28:07+08:00 ] SQL: SHOW COLUMNS FROM `kp_user` [ RunTime:0.008460s ]
[ 2011-10-06T15:28:07+08:00 ] SQL: SELECT * FROM `kp_user` WHERE id=11 LIMIT 1  [ RunTime:0.001331s ]
[ 2011-10-06T15:28:07+08:00 ] NOTIC: [8] Undefined index: company_address 31c452d5d30490f9813375a7f9fe52a0.php 第 51 行.
[ 2011-10-06T15:28:07+08:00 ] NOTIC: [8] Undefined variable: reuslt 31c452d5d30490f9813375a7f9fe52a0.php 第 63 行.
[ 2011-10-06T15:28:07+08:00 ] NOTIC: [8] Undefined variable: reuslt 31c452d5d30490f9813375a7f9fe52a0.php 第 69 行.
[ 2011-10-06T15:28:07+08:00 ] NOTIC: [8] Undefined index: bisiness_call 31c452d5d30490f9813375a7f9fe52a0.php 第 73 行.
[ 2011-10-06T15:28:07+08:00 ] NOTIC: [8] Undefined variable: reuslt 31c452d5d30490f9813375a7f9fe52a0.php 第 92 行.
[ 2011-10-06T15:28:07+08:00 ] ERR: (ThinkException) 无法加载模块
[ 2011-10-06T15:32:01+08:00 ] SQL: SHOW COLUMNS FROM `kp_user` [ RunTime:0.008959s ]
[ 2011-10-06T15:32:01+08:00 ] SQL: SELECT * FROM `kp_user` WHERE id=11 LIMIT 1  [ RunTime:0.001336s ]
[ 2011-10-06T15:32:01+08:00 ] NOTIC: [8] Undefined index: company_address 31c452d5d30490f9813375a7f9fe52a0.php 第 51 行.
[ 2011-10-06T15:32:01+08:00 ] NOTIC: [8] Undefined variable: reuslt 31c452d5d30490f9813375a7f9fe52a0.php 第 63 行.
[ 2011-10-06T15:32:01+08:00 ] NOTIC: [8] Undefined variable: reuslt 31c452d5d30490f9813375a7f9fe52a0.php 第 69 行.
[ 2011-10-06T15:32:01+08:00 ] NOTIC: [8] Undefined index: bisiness_call 31c452d5d30490f9813375a7f9fe52a0.php 第 73 行.
[ 2011-10-06T15:32:01+08:00 ] NOTIC: [8] Undefined variable: reuslt 31c452d5d30490f9813375a7f9fe52a0.php 第 92 行.
[ 2011-10-06T15:32:02+08:00 ] ERR: (ThinkException) 无法加载模块
[ 2011-10-06T15:32:53+08:00 ] SQL: SHOW COLUMNS FROM `kp_user` [ RunTime:0.009060s ]
[ 2011-10-06T15:32:53+08:00 ] SQL: SELECT * FROM `kp_user` WHERE id=11 LIMIT 1  [ RunTime:0.001367s ]
[ 2011-10-06T15:32:53+08:00 ] NOTIC: [8] Undefined index: company_address 31c452d5d30490f9813375a7f9fe52a0.php 第 51 行.
[ 2011-10-06T15:32:53+08:00 ] NOTIC: [8] Undefined index: bisiness_call 31c452d5d30490f9813375a7f9fe52a0.php 第 73 行.
[ 2011-10-06T15:32:53+08:00 ] NOTIC: [8] Undefined variable: reuslt 31c452d5d30490f9813375a7f9fe52a0.php 第 92 行.
[ 2011-10-06T15:32:53+08:00 ] ERR: (ThinkException) 无法加载模块
[ 2011-10-06T15:33:16+08:00 ] SQL: SHOW COLUMNS FROM `kp_user` [ RunTime:0.009265s ]
[ 2011-10-06T15:33:16+08:00 ] SQL: SELECT * FROM `kp_user` WHERE id=11 LIMIT 1  [ RunTime:0.001287s ]
[ 2011-10-06T15:33:16+08:00 ] NOTIC: [8] Undefined index: company_address 31c452d5d30490f9813375a7f9fe52a0.php 第 51 行.
[ 2011-10-06T15:33:16+08:00 ] NOTIC: [8] Undefined variable: reuslt 31c452d5d30490f9813375a7f9fe52a0.php 第 92 行.
[ 2011-10-06T15:33:17+08:00 ] ERR: (ThinkException) 无法加载模块
[ 2011-10-06T15:34:32+08:00 ] SQL: SHOW COLUMNS FROM `kp_user` [ RunTime:0.008567s ]
[ 2011-10-06T15:34:32+08:00 ] SQL: SELECT * FROM `kp_user` WHERE id=11 LIMIT 1  [ RunTime:0.001263s ]
[ 2011-10-06T15:34:32+08:00 ] NOTIC: [8] Undefined variable: reuslt 31c452d5d30490f9813375a7f9fe52a0.php 第 92 行.
[ 2011-10-06T15:34:32+08:00 ] ERR: (ThinkException) 无法加载模块
[ 2011-10-06T15:34:41+08:00 ] ERR: (ThinkException) 无法加载模块
[ 2011-10-06T15:34:43+08:00 ] ERR: (ThinkException) 无法加载模块
[ 2011-10-06T15:34:44+08:00 ] ERR: (ThinkException) 无法加载模块
[ 2011-10-06T15:34:46+08:00 ] ERR: (ThinkException) 无法加载模块
[ 2011-10-06T15:34:50+08:00 ] SQL: SHOW COLUMNS FROM `kp_user` [ RunTime:0.008786s ]
[ 2011-10-06T15:34:50+08:00 ] SQL: UPDATE `kp_user` SET `company_name`='111111',`company_address`='企业地址',`city`='上海',`post_code`='111111',`business_call`='111111',`link_man`='111',`business_scope`='111',`company_scale`='1',`business_license`='thumb_4e8d5a10ed3c5.jpg',`address_pic`='thumb_4e8d5a13ef125.jpg',`business_card`='thumb_4e8d5a1647ebb.jpg',`update_time`='2011-10-06 15:34:50',`status`='待审核' WHERE ( `id` = '11' ) [ RunTime:0.021053s ]
[ 2011-10-06T15:34:50+08:00 ] ERR: (ThinkException) 无法加载模块
[ 2011-10-06T15:34:52+08:00 ] ERR: (ThinkException) 无法加载模块
[ 2011-10-06T15:34:55+08:00 ] SQL: SHOW COLUMNS FROM `kp_user` [ RunTime:0.008312s ]
[ 2011-10-06T15:34:55+08:00 ] SQL: SELECT * FROM `kp_user` WHERE id=11 LIMIT 1  [ RunTime:0.001381s ]
[ 2011-10-06T15:34:55+08:00 ] NOTIC: [8] Undefined variable: reuslt 31c452d5d30490f9813375a7f9fe52a0.php 第 92 行.
[ 2011-10-06T15:34:55+08:00 ] ERR: (ThinkException) 无法加载模块
[ 2011-10-06T15:40:44+08:00 ] ERR: (ThinkException) 无法加载模块
[ 2011-10-06T15:42:24+08:00 ] SQL: SHOW COLUMNS FROM `kp_user` [ RunTime:0.009037s ]
[ 2011-10-06T15:42:24+08:00 ] SQL: SELECT * FROM `kp_user` WHERE id=11 LIMIT 1  [ RunTime:0.001449s ]
[ 2011-10-06T15:42:25+08:00 ] NOTIC: [8] Undefined variable: reuslt 31c452d5d30490f9813375a7f9fe52a0.php 第 92 行.
[ 2011-10-06T15:42:25+08:00 ] ERR: (ThinkException) 无法加载模块
[ 2011-10-06T15:42:33+08:00 ] ERR: (ThinkException) 无法加载模块
[ 2011-10-06T15:42:44+08:00 ] ERR: (ThinkException) 无法加载模块
[ 2011-10-06T15:44:31+08:00 ] ERR: (ThinkException) 无法加载模块
[ 2011-10-06T15:44:48+08:00 ] ERR: (ThinkException) 无法加载模块
[ 2011-10-06T15:45:12+08:00 ] SQL: SHOW COLUMNS FROM `kp_user` [ RunTime:0.009250s ]
[ 2011-10-06T15:45:12+08:00 ] SQL: SELECT * FROM `kp_user` WHERE id=11 LIMIT 1  [ RunTime:0.001307s ]
[ 2011-10-06T15:45:12+08:00 ] NOTIC: [8] Undefined variable: reuslt 31c452d5d30490f9813375a7f9fe52a0.php 第 92 行.
[ 2011-10-06T15:45:12+08:00 ] ERR: (ThinkException) 无法加载模块
[ 2011-10-06T15:47:08+08:00 ] SQL: SHOW COLUMNS FROM `kp_user` [ RunTime:0.009221s ]
[ 2011-10-06T15:47:08+08:00 ] SQL: SELECT * FROM `kp_user` WHERE id=11 LIMIT 1  [ RunTime:0.001423s ]
[ 2011-10-06T15:47:08+08:00 ] NOTIC: [8] Undefined variable: reuslt 31c452d5d30490f9813375a7f9fe52a0.php 第 92 行.
[ 2011-10-06T15:47:08+08:00 ] ERR: (ThinkException) 无法加载模块
[ 2011-10-06T15:47:54+08:00 ] SQL: SHOW COLUMNS FROM `kp_user` [ RunTime:0.010329s ]
[ 2011-10-06T15:47:54+08:00 ] SQL: SELECT * FROM `kp_user` WHERE id=11 LIMIT 1  [ RunTime:0.001442s ]
[ 2011-10-06T15:47:54+08:00 ] NOTIC: [8] Undefined variable: reuslt 31c452d5d30490f9813375a7f9fe52a0.php 第 92 行.
[ 2011-10-06T15:47:54+08:00 ] ERR: (ThinkException) 无法加载模块
[ 2011-10-06T15:48:00+08:00 ] SQL: SHOW COLUMNS FROM `kp_user` [ RunTime:0.008792s ]
[ 2011-10-06T15:48:00+08:00 ] SQL: UPDATE `kp_user` SET `company_name`='111111',`company_address`='企业地址',`city`='上海',`post_code`='111111',`business_call`='111111',`link_man`='111',`business_scope`='111',`company_scale`='1',`business_license`='thumb_4e8d5a10ed3c5.jpg',`address_pic`='thumb_4e8d5a13ef125.jpg',`business_card`='thumb_4e8d5a1647ebb.jpg',`update_time`='2011-10-06 15:48:00',`status`='待审核' WHERE ( `id` = '11' ) [ RunTime:0.003819s ]
[ 2011-10-06T15:48:00+08:00 ] ERR: (ThinkException) 无法加载模块
[ 2011-10-06T15:48:06+08:00 ] ERR: (ThinkException) 无法加载模块
[ 2011-10-06T15:48:10+08:00 ] SQL: SHOW COLUMNS FROM `kp_user` [ RunTime:0.008430s ]
[ 2011-10-06T15:48:10+08:00 ] SQL: SELECT * FROM `kp_user` WHERE id=11 LIMIT 1  [ RunTime:0.001309s ]
[ 2011-10-06T15:48:10+08:00 ] ERR: (ThinkException) 无法加载模块
[ 2011-10-06T15:48:19+08:00 ] ERR: (ThinkException) 无法加载模块
[ 2011-10-06T15:48:25+08:00 ] ERR: (ThinkException) 无法加载模块
[ 2011-10-06T15:48:26+08:00 ] ERR: (ThinkException) 无法加载模块
[ 2011-10-06T15:48:43+08:00 ] ERR: (ThinkException) 无法加载模块
[ 2011-10-06T15:48:46+08:00 ] ERR: (ThinkException) 无法加载模块
[ 2011-10-06T15:49:08+08:00 ] SQL: SHOW COLUMNS FROM `kp_user` [ RunTime:0.008444s ]
[ 2011-10-06T15:49:08+08:00 ] SQL: SELECT id, check_num, import_flag FROM `kp_user` WHERE ( `user_name` = '18922222222' ) LIMIT 1  [ RunTime:0.000894s ]
[ 2011-10-06T15:49:13+08:00 ] SQL: SHOW COLUMNS FROM `kp_user` [ RunTime:0.008928s ]
[ 2011-10-06T15:49:13+08:00 ] SQL: SELECT id, check_num, import_flag FROM `kp_user` WHERE ( `user_name` = '18922222222' ) LIMIT 1  [ RunTime:0.000926s ]
[ 2011-10-06T16:01:53+08:00 ] SQL: SHOW COLUMNS FROM `kp_user` [ RunTime:0.008161s ]
[ 2011-10-06T16:01:53+08:00 ] SQL: SELECT id, check_num, import_flag FROM `kp_user` WHERE ( `user_name` = '18922222222' ) LIMIT 1  [ RunTime:0.000589s ]
[ 2011-10-06T16:01:57+08:00 ] ERR: (ThinkException) 无法加载模块
[ 2011-10-06T16:02:06+08:00 ] SQL: SHOW COLUMNS FROM `kp_user` [ RunTime:0.008563s ]
[ 2011-10-06T16:02:06+08:00 ] SQL: SELECT id, check_num, import_flag FROM `kp_user` WHERE ( `user_name` = '18922222222' ) LIMIT 1  [ RunTime:0.000852s ]
[ 2011-10-06T16:02:15+08:00 ] SQL: SHOW COLUMNS FROM `kp_user` [ RunTime:0.008279s ]
[ 2011-10-06T16:02:15+08:00 ] SQL: SELECT id, check_num, import_flag FROM `kp_user` WHERE ( `user_name` = '18922222222' ) LIMIT 1  [ RunTime:0.000839s ]
[ 2011-10-06T16:02:19+08:00 ] SQL: SHOW COLUMNS FROM `kp_user` [ RunTime:0.008711s ]
[ 2011-10-06T16:02:19+08:00 ] SQL: SELECT * FROM `kp_user` WHERE id=11 LIMIT 1  [ RunTime:0.001311s ]
[ 2011-10-06T16:02:19+08:00 ] ERR: (ThinkException) 无法加载模块
[ 2011-10-06T16:02:25+08:00 ] SQL: SHOW COLUMNS FROM `kp_user` [ RunTime:0.008764s ]
[ 2011-10-06T16:02:25+08:00 ] NOTIC: [8] Undefined index: auth RegAction.class.php 第 217 行.
[ 2011-10-06T16:02:25+08:00 ] SQL: UPDATE `kp_user` SET `password`='111111',`email`='nehnre@yahoo.com.cn',`update_time`='2011-10-06 16:02:25' WHERE ( `id` = '11' ) [ RunTime:0.008226s ]
[ 2011-10-06T16:02:25+08:00 ] ERR: (ThinkException) 无法加载模块
[ 2011-10-06T16:02:29+08:00 ] SQL: SHOW COLUMNS FROM `kp_user` [ RunTime:0.008461s ]
[ 2011-10-06T16:02:29+08:00 ] SQL: SELECT * FROM `kp_user` WHERE id=11 LIMIT 1  [ RunTime:0.001264s ]
[ 2011-10-06T16:02:29+08:00 ] ERR: (ThinkException) 无法加载模块
[ 2011-10-06T16:02:33+08:00 ] SQL: SHOW COLUMNS FROM `kp_user` [ RunTime:0.008392s ]
[ 2011-10-06T16:02:33+08:00 ] NOTIC: [8] Undefined index: auth RegAction.class.php 第 217 行.
[ 2011-10-06T16:02:33+08:00 ] SQL: UPDATE `kp_user` SET `user_type1`='经销商',`user_type2`='分销商',`update_time`='2011-10-06 16:02:33' WHERE ( `id` = '11' ) [ RunTime:0.003589s ]
[ 2011-10-06T16:02:35+08:00 ] SQL: SHOW COLUMNS FROM `kp_user` [ RunTime:0.008180s ]
[ 2011-10-06T16:02:35+08:00 ] SQL: SELECT * FROM `kp_user` WHERE id=11 LIMIT 1  [ RunTime:0.001273s ]
[ 2011-10-06T16:02:35+08:00 ] NOTIC: [8] Undefined variable: reuslt 31c452d5d30490f9813375a7f9fe52a0.php 第 92 行.
[ 2011-10-06T16:02:35+08:00 ] ERR: (ThinkException) 无法加载模块
[ 2011-10-06T16:02:45+08:00 ] SQL: SHOW COLUMNS FROM `kp_user` [ RunTime:0.008767s ]
[ 2011-10-06T16:02:45+08:00 ] SQL: UPDATE `kp_user` SET `company_name`='111111',`company_address`='企业地址',`city`='上海',`post_code`='111111',`business_call`='111111',`link_man`='111',`business_scope`='111',`company_scale`='1',`business_license`='thumb_4e8d5a10ed3c5.jpg',`address_pic`='thumb_4e8d5a13ef125.jpg',`business_card`='thumb_4e8d5a1647ebb.jpg',`update_time`='2011-10-06 16:02:45',`status`='待审核' WHERE ( `id` = '11' ) [ RunTime:0.003621s ]
[ 2011-10-06T16:02:45+08:00 ] NOTIC: [2] copy(F:\myselfproject\kuaipei\kuaipei\/Temp/thumb_4e8d5a10ed3c5.jpg) [<a href='function.copy'>function.copy</a>]: failed to open stream: No such file or directory RegAction.class.php 第 268 行.
[ 2011-10-06T16:02:45+08:00 ] NOTIC: [2] copy(F:\myselfproject\kuaipei\kuaipei\/Temp/thumb_4e8d5a13ef125.jpg) [<a href='function.copy'>function.copy</a>]: failed to open stream: No such file or directory RegAction.class.php 第 268 行.
[ 2011-10-06T16:02:45+08:00 ] NOTIC: [2] copy(F:\myselfproject\kuaipei\kuaipei\/Temp/thumb_4e8d5a1647ebb.jpg) [<a href='function.copy'>function.copy</a>]: failed to open stream: No such file or directory RegAction.class.php 第 268 行.
[ 2011-10-06T16:02:45+08:00 ] ERR: (ThinkException) 无法加载模块
[ 2011-10-06T16:02:51+08:00 ] ERR: (ThinkException) 无法加载模块
[ 2011-10-06T16:02:53+08:00 ] ERR: (ThinkException) 无法加载模块
[ 2011-10-06T16:02:55+08:00 ] ERR: (ThinkException) 无法加载模块
[ 2011-10-06T16:06:41+08:00 ] SQL: SHOW COLUMNS FROM `kp_user` [ RunTime:0.009130s ]
[ 2011-10-06T16:06:41+08:00 ] SQL: UPDATE `kp_user` SET `company_name`='111111',`company_address`='企业地址',`city`='广州',`post_code`='111111',`business_call`='111111',`link_man`='111',`business_scope`='111',`company_scale`='1',`business_license`='thumb_4e8d5a10ed3c5.jpg',`address_pic`='thumb_4e8d5a13ef125.jpg',`business_card`='thumb_4e8d5a1647ebb.jpg',`update_time`='2011-10-06 16:06:41',`status`='待审核' WHERE ( `id` = '11' ) [ RunTime:0.003984s ]
[ 2011-10-06T16:06:41+08:00 ] NOTIC: [2] copy(F:\myselfproject\kuaipei\kuaipei\/Temp/thumb_4e8d5a10ed3c5.jpg) [<a href='function.copy'>function.copy</a>]: failed to open stream: No such file or directory RegAction.class.php 第 268 行.
[ 2011-10-06T16:06:41+08:00 ] NOTIC: [2] copy(F:\myselfproject\kuaipei\kuaipei\/Temp/thumb_4e8d5a13ef125.jpg) [<a href='function.copy'>function.copy</a>]: failed to open stream: No such file or directory RegAction.class.php 第 268 行.
[ 2011-10-06T16:06:41+08:00 ] NOTIC: [2] copy(F:\myselfproject\kuaipei\kuaipei\/Temp/thumb_4e8d5a1647ebb.jpg) [<a href='function.copy'>function.copy</a>]: failed to open stream: No such file or directory RegAction.class.php 第 268 行.
[ 2011-10-06T16:06:41+08:00 ] ERR: (ThinkException) 无法加载模块
[ 2011-10-06T16:06:42+08:00 ] ERR: (ThinkException) 无法加载模块
[ 2011-10-06T16:06:46+08:00 ] SQL: SHOW COLUMNS FROM `kp_user` [ RunTime:0.008792s ]
[ 2011-10-06T16:06:46+08:00 ] SQL: SELECT * FROM `kp_user` WHERE id=11 LIMIT 1  [ RunTime:0.001451s ]
[ 2011-10-06T16:06:46+08:00 ] NOTIC: [8] Undefined variable: reuslt 31c452d5d30490f9813375a7f9fe52a0.php 第 92 行.
[ 2011-10-06T16:06:46+08:00 ] ERR: (ThinkException) 无法加载模块
[ 2011-10-06T16:06:51+08:00 ] ERR: (ThinkException) 无法加载模块
[ 2011-10-06T16:07:51+08:00 ] ERR: (ThinkException) 无法加载模块
[ 2011-10-06T16:07:51+08:00 ] ERR: (ThinkException) 无法加载模块
[ 2011-10-06T16:07:52+08:00 ] ERR: (ThinkException) 无法加载模块
[ 2011-10-06T16:16:30+08:00 ] SQL: SHOW COLUMNS FROM `kp_user` [ RunTime:0.009462s ]
[ 2011-10-06T16:16:30+08:00 ] SQL: SELECT * FROM `kp_user` WHERE id=11 LIMIT 1  [ RunTime:0.001327s ]
[ 2011-10-06T16:16:31+08:00 ] ERR: (ThinkException) 无法加载模块
[ 2011-10-06T16:18:34+08:00 ] SQL: SHOW COLUMNS FROM `kp_user` [ RunTime:0.009960s ]
[ 2011-10-06T16:18:34+08:00 ] SQL: SELECT * FROM `kp_user` WHERE id=11 LIMIT 1  [ RunTime:0.001355s ]
[ 2011-10-06T16:18:34+08:00 ] ERR: (ThinkException) 无法加载模块
[ 2011-10-06T16:19:39+08:00 ] ERR: (ThinkException) 无法加载模块
[ 2011-10-06T16:20:29+08:00 ] ERR: (ThinkException) 无法加载模块
[ 2011-10-06T16:20:30+08:00 ] ERR: (ThinkException) 无法加载模块
[ 2011-10-06T16:20:31+08:00 ] ERR: (ThinkException) 无法加载模块
[ 2011-10-06T16:20:41+08:00 ] ERR: (ThinkException) 无法加载模块
[ 2011-10-06T16:21:03+08:00 ] ERR: (ThinkException) 无法加载模块
[ 2011-10-06T16:21:11+08:00 ] ERR: (ThinkException) 无法加载模块
[ 2011-10-06T16:21:17+08:00 ] ERR: (ThinkException) 无法加载模块
[ 2011-10-06T16:21:34+08:00 ] ERR: (ThinkException) 无法加载模块
[ 2011-10-06T16:22:13+08:00 ] ERR: (ThinkException) 无法加载模块
[ 2011-10-06T16:22:28+08:00 ] ERR: (ThinkException) 无法加载模块
[ 2011-10-06T16:23:03+08:00 ] ERR: (ThinkException) 无法加载模块
[ 2011-10-06T16:23:12+08:00 ] ERR: (ThinkException) 无法加载模块
[ 2011-10-06T16:23:21+08:00 ] ERR: (ThinkException) 无法加载模块
[ 2011-10-06T16:24:29+08:00 ] SQL: SHOW COLUMNS FROM `kp_user` [ RunTime:0.009593s ]
[ 2011-10-06T16:24:29+08:00 ] SQL: SELECT id, check_num, import_flag FROM `kp_user` WHERE ( `user_name` = '18922222222' ) LIMIT 1  [ RunTime:0.001003s ]
[ 2011-10-06T16:24:36+08:00 ] SQL: SHOW COLUMNS FROM `kp_user` [ RunTime:0.009158s ]
[ 2011-10-06T16:24:36+08:00 ] SQL: SELECT id, check_num, import_flag FROM `kp_user` WHERE ( `user_name` = '18922222222' ) LIMIT 1  [ RunTime:0.000866s ]
[ 2011-10-06T16:24:44+08:00 ] SQL: SHOW COLUMNS FROM `kp_user` [ RunTime:0.008555s ]
[ 2011-10-06T16:24:44+08:00 ] SQL: SELECT id, check_num, import_flag FROM `kp_user` WHERE ( `user_name` = '18922222222' ) LIMIT 1  [ RunTime:0.000878s ]
[ 2011-10-06T16:24:47+08:00 ] SQL: SHOW COLUMNS FROM `kp_user` [ RunTime:0.008717s ]
[ 2011-10-06T16:24:47+08:00 ] SQL: SELECT * FROM `kp_user` WHERE id=11 LIMIT 1  [ RunTime:0.001240s ]
[ 2011-10-06T16:24:48+08:00 ] ERR: (ThinkException) 无法加载模块
[ 2011-10-06T16:24:59+08:00 ] SQL: SHOW COLUMNS FROM `kp_user` [ RunTime:0.008333s ]
[ 2011-10-06T16:24:59+08:00 ] NOTIC: [8] Undefined index: auth RegAction.class.php 第 217 行.
[ 2011-10-06T16:24:59+08:00 ] SQL: UPDATE `kp_user` SET `password`='111111',`email`='nehnre@yahoo.com.cn',`update_time`='2011-10-06 16:24:59' WHERE ( `id` = '11' ) [ RunTime:0.002709s ]
[ 2011-10-06T16:25:00+08:00 ] ERR: (ThinkException) 无法加载模块
[ 2011-10-06T16:25:04+08:00 ] SQL: SHOW COLUMNS FROM `kp_user` [ RunTime:0.008598s ]
[ 2011-10-06T16:25:04+08:00 ] SQL: SELECT * FROM `kp_user` WHERE id=11 LIMIT 1  [ RunTime:0.001442s ]
[ 2011-10-06T16:25:04+08:00 ] ERR: (ThinkException) 无法加载模块
[ 2011-10-06T16:25:08+08:00 ] SQL: SHOW COLUMNS FROM `kp_user` [ RunTime:0.008713s ]
[ 2011-10-06T16:25:08+08:00 ] NOTIC: [8] Undefined index: auth RegAction.class.php 第 217 行.
[ 2011-10-06T16:25:08+08:00 ] SQL: UPDATE `kp_user` SET `user_type1`='经销商',`user_type2`='分销商',`update_time`='2011-10-06 16:25:08' WHERE ( `id` = '11' ) [ RunTime:0.047886s ]
[ 2011-10-06T16:25:10+08:00 ] SQL: SHOW COLUMNS FROM `kp_user` [ RunTime:0.008288s ]
[ 2011-10-06T16:25:10+08:00 ] SQL: SELECT * FROM `kp_user` WHERE id=11 LIMIT 1  [ RunTime:0.001444s ]
[ 2011-10-06T16:25:10+08:00 ] NOTIC: [8] Undefined variable: reuslt 31c452d5d30490f9813375a7f9fe52a0.php 第 92 行.
[ 2011-10-06T16:25:10+08:00 ] ERR: (ThinkException) 无法加载模块
[ 2011-10-06T16:25:12+08:00 ] ERR: (ThinkException) 无法加载模块
[ 2011-10-06T16:25:13+08:00 ] ERR: (ThinkException) 无法加载模块
[ 2011-10-06T16:25:15+08:00 ] ERR: (ThinkException) 无法加载模块
[ 2011-10-06T16:25:18+08:00 ] ERR: (ThinkException) 无法加载模块
[ 2011-10-06T16:26:17+08:00 ] ERR: (ThinkException) 无法加载模块
[ 2011-10-06T16:26:26+08:00 ] SQL: SHOW COLUMNS FROM `kp_user` [ RunTime:0.008674s ]
[ 2011-10-06T16:26:26+08:00 ] SQL: SELECT id, check_num, import_flag FROM `kp_user` WHERE ( `user_name` = '18922222222' ) LIMIT 1  [ RunTime:0.000859s ]
[ 2011-10-06T16:26:32+08:00 ] SQL: SHOW COLUMNS FROM `kp_user` [ RunTime:0.008690s ]
[ 2011-10-06T16:26:32+08:00 ] SQL: SELECT id, check_num, import_flag FROM `kp_user` WHERE ( `user_name` = '18922222222' ) LIMIT 1  [ RunTime:0.000931s ]
[ 2011-10-06T16:26:36+08:00 ] SQL: SHOW COLUMNS FROM `kp_user` [ RunTime:0.009132s ]
[ 2011-10-06T16:26:36+08:00 ] SQL: SELECT * FROM `kp_user` WHERE id=11 LIMIT 1  [ RunTime:0.001475s ]
[ 2011-10-06T16:26:36+08:00 ] ERR: (ThinkException) 无法加载模块
[ 2011-10-06T16:27:25+08:00 ] SQL: SHOW COLUMNS FROM `kp_user` [ RunTime:0.009147s ]
[ 2011-10-06T16:27:25+08:00 ] SQL: SELECT * FROM `kp_user` WHERE id=11 LIMIT 1  [ RunTime:0.001451s ]
[ 2011-10-06T16:27:25+08:00 ] ERR: (ThinkException) 无法加载模块
[ 2011-10-06T16:27:35+08:00 ] SQL: SHOW COLUMNS FROM `kp_user` [ RunTime:0.008503s ]
[ 2011-10-06T16:27:35+08:00 ] NOTIC: [8] Undefined index: auth RegAction.class.php 第 217 行.
[ 2011-10-06T16:27:35+08:00 ] SQL: UPDATE `kp_user` SET `password`='111111',`email`='nehnre@yahoo.com.cn',`update_time`='2011-10-06 16:27:35' WHERE ( `id` = '11' ) [ RunTime:0.003825s ]
[ 2011-10-06T16:27:35+08:00 ] ERR: (ThinkException) 无法加载模块
[ 2011-10-06T16:28:18+08:00 ] ERR: (ThinkException) 无法加载模块
[ 2011-10-06T16:28:24+08:00 ] SQL: SHOW COLUMNS FROM `kp_user` [ RunTime:0.008699s ]
[ 2011-10-06T16:28:24+08:00 ] SQL: SELECT * FROM `kp_user` WHERE id=11 LIMIT 1  [ RunTime:0.001302s ]
[ 2011-10-06T16:28:24+08:00 ] ERR: (ThinkException) 无法加载模块
[ 2011-10-06T16:29:12+08:00 ] SQL: SHOW COLUMNS FROM `kp_user` [ RunTime:0.008452s ]
[ 2011-10-06T16:29:12+08:00 ] SQL: SELECT * FROM `kp_user` WHERE id=11 LIMIT 1  [ RunTime:0.001615s ]
[ 2011-10-06T16:29:12+08:00 ] ERR: (ThinkException) 无法加载模块
[ 2011-10-06T16:29:16+08:00 ] SQL: SHOW COLUMNS FROM `kp_user` [ RunTime:0.008433s ]
[ 2011-10-06T16:29:16+08:00 ] NOTIC: [8] Undefined index: auth RegAction.class.php 第 217 行.
[ 2011-10-06T16:29:16+08:00 ] SQL: UPDATE `kp_user` SET `user_type1`='经销商',`user_type2`='分销商',`update_time`='2011-10-06 16:29:16' WHERE ( `id` = '11' ) [ RunTime:0.003129s ]
[ 2011-10-06T16:29:18+08:00 ] SQL: SHOW COLUMNS FROM `kp_user` [ RunTime:0.009033s ]
[ 2011-10-06T16:29:18+08:00 ] SQL: SELECT * FROM `kp_user` WHERE id=11 LIMIT 1  [ RunTime:0.001245s ]
[ 2011-10-06T16:29:18+08:00 ] NOTIC: [8] Undefined variable: reuslt 31c452d5d30490f9813375a7f9fe52a0.php 第 92 行.
[ 2011-10-06T16:29:18+08:00 ] ERR: (ThinkException) 无法加载模块
[ 2011-10-06T16:30:12+08:00 ] SQL: SHOW COLUMNS FROM `kp_user` [ RunTime:0.008906s ]
[ 2011-10-06T16:30:12+08:00 ] SQL: SELECT * FROM `kp_user` WHERE id=11 LIMIT 1  [ RunTime:0.001314s ]
[ 2011-10-06T16:30:12+08:00 ] NOTIC: [8] Undefined variable: reuslt 31c452d5d30490f9813375a7f9fe52a0.php 第 92 行.
[ 2011-10-06T16:30:12+08:00 ] ERR: (ThinkException) 无法加载模块
[ 2011-10-06T16:30:25+08:00 ] ERR: (ThinkException) 无法加载模块
[ 2011-10-06T16:30:25+08:00 ] ERR: (ThinkException) 无法加载模块
[ 2011-10-06T16:30:29+08:00 ] SQL: SHOW COLUMNS FROM `kp_user` [ RunTime:0.009184s ]
[ 2011-10-06T16:30:29+08:00 ] SQL: SELECT * FROM `kp_user` WHERE id=11 LIMIT 1  [ RunTime:0.001313s ]
[ 2011-10-06T16:30:30+08:00 ] ERR: (ThinkException) 无法加载模块
[ 2011-10-06T16:30:33+08:00 ] SQL: SHOW COLUMNS FROM `kp_user` [ RunTime:0.008237s ]
[ 2011-10-06T16:30:33+08:00 ] NOTIC: [8] Undefined index: auth RegAction.class.php 第 217 行.
[ 2011-10-06T16:30:33+08:00 ] SQL: UPDATE `kp_user` SET `user_type1`='经销商',`user_type2`='分销商',`update_time`='2011-10-06 16:30:33' WHERE ( `id` = '11' ) [ RunTime:0.002720s ]
[ 2011-10-06T16:30:35+08:00 ] SQL: SHOW COLUMNS FROM `kp_user` [ RunTime:0.008506s ]
[ 2011-10-06T16:30:35+08:00 ] SQL: SELECT * FROM `kp_user` WHERE id=11 LIMIT 1  [ RunTime:0.001248s ]
[ 2011-10-06T16:30:35+08:00 ] NOTIC: [8] Undefined variable: reuslt 31c452d5d30490f9813375a7f9fe52a0.php 第 92 行.
[ 2011-10-06T16:30:35+08:00 ] ERR: (ThinkException) 无法加载模块
[ 2011-10-06T16:30:40+08:00 ] SQL: SHOW COLUMNS FROM `kp_user` [ RunTime:0.008613s ]
[ 2011-10-06T16:30:40+08:00 ] SQL: UPDATE `kp_user` SET `company_name`='111111',`company_address`='企业地址',`city`='广州',`post_code`='111111',`business_call`='111111',`link_man`='111',`business_scope`='111',`company_scale`='1',`business_license`='thumb_4e8d5a10ed3c5.jpg',`address_pic`='thumb_4e8d5a13ef125.jpg',`business_card`='thumb_4e8d5a1647ebb.jpg',`update_time`='2011-10-06 16:30:40',`status`='待审核' WHERE ( `id` = '11' ) [ RunTime:0.003483s ]
[ 2011-10-06T16:30:40+08:00 ] NOTIC: [2] copy(F:\myselfproject\kuaipei\kuaipei\/Temp/thumb_4e8d5a10ed3c5.jpg) [<a href='function.copy'>function.copy</a>]: failed to open stream: No such file or directory RegAction.class.php 第 268 行.
[ 2011-10-06T16:30:40+08:00 ] NOTIC: [2] copy(F:\myselfproject\kuaipei\kuaipei\/Temp/thumb_4e8d5a13ef125.jpg) [<a href='function.copy'>function.copy</a>]: failed to open stream: No such file or directory RegAction.class.php 第 268 行.
[ 2011-10-06T16:30:40+08:00 ] NOTIC: [2] copy(F:\myselfproject\kuaipei\kuaipei\/Temp/thumb_4e8d5a1647ebb.jpg) [<a href='function.copy'>function.copy</a>]: failed to open stream: No such file or directory RegAction.class.php 第 268 行.
[ 2011-10-06T16:30:40+08:00 ] ERR: (ThinkException) 无法加载模块
[ 2011-10-06T16:30:46+08:00 ] ERR: (ThinkException) 无法加载模块
[ 2011-10-06T16:31:05+08:00 ] ERR: (ThinkException) 无法加载模块
[ 2011-10-06T16:31:07+08:00 ] ERR: (ThinkException) 无法加载模块
[ 2011-10-06T16:31:10+08:00 ] ERR: (ThinkException) 无法加载模块
[ 2011-10-06T16:31:17+08:00 ] ERR: (ThinkException) 无法加载模块
[ 2011-10-06T16:31:21+08:00 ] ERR: (ThinkException) 无法加载模块
[ 2011-10-06T16:31:27+08:00 ] ERR: (ThinkException) 无法加载模块
[ 2011-10-06T16:37:04+08:00 ] SQL: SHOW COLUMNS FROM `kp_user` [ RunTime:0.009032s ]
[ 2011-10-06T16:37:04+08:00 ] SQL: SELECT * FROM `kp_user` WHERE id=11 LIMIT 1  [ RunTime:0.001406s ]
[ 2011-10-06T16:37:04+08:00 ] ERR: (ThinkException) 无法加载模块
[ 2011-10-06T16:37:32+08:00 ] ERR: (ThinkException) 无法加载模块
[ 2011-10-06T16:37:38+08:00 ] ERR: (ThinkException) 无法加载模块
[ 2011-10-06T16:37:49+08:00 ] SQL: SHOW COLUMNS FROM `kp_user` [ RunTime:0.008871s ]
[ 2011-10-06T16:37:49+08:00 ] SQL: SELECT id, check_num, import_flag FROM `kp_user` WHERE ( `user_name` = '13922222222' ) LIMIT 1  [ RunTime:0.000892s ]
[ 2011-10-06T16:37:53+08:00 ] SQL: SHOW COLUMNS FROM `kp_user` [ RunTime:0.008438s ]
[ 2011-10-06T16:37:53+08:00 ] SQL: SELECT id, check_num, import_flag FROM `kp_user` WHERE ( `user_name` = '13922222222' ) LIMIT 1  [ RunTime:0.000877s ]
[ 2011-10-06T16:37:58+08:00 ] ERR: (ThinkException) 无法加载模块
[ 2011-10-06T16:38:02+08:00 ] SQL: SHOW COLUMNS FROM `kp_user` [ RunTime:0.008474s ]
[ 2011-10-06T16:38:02+08:00 ] SQL: SELECT * FROM `kp_user` WHERE id=11 LIMIT 1  [ RunTime:0.001434s ]
[ 2011-10-06T16:38:02+08:00 ] ERR: (ThinkException) 无法加载模块
[ 2011-10-06T16:38:53+08:00 ] SQL: SHOW COLUMNS FROM `kp_user` [ RunTime:0.008662s ]
[ 2011-10-06T16:38:53+08:00 ] NOTIC: [8] Undefined index: auth RegAction.class.php 第 217 行.
[ 2011-10-06T16:38:53+08:00 ] SQL: UPDATE `kp_user` SET `password`='111111',`email`='nehnre@yahoo.com.cn',`update_time`='2011-10-06 16:38:53' WHERE ( `id` = '11' ) [ RunTime:0.037528s ]
[ 2011-10-06T16:38:53+08:00 ] ERR: (ThinkException) 无法加载模块
[ 2011-10-06T16:38:55+08:00 ] ERR: (ThinkException) 无法加载模块
[ 2011-10-06T16:42:10+08:00 ] SQL: SHOW COLUMNS FROM `kp_user` [ RunTime:0.008525s ]
[ 2011-10-06T16:42:10+08:00 ] SQL: SELECT * FROM `kp_user` WHERE id=11 LIMIT 1  [ RunTime:0.001413s ]
[ 2011-10-06T16:42:10+08:00 ] ERR: (ThinkException) 无法加载模块
[ 2011-10-06T16:42:28+08:00 ] SQL: SHOW COLUMNS FROM `kp_user` [ RunTime:0.009532s ]
[ 2011-10-06T16:42:28+08:00 ] SQL: SELECT * FROM `kp_user` WHERE id=11 LIMIT 1  [ RunTime:0.001524s ]
[ 2011-10-06T16:42:29+08:00 ] ERR: (ThinkException) 无法加载模块
[ 2011-10-06T16:42:43+08:00 ] SQL: SHOW COLUMNS FROM `kp_user` [ RunTime:0.008437s ]
[ 2011-10-06T16:42:43+08:00 ] NOTIC: [8] Undefined index: auth RegAction.class.php 第 217 行.
[ 2011-10-06T16:42:43+08:00 ] SQL: UPDATE `kp_user` SET `password`='111111',`email`='nehnre@yahoo.com.cn',`update_time`='2011-10-06 16:42:43' WHERE ( `id` = '11' ) [ RunTime:0.036788s ]
[ 2011-10-06T16:42:43+08:00 ] ERR: (ThinkException) 无法加载模块
[ 2011-10-06T16:42:47+08:00 ] SQL: SHOW COLUMNS FROM `kp_user` [ RunTime:0.009135s ]
[ 2011-10-06T16:42:47+08:00 ] SQL: SELECT * FROM `kp_user` WHERE id=11 LIMIT 1  [ RunTime:0.001216s ]
[ 2011-10-06T16:42:48+08:00 ] ERR: (ThinkException) 无法加载模块
[ 2011-10-06T16:43:29+08:00 ] SQL: SHOW COLUMNS FROM `kp_user` [ RunTime:0.008802s ]
[ 2011-10-06T16:43:29+08:00 ] NOTIC: [8] Undefined index: auth RegAction.class.php 第 217 行.
[ 2011-10-06T16:43:29+08:00 ] SQL: UPDATE `kp_user` SET `user_type1`='经销商',`user_type2`='分销商',`update_time`='2011-10-06 16:43:29' WHERE ( `id` = '11' ) [ RunTime:0.003534s ]
[ 2011-10-06T16:43:31+08:00 ] SQL: SHOW COLUMNS FROM `kp_user` [ RunTime:0.008256s ]
[ 2011-10-06T16:43:31+08:00 ] SQL: SELECT * FROM `kp_user` WHERE id=11 LIMIT 1  [ RunTime:0.001412s ]
[ 2011-10-06T16:43:31+08:00 ] NOTIC: [8] Undefined variable: reuslt 31c452d5d30490f9813375a7f9fe52a0.php 第 92 行.
[ 2011-10-06T16:43:31+08:00 ] ERR: (ThinkException) 无法加载模块
[ 2011-10-06T16:43:56+08:00 ] ERR: (ThinkException) 无法加载模块
[ 2011-10-06T16:47:03+08:00 ] NOTIC: [2] mail() [<a href='function.mail'>function.mail</a>]: Failed to connect to mailserver at &quot;smtp.yahoo.com.cn&quot; port 25, verify your &quot;SMTP&quot; and &quot;smtp_port&quot; setting in php.ini or use ini_set() RegAction.class.php 第 301 行.
[ 2011-10-06T16:47:03+08:00 ] ERR: (ThinkException) 无法加载模块
[ 2011-10-06T16:47:49+08:00 ] NOTIC: [2] mail() [<a href='function.mail'>function.mail</a>]: Failed to connect to mailserver at &quot;smtp.yahoo.com.cn&quot; port 25, verify your &quot;SMTP&quot; and &quot;smtp_port&quot; setting in php.ini or use ini_set() RegAction.class.php 第 301 行.
[ 2011-10-06T16:47:49+08:00 ] ERR: (ThinkException) 无法加载模块
[ 2011-10-06T16:57:20+08:00 ] NOTIC: [2] mail() [<a href='function.mail'>function.mail</a>]: Failed to connect to mailserver at &quot;smtp.yahoo.com.cn&quot; port 25, verify your &quot;SMTP&quot; and &quot;smtp_port&quot; setting in php.ini or use ini_set() RegAction.class.php 第 301 行.
[ 2011-10-06T16:57:20+08:00 ] ERR: (ThinkException) 无法加载模块
[ 2011-10-06T18:06:21+08:00 ] ERR: (ThinkException) 无法加载模块
[ 2011-10-06T18:15:00+08:00 ] ERR: (ThinkException) 无法加载模块
[ 2011-10-06T18:16:28+08:00 ] ERR: (ThinkException) 无法加载模块
[ 2011-10-06T18:19:06+08:00 ] ERR: (ThinkException) 无法加载模块
[ 2011-10-06T18:19:32+08:00 ] NOTIC: [8192] Function ereg() is deprecated smtp.php 第 225 行.
[ 2011-10-06T18:19:32+08:00 ] NOTIC: [8192] Function ereg_replace() is deprecated smtp.php 第 234 行.
[ 2011-10-06T18:19:32+08:00 ] NOTIC: [8192] Function ereg_replace() is deprecated smtp.php 第 235 行.
[ 2011-10-06T18:19:32+08:00 ] NOTIC: [8192] Function ereg_replace() is deprecated smtp.php 第 37 行.
[ 2011-10-06T18:19:32+08:00 ] NOTIC: [8] Undefined variable: header smtp.php 第 38 行.
[ 2011-10-06T18:19:32+08:00 ] NOTIC: [8192] Function ereg() is deprecated smtp.php 第 225 行.
[ 2011-10-06T18:19:32+08:00 ] NOTIC: [8192] Function ereg_replace() is deprecated smtp.php 第 234 行.
[ 2011-10-06T18:19:32+08:00 ] NOTIC: [8192] Function ereg_replace() is deprecated smtp.php 第 235 行.
[ 2011-10-06T18:19:34+08:00 ] NOTIC: [8192] Function ereg() is deprecated smtp.php 第 181 行.
[ 2011-10-06T18:19:34+08:00 ] NOTIC: [8192] Function ereg() is deprecated smtp.php 第 181 行.
[ 2011-10-06T18:19:34+08:00 ] NOTIC: [8192] Function ereg() is deprecated smtp.php 第 181 行.
[ 2011-10-06T18:19:34+08:00 ] NOTIC: [8192] Function ereg() is deprecated smtp.php 第 181 行.
[ 2011-10-06T18:19:34+08:00 ] NOTIC: [8192] Function ereg() is deprecated smtp.php 第 181 行.
[ 2011-10-06T18:19:34+08:00 ] NOTIC: [8192] Function ereg() is deprecated smtp.php 第 181 行.
[ 2011-10-06T18:19:34+08:00 ] NOTIC: [8192] Function ereg() is deprecated smtp.php 第 181 行.
[ 2011-10-06T18:19:34+08:00 ] NOTIC: [8192] Function ereg() is deprecated smtp.php 第 181 行.
[ 2011-10-06T18:19:34+08:00 ] NOTIC: [8192] Function ereg() is deprecated smtp.php 第 181 行.
[ 2011-10-06T18:19:34+08:00 ] ERR: (ThinkException) 无法加载模块
[ 2011-10-06T18:23:17+08:00 ] ERR: (ThinkException) 非法操作sendMail
[ 2011-10-06T18:23:17+08:00 ] ERR: (ThinkException) 无法加载模块
[ 2011-10-06T18:24:45+08:00 ] ERR: (ThinkException) 无法加载模块
[ 2011-10-06T18:29:31+08:00 ] NOTIC: [8192] Function ereg() is deprecated smtp.php 第 225 行.
[ 2011-10-06T18:29:31+08:00 ] NOTIC: [8192] Function ereg_replace() is deprecated smtp.php 第 234 行.
[ 2011-10-06T18:29:31+08:00 ] NOTIC: [8192] Function ereg_replace() is deprecated smtp.php 第 235 行.
[ 2011-10-06T18:29:31+08:00 ] NOTIC: [8192] Function ereg_replace() is deprecated smtp.php 第 37 行.
[ 2011-10-06T18:29:31+08:00 ] NOTIC: [8] Undefined variable: header smtp.php 第 38 行.
[ 2011-10-06T18:29:31+08:00 ] NOTIC: [8192] Function ereg() is deprecated smtp.php 第 225 行.
[ 2011-10-06T18:29:31+08:00 ] NOTIC: [8192] Function ereg_replace() is deprecated smtp.php 第 234 行.
[ 2011-10-06T18:29:31+08:00 ] NOTIC: [8192] Function ereg_replace() is deprecated smtp.php 第 235 行.
[ 2011-10-06T18:29:33+08:00 ] NOTIC: [8192] Function ereg() is deprecated smtp.php 第 181 行.
[ 2011-10-06T18:29:33+08:00 ] NOTIC: [8192] Function ereg() is deprecated smtp.php 第 181 行.
[ 2011-10-06T18:29:33+08:00 ] NOTIC: [8192] Function ereg() is deprecated smtp.php 第 181 行.
[ 2011-10-06T18:29:33+08:00 ] NOTIC: [8192] Function ereg() is deprecated smtp.php 第 181 行.
[ 2011-10-06T18:29:33+08:00 ] NOTIC: [8192] Function ereg() is deprecated smtp.php 第 181 行.
[ 2011-10-06T18:29:33+08:00 ] NOTIC: [8192] Function ereg() is deprecated smtp.php 第 181 行.
[ 2011-10-06T18:29:33+08:00 ] NOTIC: [8192] Function ereg() is deprecated smtp.php 第 181 行.
[ 2011-10-06T18:29:34+08:00 ] NOTIC: [8192] Function ereg() is deprecated smtp.php 第 181 行.
[ 2011-10-06T18:29:34+08:00 ] NOTIC: [8192] Function ereg() is deprecated smtp.php 第 181 行.
[ 2011-10-06T18:29:37+08:00 ] SQL: SHOW COLUMNS FROM `kp_user` [ RunTime:0.522422s ]
[ 2011-10-06T18:29:37+08:00 ] SQL: SELECT * FROM `kp_user` WHERE id=11 LIMIT 1  [ RunTime:0.045139s ]
[ 2011-10-06T18:29:39+08:00 ] SQL: SHOW COLUMNS FROM `kp_user` [ RunTime:0.007592s ]
[ 2011-10-06T18:29:39+08:00 ] SQL: SELECT * FROM `kp_user` WHERE id=11 LIMIT 1  [ RunTime:0.000734s ]
[ 2011-10-06T18:29:40+08:00 ] ERR: (ThinkException) 无法加载模块
[ 2011-10-06T18:29:46+08:00 ] ERR: (ThinkException) 无法加载模块
[ 2011-10-06T18:30:17+08:00 ] ERR: (ThinkException) 无法加载模块
[ 2011-10-06T19:29:22+08:00 ] ERR: (ThinkException) 无法加载模块
[ 2011-10-06T19:29:26+08:00 ] ERR: (ThinkException) 无法加载模块
[ 2011-10-06T19:29:28+08:00 ] ERR: (ThinkException) 无法加载模块
[ 2011-10-06T19:29:39+08:00 ] ERR: (ThinkException) 无法加载模块
[ 2011-10-06T19:29:41+08:00 ] ERR: (ThinkException) 无法加载模块
[ 2011-10-06T19:29:42+08:00 ] ERR: (ThinkException) 无法加载模块
[ 2011-10-06T19:29:45+08:00 ] ERR: (ThinkException) 无法加载模块
[ 2011-10-06T19:30:18+08:00 ] ERR: (ThinkException) 无法加载模块
[ 2011-10-06T19:32:38+08:00 ] SQL: SHOW COLUMNS FROM `kp_user` [ RunTime:0.433321s ]
[ 2011-10-06T19:32:38+08:00 ] SQL: SELECT id, check_num, import_flag FROM `kp_user` WHERE ( `user_name` = '18922222222' ) LIMIT 1  [ RunTime:0.118301s ]
[ 2011-10-06T19:32:45+08:00 ] SQL: SHOW COLUMNS FROM `kp_user` [ RunTime:0.021125s ]
[ 2011-10-06T19:32:45+08:00 ] SQL: SELECT id, check_num, import_flag FROM `kp_user` WHERE ( `user_name` = '18922222222' ) LIMIT 1  [ RunTime:0.000919s ]
[ 2011-10-06T19:32:49+08:00 ] SQL: SHOW COLUMNS FROM `kp_user` [ RunTime:0.009355s ]
[ 2011-10-06T19:32:49+08:00 ] SQL: SELECT * FROM `kp_user` WHERE id=11 LIMIT 1  [ RunTime:0.033453s ]
[ 2011-10-06T19:32:49+08:00 ] ERR: (ThinkException) 无法加载模块
[ 2011-10-06T19:33:01+08:00 ] SQL: SHOW COLUMNS FROM `kp_user` [ RunTime:0.009032s ]
[ 2011-10-06T19:33:01+08:00 ] NOTIC: [8] Undefined index: auth RegAction.class.php 第 217 行.
[ 2011-10-06T19:33:01+08:00 ] SQL: UPDATE `kp_user` SET `password`='111111',`email`='nehnre@yahoo.com.cn',`update_time`='2011-10-06 19:33:01' WHERE ( `id` = '11' ) [ RunTime:0.203794s ]
[ 2011-10-06T19:33:01+08:00 ] ERR: (ThinkException) 无法加载模块
[ 2011-10-06T19:33:05+08:00 ] SQL: SHOW COLUMNS FROM `kp_user` [ RunTime:0.009546s ]
[ 2011-10-06T19:33:05+08:00 ] SQL: SELECT * FROM `kp_user` WHERE id=11 LIMIT 1  [ RunTime:0.001756s ]
[ 2011-10-06T19:33:05+08:00 ] ERR: (ThinkException) 无法加载模块
[ 2011-10-06T19:33:09+08:00 ] SQL: SHOW COLUMNS FROM `kp_user` [ RunTime:0.008389s ]
[ 2011-10-06T19:33:09+08:00 ] NOTIC: [8] Undefined index: auth RegAction.class.php 第 217 行.
[ 2011-10-06T19:33:09+08:00 ] SQL: UPDATE `kp_user` SET `user_type1`='经销商',`user_type2`='分销商',`update_time`='2011-10-06 19:33:09' WHERE ( `id` = '11' ) [ RunTime:0.035458s ]
[ 2011-10-06T19:33:11+08:00 ] SQL: SHOW COLUMNS FROM `kp_user` [ RunTime:0.012714s ]
[ 2011-10-06T19:33:11+08:00 ] SQL: SELECT * FROM `kp_user` WHERE id=11 LIMIT 1  [ RunTime:0.000630s ]
[ 2011-10-06T19:33:11+08:00 ] NOTIC: [8] Undefined variable: reuslt 31c452d5d30490f9813375a7f9fe52a0.php 第 92 行.
[ 2011-10-06T19:33:11+08:00 ] ERR: (ThinkException) 无法加载模块
[ 2011-10-06T19:33:30+08:00 ] ERR: (ThinkException) 无法加载模块
[ 2011-10-06T19:33:33+08:00 ] ERR: (ThinkException) 无法加载模块
[ 2011-10-06T19:33:49+08:00 ] SQL: SHOW COLUMNS FROM `kp_user` [ RunTime:0.008617s ]
[ 2011-10-06T19:33:49+08:00 ] SQL: SELECT id, check_num, import_flag FROM `kp_user` WHERE ( `user_name` = '18900000000' ) LIMIT 1  [ RunTime:0.000994s ]
[ 2011-10-06T19:33:49+08:00 ] NOTIC: [8] Undefined variable: status RegAction.class.php 第 100 行.
[ 2011-10-06T19:33:57+08:00 ] SQL: SHOW COLUMNS FROM `kp_user` [ RunTime:0.008234s ]
[ 2011-10-06T19:33:57+08:00 ] SQL: SELECT id, check_num, import_flag FROM `kp_user` WHERE ( `user_name` = '18900000000' ) LIMIT 1  [ RunTime:0.000924s ]
[ 2011-10-06T19:33:57+08:00 ] SQL: INSERT INTO `kp_user` (`user_name`,`check_num`,`update_time`,`insert_time`,`status`) VALUES ('18900000000','463592','2011-10-06 19:33:57','2011-10-06 19:33:57','基本注册') [ RunTime:0.074677s ]
[ 2011-10-06T19:34:00+08:00 ] SQL: SHOW COLUMNS FROM `kp_user` [ RunTime:0.008585s ]
[ 2011-10-06T19:34:00+08:00 ] SQL: SELECT * FROM `kp_user` WHERE id=13 LIMIT 1  [ RunTime:0.001338s ]
[ 2011-10-06T19:34:01+08:00 ] ERR: (ThinkException) 无法加载模块
[ 2011-10-06T19:34:18+08:00 ] SQL: SHOW COLUMNS FROM `kp_user` [ RunTime:0.008689s ]
[ 2011-10-06T19:34:18+08:00 ] NOTIC: [8] Undefined index: auth RegAction.class.php 第 217 行.
[ 2011-10-06T19:34:18+08:00 ] SQL: UPDATE `kp_user` SET `password`='111111',`email`='nehnre@yahoo.com.cn',`update_time`='2011-10-06 19:34:18' WHERE ( `id` = 13 ) [ RunTime:0.036799s ]
[ 2011-10-06T19:34:18+08:00 ] ERR: (ThinkException) 无法加载模块
[ 2011-10-06T19:34:22+08:00 ] SQL: SHOW COLUMNS FROM `kp_user` [ RunTime:0.008401s ]
[ 2011-10-06T19:34:22+08:00 ] SQL: SELECT * FROM `kp_user` WHERE id=13 LIMIT 1  [ RunTime:0.001309s ]
[ 2011-10-06T19:34:22+08:00 ] ERR: (ThinkException) 无法加载模块
[ 2011-10-06T19:34:28+08:00 ] SQL: SHOW COLUMNS FROM `kp_user` [ RunTime:0.008618s ]
[ 2011-10-06T19:34:28+08:00 ] NOTIC: [8] Undefined index: auth RegAction.class.php 第 217 行.
[ 2011-10-06T19:34:28+08:00 ] SQL: UPDATE `kp_user` SET `user_type1`='经销商',`user_type2`='代理',`update_time`='2011-10-06 19:34:28' WHERE ( `id` = 13 ) [ RunTime:0.002670s ]
[ 2011-10-06T19:34:30+08:00 ] SQL: SHOW COLUMNS FROM `kp_user` [ RunTime:0.011686s ]
[ 2011-10-06T19:34:30+08:00 ] SQL: SELECT * FROM `kp_user` WHERE id=13 LIMIT 1  [ RunTime:0.001428s ]
[ 2011-10-06T19:34:30+08:00 ] NOTIC: [8] Undefined variable: reuslt 31c452d5d30490f9813375a7f9fe52a0.php 第 92 行.
[ 2011-10-06T19:34:31+08:00 ] ERR: (ThinkException) 无法加载模块
[ 2011-10-06T19:36:23+08:00 ] ERR: (ThinkException) 无法加载模块
[ 2011-10-06T19:37:11+08:00 ] ERR: (ThinkException) 无法加载模块
[ 2011-10-06T19:37:11+08:00 ] ERR: (ThinkException) 无法加载模块
[ 2011-10-06T19:37:14+08:00 ] ERR: (ThinkException) 无法加载模块
[ 2011-10-06T19:37:14+08:00 ] ERR: (ThinkException) 无法加载模块
[ 2011-10-06T19:37:17+08:00 ] ERR: (ThinkException) 无法加载模块
[ 2011-10-06T19:37:17+08:00 ] ERR: (ThinkException) 无法加载模块
[ 2011-10-06T19:37:21+08:00 ] SQL: SHOW COLUMNS FROM `kp_user` [ RunTime:0.009459s ]
[ 2011-10-06T19:37:21+08:00 ] SQL: UPDATE `kp_user` SET `update_time`='2011-10-06 19:37:21',`status`='待审核' WHERE ( `id` = 13 ) [ RunTime:0.003294s ]
[ 2011-10-06T19:37:21+08:00 ] ERR: (ThinkException) 无法加载模块
[ 2011-10-06T19:37:27+08:00 ] ERR: (ThinkException) 无法加载模块
[ 2011-10-06T19:44:19+08:00 ] SQL: SHOW COLUMNS FROM `kp_user` [ RunTime:0.052061s ]
[ 2011-10-06T19:44:19+08:00 ] SQL: SELECT * FROM `kp_user` WHERE id=13 LIMIT 1  [ RunTime:0.000975s ]
[ 2011-10-06T19:44:19+08:00 ] ERR: (ThinkException) 无法加载模块
[ 2011-10-06T20:11:13+08:00 ] SQL: SHOW COLUMNS FROM `kp_user` [ RunTime:0.009190s ]
[ 2011-10-06T20:11:13+08:00 ] NOTIC: [8] Undefined index: auth RegAction.class.php 第 217 行.
[ 2011-10-06T20:11:13+08:00 ] SQL: UPDATE `kp_user` SET `password`='111111',`email`='nehnre@yahoo.com.cn',`update_time`='2011-10-06 20:11:13' WHERE ( `id` = 13 ) [ RunTime:0.056370s ]
[ 2011-10-06T20:11:13+08:00 ] ERR: (ThinkException) 无法加载模块
[ 2011-10-06T20:11:17+08:00 ] SQL: SHOW COLUMNS FROM `kp_user` [ RunTime:0.061315s ]
[ 2011-10-06T20:11:17+08:00 ] SQL: SELECT * FROM `kp_user` WHERE id=13 LIMIT 1  [ RunTime:0.001456s ]
[ 2011-10-06T20:11:17+08:00 ] ERR: (ThinkException) 无法加载模块
[ 2011-10-06T20:11:23+08:00 ] SQL: SHOW COLUMNS FROM `kp_user` [ RunTime:0.008307s ]
[ 2011-10-06T20:11:23+08:00 ] NOTIC: [8] Undefined index: auth RegAction.class.php 第 217 行.
[ 2011-10-06T20:11:24+08:00 ] SQL: UPDATE `kp_user` SET `user_type1`='经销商',`user_type2`='代理',`update_time`='2011-10-06 20:11:23' WHERE ( `id` = 13 ) [ RunTime:0.041107s ]
[ 2011-10-06T20:11:26+08:00 ] SQL: SHOW COLUMNS FROM `kp_user` [ RunTime:0.021356s ]
[ 2011-10-06T20:11:26+08:00 ] SQL: SELECT * FROM `kp_user` WHERE id=13 LIMIT 1  [ RunTime:0.002774s ]
[ 2011-10-06T20:11:26+08:00 ] NOTIC: [8] Undefined variable: reuslt 31c452d5d30490f9813375a7f9fe52a0.php 第 92 行.
[ 2011-10-06T20:11:26+08:00 ] ERR: (ThinkException) 无法加载模块
