[ 2011-10-02T15:22:45+08:00 ] ERR: (ThinkException) 无法加载模块
[ 2011-10-02T15:34:17+08:00 ] ERR: (ThinkException) 无法加载模块
[ 2011-10-02T15:35:25+08:00 ] ERR: (ThinkException) 无法加载模块
[ 2011-10-02T15:37:43+08:00 ] ERR: (ThinkException) 无法加载模块
[ 2011-10-02T15:38:13+08:00 ] ERR: (ThinkException) Unknown database 'kuaipei'
[ 2011-10-02T15:38:46+08:00 ] ERR: (ThinkException) 无法加载模块
[ 2011-10-02T15:38:57+08:00 ] ERR: (ThinkException) Unknown database 'kuaipei'
[ 2011-10-02T15:43:34+08:00 ] ERR: (ThinkException) 无法加载模块
[ 2011-10-02T15:46:28+08:00 ] ERR: (ThinkException) 无法加载模块
[ 2011-10-02T15:47:02+08:00 ] SQL: SHOW COLUMNS FROM `kp_user` [ RunTime:0.002174s ]
[ 2011-10-02T15:47:02+08:00 ] SQL: SELECT * FROM `kp_user` WHERE ( `username` = '13111111111' ) [ RunTime:0.000249s ]
[ 2011-10-02T15:47:04+08:00 ] SQL: SHOW COLUMNS FROM `kp_user` [ RunTime:0.003794s ]
[ 2011-10-02T15:47:04+08:00 ] SQL: INSERT INTO `kp_user` (`username`,`password`,`email`,`inserttime`,`updatetime`) VALUES ('13111111111','111111','','2011-10-02 15:47:04','2011-10-02 15:47:04') [ RunTime:0.003070s ]
[ 2011-10-02T15:47:04+08:00 ] SQL: select last_insert_id() as last [ RunTime:0.035480s ]
[ 2011-10-02T15:47:04+08:00 ] SQL: select last_insert_id() as last [ RunTime:0.000507s ]
[ 2011-10-02T15:47:05+08:00 ] ERR: (ThinkException) 无法加载模块
[ 2011-10-02T15:47:27+08:00 ] ERR: (ThinkException) 无法加载模块
[ 2011-10-02T15:48:02+08:00 ] SQL: SHOW COLUMNS FROM `kp_user` [ RunTime:0.006746s ]
[ 2011-10-02T15:48:02+08:00 ] SQL: SELECT * FROM `kp_user` WHERE ( `username` = '13801629524' ) [ RunTime:0.001152s ]
[ 2011-10-02T15:48:07+08:00 ] SQL: SHOW COLUMNS FROM `kp_user` [ RunTime:0.006497s ]
[ 2011-10-02T15:48:07+08:00 ] SQL: SELECT * FROM `kp_user` WHERE ( `username` = '13801629524' ) [ RunTime:0.000790s ]
[ 2011-10-02T15:48:11+08:00 ] SQL: SHOW COLUMNS FROM `kp_user` [ RunTime:0.006544s ]
[ 2011-10-02T15:48:11+08:00 ] SQL: SELECT * FROM `kp_user` WHERE ( `username` = '13801629524' ) [ RunTime:0.000814s ]
[ 2011-10-02T15:49:37+08:00 ] SQL: SHOW COLUMNS FROM `kp_user` [ RunTime:0.006755s ]
[ 2011-10-02T15:49:37+08:00 ] SQL: SELECT * FROM `kp_user` WHERE ( `username` = '13801629524' ) [ RunTime:0.000891s ]
[ 2011-10-02T15:49:39+08:00 ] SQL: SHOW COLUMNS FROM `kp_user` [ RunTime:0.006527s ]
[ 2011-10-02T15:49:39+08:00 ] SQL: INSERT INTO `kp_user` (`username`,`password`,`email`,`inserttime`,`updatetime`) VALUES ('13801629524','111111','','2011-10-02 15:49:39','2011-10-02 15:49:39') [ RunTime:0.000684s ]
[ 2011-10-02T15:49:39+08:00 ] SQL: select last_insert_id() as last [ RunTime:0.000422s ]
[ 2011-10-02T15:49:39+08:00 ] SQL: select last_insert_id() as last [ RunTime:0.000399s ]
[ 2011-10-02T15:49:39+08:00 ] ERR: (ThinkException) 无法加载模块
[ 2011-10-02T15:49:41+08:00 ] NOTIC: [8] Undefined variable: user b4ace6772fc4acaa54892fa5da219e43.php 第 67 行.
[ 2011-10-02T15:49:41+08:00 ] ERR: (ThinkException) 无法加载模块
[ 2011-10-02T15:51:28+08:00 ] ERR: (ThinkException) 无法加载模块
[ 2011-10-02T15:53:55+08:00 ] ERR: (ThinkException) 无法加载模块
[ 2011-10-02T15:57:33+08:00 ] ERR: (ThinkException) 无法加载模块
[ 2011-10-02T15:59:56+08:00 ] ERR: (ThinkException) 无法加载模块
[ 2011-10-02T16:00:41+08:00 ] ERR: (ThinkException) 无法加载模块
[ 2011-10-02T16:00:52+08:00 ] ERR: (ThinkException) 无法加载模块
[ 2011-10-02T16:01:01+08:00 ] ERR: (ThinkException) 无法加载模块
[ 2011-10-02T16:01:34+08:00 ] ERR: (ThinkException) 无法加载模块
[ 2011-10-02T16:01:54+08:00 ] ERR: (ThinkException) 无法加载模块
[ 2011-10-02T16:02:15+08:00 ] ERR: (ThinkException) 无法加载模块
[ 2011-10-02T16:02:33+08:00 ] ERR: (ThinkException) 无法加载模块
[ 2011-10-02T16:03:55+08:00 ] ERR: (ThinkException) 无法加载模块
[ 2011-10-02T16:07:20+08:00 ] ERR: (ThinkException) 无法加载模块
[ 2011-10-02T16:20:38+08:00 ] ERR: (ThinkException) 无法加载模块
[ 2011-10-02T16:32:59+08:00 ] NOTIC: [8] Undefined variable: gets RegAction.class.php 第 183 行.
[ 2011-10-02T16:32:59+08:00 ] ERR: (ThinkException) 无法加载模块
[ 2011-10-02T16:33:55+08:00 ] NOTIC: [8] Undefined variable: gets RegAction.class.php 第 183 行.
[ 2011-10-02T16:33:55+08:00 ] ERR: (ThinkException) 无法加载模块
[ 2011-10-02T16:35:04+08:00 ] ERR: (ThinkException) 无法加载模块
[ 2011-10-02T21:10:21+08:00 ] ERR: (ThinkException) 无法加载模块
[ 2011-10-02T21:11:33+08:00 ] ERR: (ThinkException) 无法加载模块
[ 2011-10-02T21:11:43+08:00 ] ERR: (ThinkException) 无法加载模块
[ 2011-10-02T21:47:11+08:00 ] ERR: (ThinkException) 无法加载模块
[ 2011-10-02T21:48:29+08:00 ] ERR: (ThinkException) 无法加载模块
[ 2011-10-02T22:04:40+08:00 ] ERR: (ThinkException) 无法加载模块
[ 2011-10-02T22:06:48+08:00 ] ERR: (ThinkException) 无法加载模块
[ 2011-10-02T22:07:02+08:00 ] SQL: SHOW COLUMNS FROM `kp_user` [ RunTime:0.006842s ]
[ 2011-10-02T22:07:02+08:00 ] SQL: SELECT * FROM `kp_user` WHERE ( `username` = '18602123502' ) [ RunTime:0.000861s ]
[ 2011-10-02T22:07:02+08:00 ] NOTIC: [8] Use of undefined constant username - assumed 'username' RegAction.class.php 第 73 行.
[ 2011-10-02T22:07:02+08:00 ] SQL: INSERT INTO `kp_user` (`username`,`checknum`,`inserttime`,`updatetime`) VALUES ('username',859841,'2011-10-02 22:07:02','2011-10-02 22:07:02') [ RunTime:0.003339s ]
[ 2011-10-02T22:10:41+08:00 ] ERR: (ThinkException) 无法加载模块
[ 2011-10-02T22:10:49+08:00 ] SQL: SHOW COLUMNS FROM `kp_user` [ RunTime:0.006888s ]
[ 2011-10-02T22:10:49+08:00 ] SQL: SELECT * FROM `kp_user` WHERE ( `username` = '18602123502' ) [ RunTime:0.000917s ]
[ 2011-10-02T22:10:49+08:00 ] SQL: INSERT INTO `kp_user` (`username`,`checknum`,`inserttime`,`updatetime`) VALUES ('18602123502',897799,'2011-10-02 22:10:49','2011-10-02 22:10:49') [ RunTime:0.003313s ]
[ 2011-10-02T22:34:19+08:00 ] ERR: (ThinkException) 无法加载模块
[ 2011-10-02T22:35:30+08:00 ] ERR: (ThinkException) 无法加载模块
[ 2011-10-02T22:36:07+08:00 ] ERR: (ThinkException) 无法加载模块
[ 2011-10-02T22:36:19+08:00 ] SQL: SHOW COLUMNS FROM `kp_user` [ RunTime:0.006822s ]
[ 2011-10-02T22:36:19+08:00 ] SQL: SELECT * FROM `kp_user` WHERE ( `username` = '18602123502' ) [ RunTime:0.000899s ]
[ 2011-10-02T22:36:51+08:00 ] ERR: (ThinkException) 无法加载模块
[ 2011-10-02T22:37:01+08:00 ] SQL: SHOW COLUMNS FROM `kp_user` [ RunTime:0.006664s ]
[ 2011-10-02T22:37:01+08:00 ] SQL: SELECT * FROM `kp_user` WHERE ( `username` = '18602123502' ) [ RunTime:0.000791s ]
[ 2011-10-02T22:38:41+08:00 ] SQL: SHOW COLUMNS FROM `kp_user` [ RunTime:0.006943s ]
[ 2011-10-02T22:38:50+08:00 ] SQL: SHOW COLUMNS FROM `kp_user` [ RunTime:0.006541s ]
[ 2011-10-02T22:39:13+08:00 ] ERR: (ThinkException) 无法加载模块
[ 2011-10-02T22:39:22+08:00 ] SQL: SHOW COLUMNS FROM `kp_user` [ RunTime:0.006995s ]
[ 2011-10-02T22:39:22+08:00 ] SQL: SELECT * FROM `kp_user` WHERE ( `username` = '18602123502' ) [ RunTime:0.000790s ]
[ 2011-10-02T22:39:29+08:00 ] SQL: SHOW COLUMNS FROM `kp_user` [ RunTime:0.006836s ]
[ 2011-10-02T22:39:44+08:00 ] SQL: SHOW COLUMNS FROM `kp_user` [ RunTime:0.006760s ]
[ 2011-10-02T22:42:48+08:00 ] ERR: (ThinkException) 无法加载模块
[ 2011-10-02T22:43:46+08:00 ] SQL: SHOW COLUMNS FROM `kp_user` [ RunTime:0.007464s ]
[ 2011-10-02T22:43:46+08:00 ] SQL: SELECT * FROM `kp_user` WHERE ( `username` = '18602123502' ) [ RunTime:0.000898s ]
[ 2011-10-02T22:45:42+08:00 ] SQL: SHOW COLUMNS FROM `kp_user` [ RunTime:0.006846s ]
[ 2011-10-02T22:45:47+08:00 ] SQL: SHOW COLUMNS FROM `kp_user` [ RunTime:0.007045s ]
[ 2011-10-02T22:45:47+08:00 ] SQL: SELECT * FROM `kp_user` WHERE ( `username` = '18602123502' ) [ RunTime:0.000833s ]
[ 2011-10-02T22:46:35+08:00 ] SQL: SHOW COLUMNS FROM `kp_user` [ RunTime:0.006865s ]
[ 2011-10-02T22:46:39+08:00 ] SQL: SHOW COLUMNS FROM `kp_user` [ RunTime:0.006974s ]
[ 2011-10-02T22:46:39+08:00 ] SQL: SELECT * FROM `kp_user` WHERE ( `username` = '18602123502' ) [ RunTime:0.000934s ]
[ 2011-10-02T22:46:52+08:00 ] SQL: SHOW COLUMNS FROM `kp_user` [ RunTime:0.006806s ]
[ 2011-10-02T22:47:15+08:00 ] ERR: (ThinkException) 无法加载模块
[ 2011-10-02T22:47:25+08:00 ] SQL: SHOW COLUMNS FROM `kp_user` [ RunTime:0.007172s ]
[ 2011-10-02T22:47:25+08:00 ] SQL: SELECT * FROM `kp_user` WHERE ( `username` = '18602123502' ) [ RunTime:0.000830s ]
[ 2011-10-02T22:47:36+08:00 ] SQL: SHOW COLUMNS FROM `kp_user` [ RunTime:0.007113s ]
[ 2011-10-02T22:48:38+08:00 ] ERR: (ThinkException) 无法加载模块
[ 2011-10-02T22:48:47+08:00 ] SQL: SHOW COLUMNS FROM `kp_user` [ RunTime:0.006716s ]
[ 2011-10-02T22:48:47+08:00 ] SQL: SELECT * FROM `kp_user` WHERE ( `username` = '18602123502' ) [ RunTime:0.000817s ]
[ 2011-10-02T22:48:55+08:00 ] SQL: SHOW COLUMNS FROM `kp_user` [ RunTime:0.006764s ]
[ 2011-10-02T22:48:57+08:00 ] ERR: (ThinkException) 无法加载模块
[ 2011-10-02T22:54:36+08:00 ] ERR: (ThinkException) 无法加载模块
[ 2011-10-02T22:54:37+08:00 ] ERR: (ThinkException) 无法加载模块
[ 2011-10-02T22:54:50+08:00 ] SQL: SHOW COLUMNS FROM `kp_user` [ RunTime:0.006839s ]
[ 2011-10-02T22:54:50+08:00 ] SQL: SELECT * FROM `kp_user` WHERE ( `username` = '18602123502' ) [ RunTime:0.000828s ]
[ 2011-10-02T22:54:58+08:00 ] SQL: SHOW COLUMNS FROM `kp_user` [ RunTime:0.006876s ]
[ 2011-10-02T22:54:59+08:00 ] ERR: (ThinkException) 无法加载模块
[ 2011-10-02T22:55:01+08:00 ] ERR: (ThinkException) 无法加载模块
[ 2011-10-02T22:55:09+08:00 ] SQL: SHOW COLUMNS FROM `kp_user` [ RunTime:0.006661s ]
[ 2011-10-02T22:55:14+08:00 ] SQL: SHOW COLUMNS FROM `kp_user` [ RunTime:0.006655s ]
[ 2011-10-02T22:55:24+08:00 ] SQL: SHOW COLUMNS FROM `kp_user` [ RunTime:0.007209s ]
[ 2011-10-02T22:58:26+08:00 ] ERR: (ThinkException) 无法加载模块
[ 2011-10-02T22:58:35+08:00 ] ERR: (ThinkException) 无法加载模块
[ 2011-10-02T22:59:23+08:00 ] ERR: (ThinkException) 无法加载模块
[ 2011-10-02T22:59:28+08:00 ] ERR: (ThinkException) 无法加载模块
[ 2011-10-02T22:59:46+08:00 ] ERR: (ThinkException) 无法加载模块
[ 2011-10-02T22:59:57+08:00 ] SQL: SHOW COLUMNS FROM `kp_user` [ RunTime:0.005940s ]
[ 2011-10-02T22:59:57+08:00 ] SQL: SELECT * FROM `kp_user` WHERE ( `username` = '18602123502' ) [ RunTime:0.000672s ]
[ 2011-10-02T23:00:05+08:00 ] SQL: SHOW COLUMNS FROM `kp_user` [ RunTime:0.006750s ]
[ 2011-10-02T23:00:05+08:00 ] SQL: INSERT INTO `kp_user` (`username`,`checknum`,`updatetime`,`inserttime`) VALUES ('18602123502','122164','2011-10-02 23:00:05','2011-10-02 23:00:05') [ RunTime:0.003722s ]
[ 2011-10-02T23:00:05+08:00 ] SQL: select last_insert_id() as last [ RunTime:0.000502s ]
[ 2011-10-02T23:00:05+08:00 ] SQL: select last_insert_id() as last [ RunTime:0.000413s ]
[ 2011-10-02T23:00:06+08:00 ] ERR: (ThinkException) 无法加载模块
[ 2011-10-02T23:19:00+08:00 ] ERR: (ThinkException) 非法操作__PUBLIC__
[ 2011-10-02T23:19:00+08:00 ] ERR: (ThinkException) 非法操作__PUBLIC__
[ 2011-10-02T23:19:00+08:00 ] ERR: (ThinkException) 非法操作__PUBLIC__
[ 2011-10-02T23:19:00+08:00 ] ERR: (ThinkException) 非法操作__PUBLIC__
[ 2011-10-02T23:19:00+08:00 ] ERR: (ThinkException) 非法操作__PUBLIC__
[ 2011-10-02T23:19:00+08:00 ] ERR: (ThinkException) 非法操作__PUBLIC__
[ 2011-10-02T23:19:00+08:00 ] ERR: (ThinkException) 非法操作__PUBLIC__
[ 2011-10-02T23:19:00+08:00 ] ERR: (ThinkException) 非法操作__PUBLIC__
[ 2011-10-02T23:19:00+08:00 ] ERR: (ThinkException) 非法操作__PUBLIC__
[ 2011-10-02T23:19:00+08:00 ] ERR: (ThinkException) 非法操作__PUBLIC__
[ 2011-10-02T23:19:00+08:00 ] ERR: (ThinkException) 非法操作__PUBLIC__
[ 2011-10-02T23:19:00+08:00 ] ERR: (ThinkException) 非法操作__PUBLIC__
[ 2011-10-02T23:19:00+08:00 ] ERR: (ThinkException) 无法加载模块
[ 2011-10-02T23:19:39+08:00 ] ERR: (ThinkException) 非法操作__PUBLIC__
[ 2011-10-02T23:19:39+08:00 ] ERR: (ThinkException) 非法操作__PUBLIC__
[ 2011-10-02T23:19:39+08:00 ] ERR: (ThinkException) 非法操作__PUBLIC__
[ 2011-10-02T23:19:39+08:00 ] ERR: (ThinkException) 非法操作__PUBLIC__
[ 2011-10-02T23:19:39+08:00 ] ERR: (ThinkException) 非法操作__PUBLIC__
[ 2011-10-02T23:19:39+08:00 ] ERR: (ThinkException) 非法操作__PUBLIC__
[ 2011-10-02T23:19:39+08:00 ] ERR: (ThinkException) 非法操作__PUBLIC__
[ 2011-10-02T23:19:39+08:00 ] ERR: (ThinkException) 非法操作__PUBLIC__
[ 2011-10-02T23:19:39+08:00 ] ERR: (ThinkException) 非法操作__PUBLIC__
[ 2011-10-02T23:19:39+08:00 ] ERR: (ThinkException) 非法操作__PUBLIC__
[ 2011-10-02T23:19:39+08:00 ] ERR: (ThinkException) 非法操作__PUBLIC__
[ 2011-10-02T23:19:39+08:00 ] ERR: (ThinkException) 非法操作__PUBLIC__
[ 2011-10-02T23:19:39+08:00 ] ERR: (ThinkException) 无法加载模块
[ 2011-10-02T23:20:58+08:00 ] SQL: SHOW COLUMNS FROM `kp_user` [ RunTime:0.013114s ]
[ 2011-10-02T23:20:58+08:00 ] ERR: (ThinkException) 无法加载模块
[ 2011-10-02T23:22:13+08:00 ] ERR: (ThinkException) 无法加载模块
[ 2011-10-02T23:22:28+08:00 ] SQL: SHOW COLUMNS FROM `kp_user` [ RunTime:0.005863s ]
[ 2011-10-02T23:22:28+08:00 ] SQL: SELECT * FROM `kp_user` WHERE id=4 LIMIT 1  [ RunTime:0.000941s ]
[ 2011-10-02T23:22:28+08:00 ] ERR: (ThinkException) 无法加载模块
[ 2011-10-02T23:22:48+08:00 ] SQL: SHOW COLUMNS FROM `kp_user` [ RunTime:0.006798s ]
[ 2011-10-02T23:22:48+08:00 ] SQL: SELECT * FROM `kp_user` WHERE id=4 LIMIT 1  [ RunTime:0.000900s ]
[ 2011-10-02T23:22:48+08:00 ] ERR: (ThinkException) 无法加载模块
[ 2011-10-02T23:23:42+08:00 ] SQL: SHOW COLUMNS FROM `kp_user` [ RunTime:0.007500s ]
[ 2011-10-02T23:23:42+08:00 ] SQL: SELECT * FROM `kp_user` WHERE id=4 LIMIT 1  [ RunTime:0.000870s ]
[ 2011-10-02T23:23:43+08:00 ] ERR: (ThinkException) 无法加载模块
[ 2011-10-02T23:35:56+08:00 ] NOTIC: [8] Undefined variable: test RegAction.class.php 第 231 行.
[ 2011-10-02T23:35:56+08:00 ] ERR: (ThinkException) 无法加载模块
[ 2011-10-02T23:36:21+08:00 ] ERR: (ThinkException) 无法加载模块
[ 2011-10-02T23:36:34+08:00 ] ERR: (ThinkException) 无法加载模块
[ 2011-10-02T23:36:50+08:00 ] ERR: (ThinkException) 无法加载模块
[ 2011-10-02T23:36:51+08:00 ] ERR: (ThinkException) 无法加载模块
[ 2011-10-02T23:37:07+08:00 ] ERR: (ThinkException) 无法加载模块
[ 2011-10-02T23:37:17+08:00 ] ERR: (ThinkException) 无法加载模块
[ 2011-10-02T23:37:28+08:00 ] ERR: (ThinkException) 无法加载模块
[ 2011-10-02T23:41:26+08:00 ] ERR: (ThinkException) 非法操作indnex
[ 2011-10-02T23:41:26+08:00 ] ERR: (ThinkException) 无法加载模块
[ 2011-10-02T23:41:33+08:00 ] SQL: SHOW COLUMNS FROM `kp_user` [ RunTime:0.007257s ]
[ 2011-10-02T23:41:33+08:00 ] SQL: SELECT * FROM `kp_user` WHERE id=4 LIMIT 1  [ RunTime:0.001119s ]
[ 2011-10-02T23:41:33+08:00 ] ERR: (ThinkException) 无法加载模块
[ 2011-10-02T23:41:57+08:00 ] SQL: SHOW COLUMNS FROM `kp_user` [ RunTime:0.006850s ]
[ 2011-10-02T23:41:57+08:00 ] SQL: SELECT * FROM `kp_user` WHERE id=4 LIMIT 1  [ RunTime:0.000955s ]
[ 2011-10-02T23:41:57+08:00 ] ERR: (ThinkException) 无法加载模块
[ 2011-10-02T23:42:06+08:00 ] ERR: (ThinkException) 无法加载模块
[ 2011-10-02T23:42:07+08:00 ] ERR: (ThinkException) 无法加载模块
[ 2011-10-02T23:42:29+08:00 ] ERR: (ThinkException) 无法加载模块
[ 2011-10-02T23:42:35+08:00 ] SQL: SHOW COLUMNS FROM `kp_user` [ RunTime:0.007383s ]
[ 2011-10-02T23:42:35+08:00 ] SQL: SELECT * FROM `kp_user` WHERE id=4 LIMIT 1  [ RunTime:0.000933s ]
[ 2011-10-02T23:42:35+08:00 ] ERR: (ThinkException) 无法加载模块
[ 2011-10-02T23:42:49+08:00 ] SQL: SHOW COLUMNS FROM `kp_user` [ RunTime:0.006694s ]
[ 2011-10-02T23:42:49+08:00 ] SQL: UPDATE `kp_user` SET `password`='11111111',`email`='',`updatetime`='2011-10-02 23:42:49' WHERE ( `id` = '4' ) [ RunTime:0.003407s ]
[ 2011-10-02T23:42:49+08:00 ] ERR: (ThinkException) 无法加载模块
[ 2011-10-02T23:43:05+08:00 ] ERR: (ThinkException) 无法加载模块
[ 2011-10-02T23:43:10+08:00 ] SQL: SHOW COLUMNS FROM `kp_user` [ RunTime:0.007690s ]
[ 2011-10-02T23:43:10+08:00 ] SQL: SELECT * FROM `kp_user` WHERE id=4 LIMIT 1  [ RunTime:0.000533s ]
[ 2011-10-02T23:43:10+08:00 ] ERR: (ThinkException) 无法加载模块
[ 2011-10-02T23:43:23+08:00 ] SQL: SHOW COLUMNS FROM `kp_user` [ RunTime:0.006976s ]
[ 2011-10-02T23:43:23+08:00 ] SQL: UPDATE `kp_user` SET `password`='222222',`email`='nehnre@yahoo.com.cn',`updatetime`='2011-10-02 23:43:23' WHERE ( `id` = '4' ) [ RunTime:0.003694s ]
[ 2011-10-02T23:43:23+08:00 ] ERR: (ThinkException) 无法加载模块
[ 2011-10-02T23:43:49+08:00 ] NOTIC: [8] Undefined variable: user b4ace6772fc4acaa54892fa5da219e43.php 第 67 行.
[ 2011-10-02T23:43:49+08:00 ] ERR: (ThinkException) 无法加载模块
[ 2011-10-02T23:54:17+08:00 ] NOTIC: [8] Undefined variable: user b4ace6772fc4acaa54892fa5da219e43.php 第 72 行.
[ 2011-10-02T23:54:17+08:00 ] ERR: (ThinkException) 无法加载模块
[ 2011-10-02T23:56:46+08:00 ] NOTIC: [8] Undefined variable: user b4ace6772fc4acaa54892fa5da219e43.php 第 71 行.
[ 2011-10-02T23:56:46+08:00 ] ERR: (ThinkException) 无法加载模块
