[ 2011-10-10T00:13:02+08:00 ] ERR: (ThinkException) 无法加载模块
[ 2011-10-10T00:19:14+08:00 ] ERR: (ThinkException) 无法加载模块
[ 2011-10-10T20:14:27+08:00 ] ERR: (ThinkException) 无法加载模块Public
[ 2011-10-10T20:14:27+08:00 ] ERR: (ThinkException) 无法加载模块Public
[ 2011-10-10T20:14:27+08:00 ] ERR: (ThinkException) 无法加载模块Public
[ 2011-10-10T20:14:27+08:00 ] ERR: (ThinkException) 无法加载模块Public
[ 2011-10-10T20:15:34+08:00 ] ERR: (ThinkException) 无法加载模块Public
[ 2011-10-10T20:15:34+08:00 ] ERR: (ThinkException) 无法加载模块Public
[ 2011-10-10T20:15:34+08:00 ] ERR: (ThinkException) 无法加载模块Public
[ 2011-10-10T20:15:34+08:00 ] ERR: (ThinkException) 无法加载模块Public
[ 2011-10-10T20:15:34+08:00 ] ERR: (ThinkException) 无法加载模块Public
[ 2011-10-10T20:15:49+08:00 ] ERR: (ThinkException) 无法加载模块Public
[ 2011-10-10T20:15:49+08:00 ] ERR: (ThinkException) 无法加载模块Public
[ 2011-10-10T20:15:49+08:00 ] ERR: (ThinkException) 无法加载模块Public
[ 2011-10-10T20:15:49+08:00 ] ERR: (ThinkException) 无法加载模块Public
[ 2011-10-10T20:16:10+08:00 ] ERR: (ThinkException) 无法加载模块Public
[ 2011-10-10T20:16:17+08:00 ] ERR: (ThinkException) 无法加载模块Public
[ 2011-10-10T20:16:18+08:00 ] ERR: (ThinkException) 无法加载模块Public
[ 2011-10-10T20:16:18+08:00 ] ERR: (ThinkException) 无法加载模块Public
[ 2011-10-10T20:16:18+08:00 ] ERR: (ThinkException) 无法加载模块Public
[ 2011-10-10T20:25:48+08:00 ] ERR: (ThinkException) 无法加载模块
[ 2011-10-10T20:25:50+08:00 ] ERR: (ThinkException) 无法加载模块
[ 2011-10-10T20:37:26+08:00 ] ERR: (ThinkException) 无法加载模块
[ 2011-10-10T20:52:28+08:00 ] ERR: (ThinkException) 无法加载模块
[ 2011-10-10T20:55:49+08:00 ] ERR: (ThinkException) 无法加载模块
[ 2011-10-10T21:08:18+08:00 ] ERR: (ThinkException) 无法加载模块
[ 2011-10-10T21:08:34+08:00 ] ERR: (ThinkException) 无法加载模块
[ 2011-10-10T21:08:45+08:00 ] ERR: (ThinkException) 无法加载模块
[ 2011-10-10T21:08:48+08:00 ] ERR: (ThinkException) 无法加载模块
[ 2011-10-10T22:01:42+08:00 ] ERR: (ThinkException) 无法加载模块
[ 2011-10-10T22:01:50+08:00 ] ERR: (ThinkException) 无法加载模块
[ 2011-10-10T22:42:55+08:00 ] ERR: (ThinkException) 模板不存在[F:/myselfproject/kuaipei/kuaipei/Tpl/default/Activity/index.html]
[ 2011-10-10T22:44:03+08:00 ] ERR: (ThinkException) 模板不存在[F:/myselfproject/kuaipei/kuaipei/Tpl/default/Activity/index.html]
[ 2011-10-10T22:45:11+08:00 ] ERR: (ThinkException) 模板不存在[F:/myselfproject/kuaipei/kuaipei/Tpl/default/Activity/index.html]
[ 2011-10-10T22:46:32+08:00 ] ERR: (ThinkException) 模板不存在[F:/myselfproject/kuaipei/kuaipei/Tpl/default/Activity/index.html]
[ 2011-10-10T22:46:32+08:00 ] ERR: (ThinkException) 模板不存在[F:/myselfproject/kuaipei/kuaipei/Tpl/default/Activity/index.html]
[ 2011-10-10T22:46:33+08:00 ] ERR: (ThinkException) 模板不存在[F:/myselfproject/kuaipei/kuaipei/Tpl/default/Activity/index.html]
[ 2011-10-10T22:46:33+08:00 ] ERR: (ThinkException) 模板不存在[F:/myselfproject/kuaipei/kuaipei/Tpl/default/Activity/index.html]
[ 2011-10-10T22:46:33+08:00 ] ERR: (ThinkException) 模板不存在[F:/myselfproject/kuaipei/kuaipei/Tpl/default/Activity/index.html]
[ 2011-10-10T22:46:33+08:00 ] ERR: (ThinkException) 模板不存在[F:/myselfproject/kuaipei/kuaipei/Tpl/default/Activity/index.html]
[ 2011-10-10T22:54:44+08:00 ] ERR: (ThinkException) 无法加载模块
[ 2011-10-10T22:54:46+08:00 ] ERR: (ThinkException) 无法加载模块
[ 2011-10-10T22:55:03+08:00 ] ERR: (ThinkException) 无法加载模块
[ 2011-10-10T22:55:09+08:00 ] ERR: (ThinkException) 无法加载模块
[ 2011-10-10T22:55:25+08:00 ] ERR: (ThinkException) 无法加载模块
[ 2011-10-10T22:55:27+08:00 ] ERR: (ThinkException) 无法加载模块
[ 2011-10-10T22:55:27+08:00 ] ERR: (ThinkException) 无法加载模块
[ 2011-10-10T22:55:49+08:00 ] ERR: (ThinkException) 无法加载模块
[ 2011-10-10T22:55:50+08:00 ] ERR: (ThinkException) 无法加载模块
[ 2011-10-10T23:10:16+08:00 ] ERR: (ThinkException) 无法加载模块
[ 2011-10-10T23:10:18+08:00 ] ERR: (ThinkException) 无法加载模块
[ 2011-10-10T23:10:30+08:00 ] ERR: (ThinkException) 无法加载模块
[ 2011-10-10T23:10:33+08:00 ] ERR: (ThinkException) 无法加载模块
[ 2011-10-10T23:10:35+08:00 ] ERR: (ThinkException) 无法加载模块
[ 2011-10-10T23:10:36+08:00 ] ERR: (ThinkException) 无法加载模块
[ 2011-10-10T23:10:36+08:00 ] ERR: (ThinkException) 无法加载模块
[ 2011-10-10T23:10:40+08:00 ] ERR: (ThinkException) 无法加载模块
[ 2011-10-10T23:10:42+08:00 ] ERR: (ThinkException) 无法加载模块
[ 2011-10-10T23:13:08+08:00 ] ERR: (ThinkException) 无法加载模块
[ 2011-10-10T23:20:56+08:00 ] ERR: (ThinkException) 无法加载模块
[ 2011-10-10T23:35:30+08:00 ] ERR: (ThinkException) 非法操作swfupload
[ 2011-10-10T23:35:30+08:00 ] ERR: (ThinkException) 非法操作swfupload
[ 2011-10-10T23:35:39+08:00 ] ERR: (ThinkException) 非法操作swfupload
[ 2011-10-10T23:35:39+08:00 ] ERR: (ThinkException) 非法操作swfupload
[ 2011-10-10T23:38:12+08:00 ] ERR: (ThinkException) 非法操作swfupload
[ 2011-10-10T23:38:12+08:00 ] ERR: (ThinkException) 非法操作swfupload
[ 2011-10-10T23:38:34+08:00 ] ERR: (ThinkException) 无法加载模块js
[ 2011-10-10T23:38:34+08:00 ] ERR: (ThinkException) 无法加载模块js
[ 2011-10-10T23:43:39+08:00 ] ERR: (ThinkException) 非法操作css
[ 2011-10-10T23:43:39+08:00 ] ERR: (ThinkException) 无法加载模块js
[ 2011-10-10T23:43:39+08:00 ] ERR: (ThinkException) 无法加载模块js
[ 2011-10-10T23:44:21+08:00 ] ERR: (ThinkException) 无法加载模块
[ 2011-10-10T23:44:33+08:00 ] ERR: (ThinkException) 无法加载模块
[ 2011-10-10T23:44:35+08:00 ] ERR: (ThinkException) 无法加载模块
[ 2011-10-10T23:44:36+08:00 ] ERR: (ThinkException) 无法加载模块
[ 2011-10-10T23:45:04+08:00 ] ERR: (ThinkException) 无法加载模块
[ 2011-10-10T23:45:11+08:00 ] ERR: (ThinkException) 无法加载模块
[ 2011-10-10T23:45:14+08:00 ] ERR: (ThinkException) 无法加载模块
[ 2011-10-10T23:45:22+08:00 ] ERR: (ThinkException) 非法操作css
[ 2011-10-10T23:45:22+08:00 ] ERR: (ThinkException) 无法加载模块
