[ 2011-10-08T10:14:36+08:00 ] ERR: (ThinkException) 无法加载模块
[ 2011-10-08T12:12:49+08:00 ] NOTIC: [8] Undefined index: HTTP_USER_AGENT ~runtime.php 第 2 行.
[ 2011-10-08T19:36:40+08:00 ] ERR: (ThinkException) 无法加载模块
[ 2011-10-08T19:37:25+08:00 ] ERR: (ThinkException) 无法加载模块
[ 2011-10-08T19:38:01+08:00 ] ERR: (ThinkException) 无法加载模块
[ 2011-10-08T19:39:45+08:00 ] ERR: (ThinkException) 无法加载模块
[ 2011-10-08T19:42:27+08:00 ] NOTIC: [8] Undefined index: id ActivityAction.class.php 第 36 行.
[ 2011-10-08T19:42:28+08:00 ] ERR: (ThinkException) 无法加载模块
[ 2011-10-08T19:53:32+08:00 ] ERR: (ThinkException) 非法操作css
[ 2011-10-08T19:53:32+08:00 ] ERR: (ThinkException) 非法操作page.html
[ 2011-10-08T19:53:32+08:00 ] ERR: (ThinkException) 非法操作images
[ 2011-10-08T19:53:32+08:00 ] ERR: (ThinkException) 非法操作images
[ 2011-10-08T19:53:32+08:00 ] ERR: (ThinkException) 非法操作images
[ 2011-10-08T19:53:32+08:00 ] ERR: (ThinkException) 非法操作images
[ 2011-10-08T19:53:32+08:00 ] ERR: (ThinkException) 非法操作images
[ 2011-10-08T19:53:32+08:00 ] ERR: (ThinkException) 非法操作images
[ 2011-10-08T19:53:32+08:00 ] ERR: (ThinkException) 非法操作images
[ 2011-10-08T19:53:32+08:00 ] ERR: (ThinkException) 非法操作images
[ 2011-10-08T19:53:32+08:00 ] ERR: (ThinkException) 非法操作images
[ 2011-10-08T19:53:32+08:00 ] ERR: (ThinkException) 非法操作images
[ 2011-10-08T19:53:32+08:00 ] ERR: (ThinkException) 非法操作images
[ 2011-10-08T19:53:33+08:00 ] ERR: (ThinkException) 无法加载模块
[ 2011-10-08T19:54:01+08:00 ] ERR: (ThinkException) 非法操作css
[ 2011-10-08T19:54:01+08:00 ] ERR: (ThinkException) 无法加载模块Public
[ 2011-10-08T19:54:01+08:00 ] ERR: (ThinkException) 无法加载模块Public
[ 2011-10-08T19:54:02+08:00 ] ERR: (ThinkException) 无法加载模块Public
[ 2011-10-08T19:54:02+08:00 ] ERR: (ThinkException) 无法加载模块Public
[ 2011-10-08T19:54:02+08:00 ] ERR: (ThinkException) 非法操作page.html
[ 2011-10-08T19:54:02+08:00 ] ERR: (ThinkException) 无法加载模块Public
[ 2011-10-08T19:54:02+08:00 ] ERR: (ThinkException) 无法加载模块Public
[ 2011-10-08T19:54:02+08:00 ] ERR: (ThinkException) 无法加载模块Public
[ 2011-10-08T19:54:02+08:00 ] ERR: (ThinkException) 无法加载模块Public
[ 2011-10-08T19:54:02+08:00 ] ERR: (ThinkException) 无法加载模块Public
[ 2011-10-08T19:54:02+08:00 ] ERR: (ThinkException) 无法加载模块Public
[ 2011-10-08T19:54:02+08:00 ] ERR: (ThinkException) 无法加载模块Public
[ 2011-10-08T19:54:02+08:00 ] ERR: (ThinkException) 无法加载模块
[ 2011-10-08T19:54:12+08:00 ] ERR: (ThinkException) 非法操作css
[ 2011-10-08T19:54:12+08:00 ] ERR: (ThinkException) 非法操作page.html
[ 2011-10-08T19:54:12+08:00 ] ERR: (ThinkException) 无法加载模块Public
[ 2011-10-08T19:54:12+08:00 ] ERR: (ThinkException) 无法加载模块Public
[ 2011-10-08T19:54:12+08:00 ] ERR: (ThinkException) 无法加载模块Public
[ 2011-10-08T19:54:12+08:00 ] ERR: (ThinkException) 无法加载模块Public
[ 2011-10-08T19:54:12+08:00 ] ERR: (ThinkException) 无法加载模块Public
[ 2011-10-08T19:54:12+08:00 ] ERR: (ThinkException) 无法加载模块Public
[ 2011-10-08T19:54:12+08:00 ] ERR: (ThinkException) 无法加载模块Public
[ 2011-10-08T19:54:12+08:00 ] ERR: (ThinkException) 无法加载模块Public
[ 2011-10-08T19:54:12+08:00 ] ERR: (ThinkException) 无法加载模块Public
[ 2011-10-08T19:54:12+08:00 ] ERR: (ThinkException) 无法加载模块Public
[ 2011-10-08T19:54:12+08:00 ] ERR: (ThinkException) 无法加载模块Public
[ 2011-10-08T19:54:12+08:00 ] ERR: (ThinkException) 无法加载模块
[ 2011-10-08T19:54:51+08:00 ] ERR: (ThinkException) 非法操作page.html
[ 2011-10-08T19:54:51+08:00 ] ERR: (ThinkException) 无法加载模块
[ 2011-10-08T19:55:44+08:00 ] ERR: (ThinkException) 非法操作page.html
[ 2011-10-08T19:55:44+08:00 ] ERR: (ThinkException) 无法加载模块
[ 2011-10-08T19:56:25+08:00 ] ERR: (ThinkException) 非法操作page.html
[ 2011-10-08T19:56:25+08:00 ] ERR: (ThinkException) 无法加载模块
[ 2011-10-08T19:57:42+08:00 ] ERR: (ThinkException) 非法操作page.html
[ 2011-10-08T19:57:42+08:00 ] ERR: (ThinkException) 无法加载模块
[ 2011-10-08T19:57:45+08:00 ] ERR: (ThinkException) 无法加载模块
[ 2011-10-08T19:57:46+08:00 ] ERR: (ThinkException) 无法加载模块
[ 2011-10-08T19:57:47+08:00 ] ERR: (ThinkException) 无法加载模块
[ 2011-10-08T19:57:50+08:00 ] ERR: (ThinkException) 非法操作page.html
[ 2011-10-08T19:57:50+08:00 ] ERR: (ThinkException) 无法加载模块
[ 2011-10-08T19:57:52+08:00 ] ERR: (ThinkException) 无法加载模块
[ 2011-10-08T20:02:39+08:00 ] ERR: (ThinkException) 非法操作default
[ 2011-10-08T20:02:39+08:00 ] ERR: (ThinkException) 无法加载模块
[ 2011-10-08T20:03:16+08:00 ] ERR: (ThinkException) 无法加载模块
[ 2011-10-08T20:05:16+08:00 ] ERR: (ThinkException) 无法加载模块images
[ 2011-10-08T20:05:16+08:00 ] ERR: (ThinkException) 无法加载模块
[ 2011-10-08T20:06:23+08:00 ] ERR: (ThinkException) 无法加载模块
[ 2011-10-08T20:06:33+08:00 ] ERR: (ThinkException) 无法加载模块
[ 2011-10-08T20:06:37+08:00 ] ERR: (ThinkException) 无法加载模块
[ 2011-10-08T20:06:42+08:00 ] ERR: (ThinkException) 无法加载模块
[ 2011-10-08T20:06:43+08:00 ] ERR: (ThinkException) 无法加载模块
[ 2011-10-08T20:06:57+08:00 ] ERR: (ThinkException) 无法加载模块
[ 2011-10-08T20:07:02+08:00 ] ERR: (ThinkException) 无法加载模块
[ 2011-10-08T20:07:02+08:00 ] ERR: (ThinkException) 无法加载模块
[ 2011-10-08T20:07:04+08:00 ] ERR: (ThinkException) 无法加载模块
[ 2011-10-08T20:07:06+08:00 ] ERR: (ThinkException) 无法加载模块
[ 2011-10-08T20:07:06+08:00 ] ERR: (ThinkException) 无法加载模块
[ 2011-10-08T20:07:11+08:00 ] ERR: (ThinkException) 无法加载模块
[ 2011-10-08T20:07:14+08:00 ] ERR: (ThinkException) 无法加载模块
[ 2011-10-08T20:14:29+08:00 ] ERR: (ThinkException) 无法加载模块
[ 2011-10-08T20:15:59+08:00 ] ERR: (ThinkException) 无法加载模块
[ 2011-10-08T20:15:59+08:00 ] ERR: (ThinkException) 无法加载模块
[ 2011-10-08T20:16:01+08:00 ] ERR: (ThinkException) 无法加载模块
[ 2011-10-08T20:16:13+08:00 ] ERR: (ThinkException) 无法加载模块
[ 2011-10-08T20:16:14+08:00 ] ERR: (ThinkException) 无法加载模块
[ 2011-10-08T20:16:15+08:00 ] ERR: (ThinkException) 无法加载模块
[ 2011-10-08T20:20:04+08:00 ] ERR: (ThinkException) 无法加载模块
[ 2011-10-08T20:20:07+08:00 ] ERR: (ThinkException) 无法加载模块
[ 2011-10-08T20:20:09+08:00 ] ERR: (ThinkException) 无法加载模块
[ 2011-10-08T20:23:51+08:00 ] ERR: (ThinkException) 无法加载模块
[ 2011-10-08T20:29:07+08:00 ] ERR: (ThinkException) 无法加载模块
[ 2011-10-08T20:29:09+08:00 ] ERR: (ThinkException) 无法加载模块
[ 2011-10-08T20:29:31+08:00 ] ERR: (ThinkException) 无法加载模块
[ 2011-10-08T20:29:49+08:00 ] ERR: (ThinkException) 无法加载模块
[ 2011-10-08T20:29:55+08:00 ] ERR: (ThinkException) 无法加载模块
[ 2011-10-08T20:30:02+08:00 ] ERR: (ThinkException) 无法加载模块
[ 2011-10-08T20:30:12+08:00 ] ERR: (ThinkException) 无法加载模块
[ 2011-10-08T20:30:14+08:00 ] ERR: (ThinkException) 无法加载模块
[ 2011-10-08T20:30:49+08:00 ] ERR: (ThinkException) 无法加载模块
[ 2011-10-08T20:38:35+08:00 ] ERR: (ThinkException) 无法加载模块
[ 2011-10-08T20:46:14+08:00 ] ERR: (ThinkException) 无法加载模块
[ 2011-10-08T20:46:34+08:00 ] ERR: (ThinkException) 无法加载模块
[ 2011-10-08T20:46:43+08:00 ] ERR: (ThinkException) 无法加载模块
[ 2011-10-08T20:46:50+08:00 ] ERR: (ThinkException) 无法加载模块
[ 2011-10-08T20:46:52+08:00 ] ERR: (ThinkException) 无法加载模块
[ 2011-10-08T20:47:12+08:00 ] ERR: (ThinkException) 无法加载模块
[ 2011-10-08T20:47:14+08:00 ] ERR: (ThinkException) 无法加载模块
[ 2011-10-08T20:47:16+08:00 ] ERR: (ThinkException) 无法加载模块
[ 2011-10-08T20:47:31+08:00 ] ERR: (ThinkException) 无法加载模块
[ 2011-10-08T20:48:10+08:00 ] ERR: (ThinkException) 无法加载模块
[ 2011-10-08T20:49:22+08:00 ] ERR: (ThinkException) 无法加载模块
[ 2011-10-08T20:49:22+08:00 ] ERR: (ThinkException) 无法加载模块
[ 2011-10-08T20:49:22+08:00 ] ERR: (ThinkException) 无法加载模块
[ 2011-10-08T20:49:23+08:00 ] ERR: (ThinkException) 无法加载模块
[ 2011-10-08T20:49:23+08:00 ] ERR: (ThinkException) 无法加载模块
[ 2011-10-08T20:49:48+08:00 ] ERR: (ThinkException) 无法加载模块
[ 2011-10-08T20:50:52+08:00 ] ERR: (ThinkException) 无法加载模块
[ 2011-10-08T20:52:33+08:00 ] ERR: (ThinkException) 无法加载模块
[ 2011-10-08T20:52:35+08:00 ] ERR: (ThinkException) 无法加载模块
[ 2011-10-08T20:53:27+08:00 ] ERR: (ThinkException) 无法加载模块
[ 2011-10-08T20:53:28+08:00 ] ERR: (ThinkException) 无法加载模块
[ 2011-10-08T20:53:29+08:00 ] ERR: (ThinkException) 无法加载模块
[ 2011-10-08T20:53:29+08:00 ] ERR: (ThinkException) 无法加载模块
[ 2011-10-08T20:53:29+08:00 ] ERR: (ThinkException) 无法加载模块
[ 2011-10-08T20:53:29+08:00 ] ERR: (ThinkException) 无法加载模块
[ 2011-10-08T20:53:30+08:00 ] ERR: (ThinkException) 无法加载模块
[ 2011-10-08T20:54:27+08:00 ] ERR: (ThinkException) 无法加载模块
[ 2011-10-08T20:55:04+08:00 ] ERR: (ThinkException) 无法加载模块
[ 2011-10-08T20:55:14+08:00 ] ERR: (ThinkException) 无法加载模块
[ 2011-10-08T20:55:14+08:00 ] ERR: (ThinkException) 无法加载模块
[ 2011-10-08T20:55:48+08:00 ] ERR: (ThinkException) 无法加载模块
[ 2011-10-08T20:55:58+08:00 ] ERR: (ThinkException) 无法加载模块
[ 2011-10-08T20:57:34+08:00 ] ERR: (ThinkException) 无法加载模块
[ 2011-10-08T20:58:11+08:00 ] ERR: (ThinkException) 无法加载模块
[ 2011-10-08T21:04:44+08:00 ] ERR: (ThinkException) 无法加载模块
[ 2011-10-08T21:04:46+08:00 ] ERR: (ThinkException) 无法加载模块
[ 2011-10-08T21:04:47+08:00 ] ERR: (ThinkException) 无法加载模块
[ 2011-10-08T21:30:12+08:00 ] ERR: (ThinkException) 无法加载模块Public
[ 2011-10-08T21:30:12+08:00 ] ERR: (ThinkException) 无法加载模块
[ 2011-10-08T21:32:11+08:00 ] ERR: (ThinkException) 无法加载模块
[ 2011-10-08T21:32:13+08:00 ] ERR: (ThinkException) 无法加载模块Public
[ 2011-10-08T21:32:13+08:00 ] ERR: (ThinkException) 无法加载模块
[ 2011-10-08T21:32:20+08:00 ] ERR: (ThinkException) 无法加载模块
[ 2011-10-08T21:32:22+08:00 ] ERR: (ThinkException) 无法加载模块Public
[ 2011-10-08T21:32:22+08:00 ] ERR: (ThinkException) 无法加载模块
[ 2011-10-08T21:33:18+08:00 ] ERR: (ThinkException) 无法加载模块Public
[ 2011-10-08T21:33:18+08:00 ] ERR: (ThinkException) 无法加载模块
[ 2011-10-08T21:43:53+08:00 ] ERR: (ThinkException) 无法加载模块
[ 2011-10-08T21:43:56+08:00 ] ERR: (ThinkException) 无法加载模块
[ 2011-10-08T21:44:02+08:00 ] ERR: (ThinkException) 无法加载模块
[ 2011-10-08T21:44:12+08:00 ] ERR: (ThinkException) 无法加载模块
[ 2011-10-08T21:44:19+08:00 ] ERR: (ThinkException) 无法加载模块
[ 2011-10-08T21:44:21+08:00 ] ERR: (ThinkException) 无法加载模块
[ 2011-10-08T21:44:48+08:00 ] ERR: (ThinkException) 无法加载模块
[ 2011-10-08T21:44:54+08:00 ] ERR: (ThinkException) 无法加载模块
[ 2011-10-08T21:44:57+08:00 ] ERR: (ThinkException) 无法加载模块
[ 2011-10-08T21:45:00+08:00 ] ERR: (ThinkException) 无法加载模块
[ 2011-10-08T21:45:09+08:00 ] ERR: (ThinkException) 无法加载模块
[ 2011-10-08T21:45:10+08:00 ] ERR: (ThinkException) 无法加载模块
[ 2011-10-08T21:45:11+08:00 ] ERR: (ThinkException) 无法加载模块
[ 2011-10-08T21:45:11+08:00 ] ERR: (ThinkException) 无法加载模块
[ 2011-10-08T21:45:11+08:00 ] ERR: (ThinkException) 无法加载模块
[ 2011-10-08T21:45:12+08:00 ] ERR: (ThinkException) 无法加载模块
[ 2011-10-08T21:45:12+08:00 ] ERR: (ThinkException) 无法加载模块
[ 2011-10-08T21:45:12+08:00 ] ERR: (ThinkException) 无法加载模块
[ 2011-10-08T21:46:06+08:00 ] ERR: (ThinkException) 无法加载模块
[ 2011-10-08T21:46:07+08:00 ] ERR: (ThinkException) 无法加载模块
[ 2011-10-08T21:46:10+08:00 ] ERR: (ThinkException) 无法加载模块
[ 2011-10-08T21:46:16+08:00 ] ERR: (ThinkException) 无法加载模块
[ 2011-10-08T21:46:17+08:00 ] ERR: (ThinkException) 无法加载模块
[ 2011-10-08T21:47:07+08:00 ] ERR: (ThinkException) 无法加载模块
[ 2011-10-08T21:47:10+08:00 ] ERR: (ThinkException) 无法加载模块
[ 2011-10-08T21:47:10+08:00 ] ERR: (ThinkException) 无法加载模块
[ 2011-10-08T21:47:21+08:00 ] ERR: (ThinkException) 无法加载模块
[ 2011-10-08T21:47:23+08:00 ] ERR: (ThinkException) 无法加载模块
[ 2011-10-08T21:47:50+08:00 ] ERR: (ThinkException) 无法加载模块
[ 2011-10-08T21:47:53+08:00 ] ERR: (ThinkException) 无法加载模块
[ 2011-10-08T21:48:04+08:00 ] ERR: (ThinkException) 无法加载模块
[ 2011-10-08T21:48:06+08:00 ] ERR: (ThinkException) 无法加载模块
[ 2011-10-08T21:48:12+08:00 ] ERR: (ThinkException) 无法加载模块
[ 2011-10-08T21:48:18+08:00 ] ERR: (ThinkException) 无法加载模块
[ 2011-10-08T21:48:22+08:00 ] ERR: (ThinkException) 无法加载模块
[ 2011-10-08T21:48:22+08:00 ] ERR: (ThinkException) 无法加载模块
[ 2011-10-08T21:48:37+08:00 ] ERR: (ThinkException) 无法加载模块
[ 2011-10-08T21:48:37+08:00 ] ERR: (ThinkException) 无法加载模块
[ 2011-10-08T21:48:38+08:00 ] ERR: (ThinkException) 无法加载模块
[ 2011-10-08T21:48:38+08:00 ] ERR: (ThinkException) 无法加载模块
[ 2011-10-08T21:48:38+08:00 ] ERR: (ThinkException) 无法加载模块
[ 2011-10-08T21:48:46+08:00 ] ERR: (ThinkException) 无法加载模块
[ 2011-10-08T21:48:48+08:00 ] ERR: (ThinkException) 无法加载模块
[ 2011-10-08T21:48:50+08:00 ] ERR: (ThinkException) 无法加载模块
[ 2011-10-08T21:48:56+08:00 ] ERR: (ThinkException) 无法加载模块
[ 2011-10-08T21:49:14+08:00 ] ERR: (ThinkException) 无法加载模块
[ 2011-10-08T21:49:14+08:00 ] ERR: (ThinkException) 无法加载模块
[ 2011-10-08T21:58:53+08:00 ] ERR: (ThinkException) 无法加载模块
[ 2011-10-08T21:58:57+08:00 ] ERR: (ThinkException) 无法加载模块
[ 2011-10-08T21:58:59+08:00 ] ERR: (ThinkException) 无法加载模块
[ 2011-10-08T21:59:12+08:00 ] ERR: (ThinkException) 无法加载模块
[ 2011-10-08T22:00:57+08:00 ] ERR: (ThinkException) 无法加载模块
[ 2011-10-08T22:01:05+08:00 ] ERR: (ThinkException) 无法加载模块
[ 2011-10-08T22:01:10+08:00 ] ERR: (ThinkException) 无法加载模块
[ 2011-10-08T22:01:14+08:00 ] ERR: (ThinkException) 无法加载模块
[ 2011-10-08T22:01:29+08:00 ] ERR: (ThinkException) 无法加载模块
[ 2011-10-08T22:01:34+08:00 ] ERR: (ThinkException) 无法加载模块
[ 2011-10-08T22:01:36+08:00 ] ERR: (ThinkException) 无法加载模块
[ 2011-10-08T22:01:39+08:00 ] ERR: (ThinkException) 无法加载模块
[ 2011-10-08T22:06:38+08:00 ] ERR: (ThinkException) 无法加载模块
[ 2011-10-08T22:06:42+08:00 ] ERR: (ThinkException) 无法加载模块
[ 2011-10-08T22:07:11+08:00 ] ERR: (ThinkException) 无法加载模块
[ 2011-10-08T22:07:13+08:00 ] ERR: (ThinkException) 无法加载模块
[ 2011-10-08T22:07:18+08:00 ] ERR: (ThinkException) 无法加载模块
[ 2011-10-08T22:07:51+08:00 ] ERR: (ThinkException) 无法加载模块
[ 2011-10-08T22:07:55+08:00 ] ERR: (ThinkException) 无法加载模块
[ 2011-10-08T22:18:40+08:00 ] ERR: (ThinkException) 无法加载模块
[ 2011-10-08T22:18:59+08:00 ] ERR: (ThinkException) 无法加载模块
[ 2011-10-08T22:19:02+08:00 ] NOTIC: [8] Undefined index: file ActivityAction.class.php 第 100 行.
[ 2011-10-08T22:19:02+08:00 ] ERR: (ThinkException) 无法加载模块
[ 2011-10-08T22:19:15+08:00 ] ERR: (ThinkException) 无法加载模块
[ 2011-10-08T22:19:16+08:00 ] NOTIC: [8] Undefined index: file ActivityAction.class.php 第 100 行.
[ 2011-10-08T22:19:16+08:00 ] ERR: (ThinkException) 无法加载模块
[ 2011-10-08T22:19:18+08:00 ] ERR: (ThinkException) 无法加载模块
[ 2011-10-08T22:19:22+08:00 ] NOTIC: [8] Undefined index: file ActivityAction.class.php 第 100 行.
[ 2011-10-08T22:19:22+08:00 ] ERR: (ThinkException) 无法加载模块
[ 2011-10-08T22:19:24+08:00 ] ERR: (ThinkException) 无法加载模块
[ 2011-10-08T22:19:37+08:00 ] ERR: (ThinkException) 无法加载模块
[ 2011-10-08T22:19:46+08:00 ] NOTIC: [8] Undefined index: file ActivityAction.class.php 第 100 行.
[ 2011-10-08T22:19:46+08:00 ] ERR: (ThinkException) 无法加载模块
[ 2011-10-08T22:19:48+08:00 ] ERR: (ThinkException) 无法加载模块
[ 2011-10-08T22:19:50+08:00 ] NOTIC: [8] Undefined index: file ActivityAction.class.php 第 100 行.
[ 2011-10-08T22:19:50+08:00 ] ERR: (ThinkException) 无法加载模块
[ 2011-10-08T22:19:51+08:00 ] ERR: (ThinkException) 无法加载模块
[ 2011-10-08T22:19:56+08:00 ] NOTIC: [8] Undefined index: file ActivityAction.class.php 第 100 行.
[ 2011-10-08T22:19:56+08:00 ] ERR: (ThinkException) 无法加载模块
[ 2011-10-08T22:19:58+08:00 ] ERR: (ThinkException) 无法加载模块
[ 2011-10-08T22:20:06+08:00 ] ERR: (ThinkException) 无法加载模块
[ 2011-10-08T22:20:11+08:00 ] ERR: (ThinkException) 无法加载模块
[ 2011-10-08T22:20:22+08:00 ] ERR: (ThinkException) 无法加载模块
[ 2011-10-08T22:20:27+08:00 ] ERR: (ThinkException) 无法加载模块
[ 2011-10-08T22:20:40+08:00 ] ERR: (ThinkException) 无法加载模块
[ 2011-10-08T22:21:00+08:00 ] ERR: (ThinkException) 无法加载模块
[ 2011-10-08T22:21:22+08:00 ] ERR: (ThinkException) 无法加载模块
[ 2011-10-08T22:21:25+08:00 ] ERR: (ThinkException) 无法加载模块
[ 2011-10-08T22:21:40+08:00 ] ERR: (ThinkException) 无法加载模块
[ 2011-10-08T22:21:42+08:00 ] ERR: (ThinkException) 无法加载模块
[ 2011-10-08T22:22:14+08:00 ] ERR: (ThinkException) 无法加载模块
[ 2011-10-08T22:22:21+08:00 ] ERR: (ThinkException) 无法加载模块
[ 2011-10-08T22:26:17+08:00 ] ERR: (ThinkException) 无法加载模块
[ 2011-10-08T22:26:34+08:00 ] ERR: (ThinkException) 无法加载模块
[ 2011-10-08T22:26:57+08:00 ] SQL: SHOW COLUMNS FROM `kp_activity` [ RunTime:0.008027s ]
[ 2011-10-08T22:26:57+08:00 ] SQL: INSERT INTO `kp_activity` (`title`,`sponsor`,`introduce`,`describ`,`start_time`,`topad_pic`,`activity_pic`,`detail_pic`,`index_pic`,`insert_time`,`update_time`) VALUES ('111','11','11','','111','4e905daf2dc44.jpg','4e905daf2e9d9.jpg','4e905daf2f6e8.jpg','4e905daf30792.jpg','2011-10-08 22:26:57','2011-10-08 22:26:57') [ RunTime:0.010049s ]
[ 2011-10-08T22:26:57+08:00 ] ERR: (ThinkException) 无法加载模块
[ 2011-10-08T22:27:31+08:00 ] ERR: (ThinkException) 无法加载模块
[ 2011-10-08T22:29:01+08:00 ] ERR: (ThinkException) 无法加载模块
[ 2011-10-08T22:29:04+08:00 ] ERR: (ThinkException) 无法加载模块
[ 2011-10-08T22:30:28+08:00 ] ERR: (ThinkException) 无法加载模块
[ 2011-10-08T22:30:28+08:00 ] ERR: (ThinkException) 无法加载模块
[ 2011-10-08T22:30:48+08:00 ] ERR: (ThinkException) 无法加载模块
[ 2011-10-08T22:31:28+08:00 ] NOTIC: [8] Undefined index: photo ActivityAction.class.php 第 30 行.
[ 2011-10-08T22:31:28+08:00 ] ERR: (ThinkException) 无法加载模块
[ 2011-10-08T22:31:32+08:00 ] ERR: (ThinkException) 无法加载模块
[ 2011-10-08T22:31:36+08:00 ] NOTIC: [8] Undefined index: photo ActivityAction.class.php 第 30 行.
[ 2011-10-08T22:31:36+08:00 ] ERR: (ThinkException) 无法加载模块
[ 2011-10-08T22:31:43+08:00 ] ERR: (ThinkException) 无法加载模块
[ 2011-10-08T22:31:54+08:00 ] NOTIC: [8] Undefined index: photo ActivityAction.class.php 第 30 行.
[ 2011-10-08T22:31:55+08:00 ] ERR: (ThinkException) 无法加载模块
[ 2011-10-08T22:32:03+08:00 ] ERR: (ThinkException) 无法加载模块
[ 2011-10-08T22:32:13+08:00 ] SQL: SHOW COLUMNS FROM `kp_activity` [ RunTime:0.007735s ]
[ 2011-10-08T22:32:13+08:00 ] SQL: INSERT INTO `kp_activity` (`type`,`title`,`sponsor`,`introduce`,`describ`,`start_time`,`end_time`,`activity_pic`,`insert_time`,`update_time`) VALUES ('抽奖活动','','','','','','','4e905eebd4b34.jpg','2011-10-08 22:32:13','2011-10-08 22:32:13') [ RunTime:0.025102s ]
[ 2011-10-08T22:32:14+08:00 ] ERR: (ThinkException) 无法加载模块
[ 2011-10-08T22:33:58+08:00 ] ERR: (ThinkException) 无法加载模块
[ 2011-10-08T22:34:40+08:00 ] SQL: SHOW COLUMNS FROM `kp_activity` [ RunTime:0.007979s ]
[ 2011-10-08T22:34:40+08:00 ] SQL: INSERT INTO `kp_activity` (`type`,`title`,`sponsor`,`introduce`,`describ`,`start_time`,`end_time`,`topad_pic`,`activity_pic`,`detail_pic`,`index_pic`,`insert_time`,`update_time`) VALUES ('抽奖活动','活动标题','主办方名称','活动介绍','','2011-10-08','2011-10-09','4e905f7de9d0a.jpg','4e905f7deafdf.jpg','4e905f7dec499.jpg','4e905f7ded23d.jpg','2011-10-08 22:34:40','2011-10-08 22:34:40') [ RunTime:0.003737s ]
[ 2011-10-08T22:34:40+08:00 ] ERR: (ThinkException) 无法加载模块
[ 2011-10-08T22:36:32+08:00 ] ERR: (ThinkException) 无法加载模块
[ 2011-10-08T22:37:09+08:00 ] SQL: SHOW COLUMNS FROM `kp_activity` [ RunTime:0.008068s ]
[ 2011-10-08T22:37:09+08:00 ] SQL: INSERT INTO `kp_activity` (`type`,`title`,`sponsor`,`introduce`,`describ1`,`start_time`,`end_time`,`topad_pic`,`activity_pic`,`detail_pic`,`index_pic`,`insert_time`,`update_time`) VALUES ('抽奖活动','活动标题','主办方名称','活动介绍','活动说明','2011-01-01','2011-01-02','4e906012e8199.jpg','4e906012e9371.jpg','4e906012ea465.jpg','4e906012eb387.jpg','2011-10-08 22:37:09','2011-10-08 22:37:09') [ RunTime:0.003982s ]
[ 2011-10-08T22:37:09+08:00 ] ERR: (ThinkException) 无法加载模块
[ 2011-10-08T22:38:34+08:00 ] ERR: (ThinkException) 无法加载模块
[ 2011-10-08T22:38:46+08:00 ] SQL: SHOW COLUMNS FROM `kp_activity` [ RunTime:0.007435s ]
[ 2011-10-08T22:38:46+08:00 ] SQL: INSERT INTO `kp_activity` (`type`,`title`,`sponsor`,`introduce`,`describ1`,`start_time`,`end_time`,`index_pic`,`insert_time`,`update_time`,`status`,`create_user_id`) VALUES ('抽奖活动','2','2','2','','2','2','4e906074381df.jpg','2011-10-08 22:38:46','2011-10-08 22:38:46','待审核',0) [ RunTime:0.002939s ]
[ 2011-10-08T22:38:46+08:00 ] ERR: (ThinkException) 无法加载模块
[ 2011-10-08T22:39:11+08:00 ] ERR: (ThinkException) 无法加载模块
[ 2011-10-08T22:49:42+08:00 ] ERR: (ThinkException) 无法加载模块
[ 2011-10-08T22:49:42+08:00 ] ERR: (ThinkException) 无法加载模块
[ 2011-10-08T22:50:01+08:00 ] ERR: (ThinkException) 无法加载模块
[ 2011-10-08T22:50:12+08:00 ] ERR: (ThinkException) 无法加载模块
[ 2011-10-08T22:51:20+08:00 ] NOTIC: [8] Undefined index: id ActivityAction.class.php 第 10 行.
[ 2011-10-08T22:51:20+08:00 ] NOTIC: [8] Undefined variable: result c6335b579e9ded61af6af03e75f378b8.php 第 38 行.
[ 2011-10-08T22:51:20+08:00 ] NOTIC: [8] Undefined variable: result c6335b579e9ded61af6af03e75f378b8.php 第 42 行.
[ 2011-10-08T22:51:20+08:00 ] NOTIC: [8] Undefined variable: result c6335b579e9ded61af6af03e75f378b8.php 第 46 行.
[ 2011-10-08T22:51:20+08:00 ] NOTIC: [8] Undefined variable: result c6335b579e9ded61af6af03e75f378b8.php 第 50 行.
[ 2011-10-08T22:51:20+08:00 ] NOTIC: [8] Undefined variable: result c6335b579e9ded61af6af03e75f378b8.php 第 54 行.
[ 2011-10-08T22:51:20+08:00 ] NOTIC: [8] Undefined variable: result c6335b579e9ded61af6af03e75f378b8.php 第 58 行.
[ 2011-10-08T22:51:20+08:00 ] ERR: (ThinkException) 无法加载模块
[ 2011-10-08T22:51:41+08:00 ] NOTIC: [8] Undefined index: id ActivityAction.class.php 第 10 行.
[ 2011-10-08T22:51:41+08:00 ] NOTIC: [8] Undefined variable: result c6335b579e9ded61af6af03e75f378b8.php 第 38 行.
[ 2011-10-08T22:51:41+08:00 ] NOTIC: [8] Undefined variable: result c6335b579e9ded61af6af03e75f378b8.php 第 42 行.
[ 2011-10-08T22:51:41+08:00 ] NOTIC: [8] Undefined variable: result c6335b579e9ded61af6af03e75f378b8.php 第 46 行.
[ 2011-10-08T22:51:41+08:00 ] NOTIC: [8] Undefined variable: result c6335b579e9ded61af6af03e75f378b8.php 第 50 行.
[ 2011-10-08T22:51:41+08:00 ] NOTIC: [8] Undefined variable: result c6335b579e9ded61af6af03e75f378b8.php 第 54 行.
[ 2011-10-08T22:51:41+08:00 ] NOTIC: [8] Undefined variable: result c6335b579e9ded61af6af03e75f378b8.php 第 58 行.
[ 2011-10-08T22:51:41+08:00 ] ERR: (ThinkException) 无法加载模块
[ 2011-10-08T22:51:50+08:00 ] SQL: SHOW COLUMNS FROM `kp_activity` [ RunTime:0.008721s ]
[ 2011-10-08T22:51:50+08:00 ] SQL: SELECT * FROM `kp_activity` WHERE id=2 LIMIT 1  [ RunTime:0.001256s ]
[ 2011-10-08T22:51:50+08:00 ] ERR: (ThinkException) 无法加载模块
[ 2011-10-08T22:51:59+08:00 ] SQL: SHOW COLUMNS FROM `kp_activity` [ RunTime:0.007688s ]
[ 2011-10-08T22:51:59+08:00 ] SQL: SELECT * FROM `kp_activity` WHERE id=3 LIMIT 1  [ RunTime:0.001034s ]
[ 2011-10-08T22:51:59+08:00 ] ERR: (ThinkException) 无法加载模块
[ 2011-10-08T22:52:04+08:00 ] ERR: (ThinkException) 无法加载模块
[ 2011-10-08T22:52:11+08:00 ] ERR: (ThinkException) 无法加载模块
[ 2011-10-08T22:54:07+08:00 ] SQL: SHOW COLUMNS FROM `kp_activity` [ RunTime:0.008177s ]
[ 2011-10-08T22:54:07+08:00 ] SQL: SELECT * FROM `kp_activity` WHERE id=3 LIMIT 1  [ RunTime:0.001092s ]
[ 2011-10-08T22:54:07+08:00 ] ERR: (ThinkException) 无法加载模块
[ 2011-10-08T22:54:09+08:00 ] ERR: (ThinkException) 无法加载模块
[ 2011-10-08T22:55:16+08:00 ] NOTIC: [8] Undefined index: id ActivityAction.class.php 第 10 行.
[ 2011-10-08T22:55:16+08:00 ] NOTIC: [8] Undefined variable: result c6335b579e9ded61af6af03e75f378b8.php 第 40 行.
[ 2011-10-08T22:55:16+08:00 ] NOTIC: [8] Undefined variable: result c6335b579e9ded61af6af03e75f378b8.php 第 44 行.
[ 2011-10-08T22:55:16+08:00 ] NOTIC: [8] Undefined variable: result c6335b579e9ded61af6af03e75f378b8.php 第 48 行.
[ 2011-10-08T22:55:16+08:00 ] NOTIC: [8] Undefined variable: result c6335b579e9ded61af6af03e75f378b8.php 第 52 行.
[ 2011-10-08T22:55:16+08:00 ] NOTIC: [8] Undefined variable: result c6335b579e9ded61af6af03e75f378b8.php 第 56 行.
[ 2011-10-08T22:55:16+08:00 ] NOTIC: [8] Undefined variable: result c6335b579e9ded61af6af03e75f378b8.php 第 60 行.
[ 2011-10-08T22:55:17+08:00 ] ERR: (ThinkException) 无法加载模块
[ 2011-10-08T22:55:25+08:00 ] ERR: (ThinkException) 无法加载模块
[ 2011-10-08T22:55:32+08:00 ] ERR: (ThinkException) 无法加载模块
[ 2011-10-08T22:55:35+08:00 ] NOTIC: [8] Undefined index: id ActivityAction.class.php 第 10 行.
[ 2011-10-08T22:55:35+08:00 ] NOTIC: [8] Undefined variable: result c6335b579e9ded61af6af03e75f378b8.php 第 40 行.
[ 2011-10-08T22:55:35+08:00 ] NOTIC: [8] Undefined variable: result c6335b579e9ded61af6af03e75f378b8.php 第 44 行.
[ 2011-10-08T22:55:35+08:00 ] NOTIC: [8] Undefined variable: result c6335b579e9ded61af6af03e75f378b8.php 第 48 行.
[ 2011-10-08T22:55:35+08:00 ] NOTIC: [8] Undefined variable: result c6335b579e9ded61af6af03e75f378b8.php 第 52 行.
[ 2011-10-08T22:55:35+08:00 ] NOTIC: [8] Undefined variable: result c6335b579e9ded61af6af03e75f378b8.php 第 56 行.
[ 2011-10-08T22:55:35+08:00 ] NOTIC: [8] Undefined variable: result c6335b579e9ded61af6af03e75f378b8.php 第 60 行.
[ 2011-10-08T22:55:35+08:00 ] ERR: (ThinkException) 无法加载模块
[ 2011-10-08T22:55:36+08:00 ] NOTIC: [8] Undefined index: id ActivityAction.class.php 第 10 行.
[ 2011-10-08T22:55:36+08:00 ] NOTIC: [8] Undefined variable: result c6335b579e9ded61af6af03e75f378b8.php 第 40 行.
[ 2011-10-08T22:55:36+08:00 ] NOTIC: [8] Undefined variable: result c6335b579e9ded61af6af03e75f378b8.php 第 44 行.
[ 2011-10-08T22:55:36+08:00 ] NOTIC: [8] Undefined variable: result c6335b579e9ded61af6af03e75f378b8.php 第 48 行.
[ 2011-10-08T22:55:36+08:00 ] NOTIC: [8] Undefined variable: result c6335b579e9ded61af6af03e75f378b8.php 第 52 行.
[ 2011-10-08T22:55:36+08:00 ] NOTIC: [8] Undefined variable: result c6335b579e9ded61af6af03e75f378b8.php 第 56 行.
[ 2011-10-08T22:55:36+08:00 ] NOTIC: [8] Undefined variable: result c6335b579e9ded61af6af03e75f378b8.php 第 60 行.
[ 2011-10-08T22:55:36+08:00 ] ERR: (ThinkException) 无法加载模块
[ 2011-10-08T22:56:52+08:00 ] SQL: SHOW COLUMNS FROM `kp_activity` [ RunTime:0.008979s ]
[ 2011-10-08T22:56:52+08:00 ] SQL: SELECT * FROM `kp_activity` WHERE id=3 LIMIT 1  [ RunTime:0.001580s ]
[ 2011-10-08T22:56:52+08:00 ] ERR: (ThinkException) 无法加载模块
[ 2011-10-08T22:56:57+08:00 ] ERR: (ThinkException) 无法加载模块
[ 2011-10-08T22:57:00+08:00 ] ERR: (ThinkException) 无法加载模块
[ 2011-10-08T22:57:06+08:00 ] ERR: (ThinkException) 无法加载模块
[ 2011-10-08T22:57:21+08:00 ] SQL: SHOW COLUMNS FROM `kp_activity` [ RunTime:0.007622s ]
[ 2011-10-08T22:57:21+08:00 ] SQL: SELECT * FROM `kp_activity` WHERE id=3 LIMIT 1  [ RunTime:0.000982s ]
[ 2011-10-08T22:57:21+08:00 ] ERR: (ThinkException) 无法加载模块
[ 2011-10-08T22:57:22+08:00 ] ERR: (ThinkException) 无法加载模块
[ 2011-10-08T22:58:02+08:00 ] SQL: SHOW COLUMNS FROM `kp_activity` [ RunTime:0.007735s ]
[ 2011-10-08T22:58:02+08:00 ] SQL: SELECT * FROM `kp_activity` WHERE id=3 LIMIT 1  [ RunTime:0.001002s ]
[ 2011-10-08T22:58:02+08:00 ] ERR: (ThinkException) 无法加载模块
[ 2011-10-08T22:58:34+08:00 ] SQL: SHOW COLUMNS FROM `kp_activity` [ RunTime:0.007592s ]
[ 2011-10-08T22:58:34+08:00 ] SQL: SELECT * FROM `kp_activity` WHERE id=3 LIMIT 1  [ RunTime:0.001314s ]
[ 2011-10-08T22:58:34+08:00 ] ERR: (ThinkException) 无法加载模块
[ 2011-10-08T23:02:41+08:00 ] SQL: SHOW COLUMNS FROM `kp_activity` [ RunTime:0.004828s ]
[ 2011-10-08T23:02:41+08:00 ] SQL: SELECT * FROM `kp_activity` WHERE id=3 LIMIT 1  [ RunTime:0.000671s ]
[ 2011-10-08T23:02:41+08:00 ] ERR: (ThinkException) 无法加载模块
[ 2011-10-08T23:02:44+08:00 ] ERR: (ThinkException) 无法加载模块
[ 2011-10-08T23:02:52+08:00 ] ERR: (ThinkException) 无法加载模块
[ 2011-10-08T23:02:58+08:00 ] SQL: SHOW COLUMNS FROM `kp_activity` [ RunTime:0.007628s ]
[ 2011-10-08T23:02:58+08:00 ] SQL: UPDATE `kp_activity` SET `type`='抽奖活动',`title`='活动标题',`sponsor`='主办方名称',`introduce`='活动介绍',`describ_text`='22222',`start_time`='2011-10-08 00:00:00',`end_time`='2011-10-09 00:00:00',`index_pic`='4e906620be472.jpg',`update_time`='2011-10-08 23:02:58' WHERE ( `id` = '3' ) [ RunTime:0.003630s ]
[ 2011-10-08T23:02:58+08:00 ] ERR: (ThinkException) 无法加载模块
[ 2011-10-08T23:03:01+08:00 ] ERR: (ThinkException) 无法加载模块
[ 2011-10-08T23:03:04+08:00 ] SQL: SHOW COLUMNS FROM `kp_activity` [ RunTime:0.007990s ]
[ 2011-10-08T23:03:04+08:00 ] SQL: SELECT * FROM `kp_activity` WHERE id=3 LIMIT 1  [ RunTime:0.001056s ]
[ 2011-10-08T23:03:04+08:00 ] ERR: (ThinkException) 无法加载模块
[ 2011-10-08T23:03:05+08:00 ] ERR: (ThinkException) 无法加载模块
[ 2011-10-08T23:07:42+08:00 ] SQL: SHOW COLUMNS FROM `kp_activity` [ RunTime:0.008199s ]
[ 2011-10-08T23:07:42+08:00 ] SQL: SELECT * FROM `kp_activity` WHERE id=3 LIMIT 1  [ RunTime:0.003637s ]
[ 2011-10-08T23:07:42+08:00 ] ERR: (ThinkException) 无法加载模块
[ 2011-10-08T23:08:29+08:00 ] SQL: SHOW COLUMNS FROM `kp_activity` [ RunTime:0.007557s ]
[ 2011-10-08T23:08:29+08:00 ] SQL: SELECT * FROM `kp_activity` WHERE id=3 LIMIT 1  [ RunTime:0.001029s ]
[ 2011-10-08T23:08:29+08:00 ] ERR: (ThinkException) 无法加载模块
[ 2011-10-08T23:08:53+08:00 ] SQL: SHOW COLUMNS FROM `kp_activity` [ RunTime:0.008232s ]
[ 2011-10-08T23:08:53+08:00 ] SQL: SELECT * FROM `kp_activity` WHERE id=3 LIMIT 1  [ RunTime:0.001106s ]
[ 2011-10-08T23:08:53+08:00 ] ERR: (ThinkException) 无法加载模块
[ 2011-10-08T23:14:04+08:00 ] SQL: SHOW COLUMNS FROM `kp_activity` [ RunTime:0.015408s ]
[ 2011-10-08T23:14:04+08:00 ] SQL: SELECT * FROM `kp_activity` WHERE id=3 LIMIT 1  [ RunTime:0.000688s ]
[ 2011-10-08T23:14:04+08:00 ] ERR: (ThinkException) 无法加载模块
[ 2011-10-08T23:15:24+08:00 ] SQL: SHOW COLUMNS FROM `kp_activity` [ RunTime:0.007887s ]
[ 2011-10-08T23:15:24+08:00 ] SQL: SELECT * FROM `kp_activity` WHERE id=3 LIMIT 1  [ RunTime:0.001053s ]
[ 2011-10-08T23:15:25+08:00 ] ERR: (ThinkException) 无法加载模块
[ 2011-10-08T23:15:38+08:00 ] SQL: SHOW COLUMNS FROM `kp_activity` [ RunTime:0.008034s ]
[ 2011-10-08T23:15:38+08:00 ] SQL: SELECT * FROM `kp_activity` WHERE id=3 LIMIT 1  [ RunTime:0.001045s ]
[ 2011-10-08T23:15:38+08:00 ] ERR: (ThinkException) 无法加载模块
[ 2011-10-08T23:16:09+08:00 ] SQL: SHOW COLUMNS FROM `kp_activity` [ RunTime:0.007859s ]
[ 2011-10-08T23:16:09+08:00 ] SQL: SELECT * FROM `kp_activity` WHERE id=3 LIMIT 1  [ RunTime:0.001031s ]
[ 2011-10-08T23:16:09+08:00 ] ERR: (ThinkException) 无法加载模块
[ 2011-10-08T23:16:36+08:00 ] SQL: SHOW COLUMNS FROM `kp_activity` [ RunTime:0.003683s ]
[ 2011-10-08T23:16:36+08:00 ] SQL: SELECT * FROM `kp_activity` WHERE id=3 LIMIT 1  [ RunTime:0.000475s ]
[ 2011-10-08T23:16:36+08:00 ] ERR: (ThinkException) 无法加载模块
[ 2011-10-08T23:17:29+08:00 ] SQL: SHOW COLUMNS FROM `kp_activity` [ RunTime:0.007807s ]
[ 2011-10-08T23:17:29+08:00 ] SQL: SELECT * FROM `kp_activity` WHERE id=3 LIMIT 1  [ RunTime:0.001137s ]
[ 2011-10-08T23:17:29+08:00 ] ERR: (ThinkException) 无法加载模块
[ 2011-10-08T23:20:47+08:00 ] SQL: SHOW COLUMNS FROM `kp_activity` [ RunTime:0.008123s ]
[ 2011-10-08T23:20:47+08:00 ] SQL: SELECT * FROM `kp_activity` WHERE id=3 LIMIT 1  [ RunTime:0.000782s ]
[ 2011-10-08T23:20:47+08:00 ] ERR: (ThinkException) 无法加载模块
[ 2011-10-08T23:21:10+08:00 ] SQL: SHOW COLUMNS FROM `kp_activity` [ RunTime:0.007491s ]
[ 2011-10-08T23:21:10+08:00 ] SQL: SELECT * FROM `kp_activity` WHERE id=3 LIMIT 1  [ RunTime:0.001032s ]
[ 2011-10-08T23:21:10+08:00 ] ERR: (ThinkException) 无法加载模块
[ 2011-10-08T23:21:52+08:00 ] SQL: SHOW COLUMNS FROM `kp_activity` [ RunTime:0.007236s ]
[ 2011-10-08T23:21:52+08:00 ] SQL: SELECT * FROM `kp_activity` WHERE id=3 LIMIT 1  [ RunTime:0.001067s ]
[ 2011-10-08T23:21:53+08:00 ] ERR: (ThinkException) 无法加载模块
[ 2011-10-08T23:22:03+08:00 ] SQL: SHOW COLUMNS FROM `kp_activity` [ RunTime:0.007552s ]
[ 2011-10-08T23:22:03+08:00 ] SQL: SELECT * FROM `kp_activity` WHERE id=3 LIMIT 1  [ RunTime:0.001071s ]
[ 2011-10-08T23:22:03+08:00 ] ERR: (ThinkException) 无法加载模块
[ 2011-10-08T23:22:05+08:00 ] ERR: (ThinkException) 无法加载模块
[ 2011-10-08T23:22:08+08:00 ] ERR: (ThinkException) 无法加载模块
[ 2011-10-08T23:22:11+08:00 ] ERR: (ThinkException) 无法加载模块
[ 2011-10-08T23:22:20+08:00 ] ERR: (ThinkException) 无法加载模块
[ 2011-10-08T23:22:21+08:00 ] NOTIC: [8] Undefined index: id ActivityAction.class.php 第 10 行.
[ 2011-10-08T23:22:21+08:00 ] NOTIC: [8] Undefined variable: result c6335b579e9ded61af6af03e75f378b8.php 第 15 行.
[ 2011-10-08T23:22:21+08:00 ] NOTIC: [8] Undefined variable: result c6335b579e9ded61af6af03e75f378b8.php 第 40 行.
[ 2011-10-08T23:22:21+08:00 ] NOTIC: [8] Undefined variable: result c6335b579e9ded61af6af03e75f378b8.php 第 44 行.
[ 2011-10-08T23:22:21+08:00 ] NOTIC: [8] Undefined variable: result c6335b579e9ded61af6af03e75f378b8.php 第 48 行.
[ 2011-10-08T23:22:21+08:00 ] NOTIC: [8] Undefined variable: result c6335b579e9ded61af6af03e75f378b8.php 第 52 行.
[ 2011-10-08T23:22:21+08:00 ] NOTIC: [8] Undefined variable: result c6335b579e9ded61af6af03e75f378b8.php 第 56 行.
[ 2011-10-08T23:22:21+08:00 ] NOTIC: [8] Undefined variable: result c6335b579e9ded61af6af03e75f378b8.php 第 60 行.
[ 2011-10-08T23:22:21+08:00 ] ERR: (ThinkException) 无法加载模块
[ 2011-10-08T23:22:23+08:00 ] ERR: (ThinkException) 无法加载模块
[ 2011-10-08T23:22:25+08:00 ] NOTIC: [8] Undefined index: id ActivityAction.class.php 第 10 行.
[ 2011-10-08T23:22:25+08:00 ] NOTIC: [8] Undefined variable: result c6335b579e9ded61af6af03e75f378b8.php 第 15 行.
[ 2011-10-08T23:22:25+08:00 ] NOTIC: [8] Undefined variable: result c6335b579e9ded61af6af03e75f378b8.php 第 40 行.
[ 2011-10-08T23:22:25+08:00 ] NOTIC: [8] Undefined variable: result c6335b579e9ded61af6af03e75f378b8.php 第 44 行.
[ 2011-10-08T23:22:25+08:00 ] NOTIC: [8] Undefined variable: result c6335b579e9ded61af6af03e75f378b8.php 第 48 行.
[ 2011-10-08T23:22:25+08:00 ] NOTIC: [8] Undefined variable: result c6335b579e9ded61af6af03e75f378b8.php 第 52 行.
[ 2011-10-08T23:22:25+08:00 ] NOTIC: [8] Undefined variable: result c6335b579e9ded61af6af03e75f378b8.php 第 56 行.
[ 2011-10-08T23:22:25+08:00 ] NOTIC: [8] Undefined variable: result c6335b579e9ded61af6af03e75f378b8.php 第 60 行.
[ 2011-10-08T23:22:26+08:00 ] ERR: (ThinkException) 无法加载模块
[ 2011-10-08T23:26:54+08:00 ] ERR: (ThinkException) 无法加载模块
[ 2011-10-08T23:26:56+08:00 ] ERR: (ThinkException) 无法加载模块
[ 2011-10-08T23:27:00+08:00 ] ERR: (ThinkException) 无法加载模块
[ 2011-10-08T23:27:53+08:00 ] ERR: (ThinkException) 无法加载模块
[ 2011-10-08T23:29:13+08:00 ] ERR: (ThinkException) 无法加载模块
[ 2011-10-08T23:29:40+08:00 ] SQL: SHOW COLUMNS FROM `kp_activity` [ RunTime:0.008172s ]
[ 2011-10-08T23:29:40+08:00 ] SQL: SELECT * FROM `kp_activity` WHERE id=3 LIMIT 1  [ RunTime:0.001191s ]
[ 2011-10-08T23:29:40+08:00 ] ERR: (ThinkException) 无法加载模块
[ 2011-10-08T23:29:40+08:00 ] ERR: (ThinkException) 无法加载模块
[ 2011-10-08T23:29:50+08:00 ] ERR: (ThinkException) 无法加载模块
[ 2011-10-08T23:29:53+08:00 ] ERR: (ThinkException) 无法加载模块
[ 2011-10-08T23:31:51+08:00 ] ERR: (ThinkException) 无法加载模块
[ 2011-10-08T23:32:12+08:00 ] ERR: (ThinkException) 无法加载模块
[ 2011-10-08T23:32:58+08:00 ] ERR: (ThinkException) 无法加载模块
[ 2011-10-08T23:34:24+08:00 ] ERR: (ThinkException) 无法加载模块
[ 2011-10-08T23:34:43+08:00 ] ERR: (ThinkException) 无法加载模块
[ 2011-10-08T23:34:43+08:00 ] NOTIC: [8] Undefined index: id ActivityAction.class.php 第 10 行.
[ 2011-10-08T23:34:43+08:00 ] NOTIC: [8] Undefined variable: result c6335b579e9ded61af6af03e75f378b8.php 第 15 行.
[ 2011-10-08T23:34:43+08:00 ] NOTIC: [8] Undefined variable: result c6335b579e9ded61af6af03e75f378b8.php 第 40 行.
[ 2011-10-08T23:34:43+08:00 ] NOTIC: [8] Undefined variable: result c6335b579e9ded61af6af03e75f378b8.php 第 44 行.
[ 2011-10-08T23:34:43+08:00 ] NOTIC: [8] Undefined variable: result c6335b579e9ded61af6af03e75f378b8.php 第 48 行.
[ 2011-10-08T23:34:43+08:00 ] NOTIC: [8] Undefined variable: result c6335b579e9ded61af6af03e75f378b8.php 第 52 行.
[ 2011-10-08T23:34:43+08:00 ] NOTIC: [8] Undefined variable: result c6335b579e9ded61af6af03e75f378b8.php 第 56 行.
[ 2011-10-08T23:34:43+08:00 ] NOTIC: [8] Undefined variable: result c6335b579e9ded61af6af03e75f378b8.php 第 60 行.
[ 2011-10-08T23:34:43+08:00 ] ERR: (ThinkException) 无法加载模块
[ 2011-10-08T23:34:45+08:00 ] ERR: (ThinkException) 无法加载模块
[ 2011-10-08T23:34:45+08:00 ] NOTIC: [8] Undefined index: id ActivityAction.class.php 第 10 行.
[ 2011-10-08T23:34:45+08:00 ] NOTIC: [8] Undefined variable: result c6335b579e9ded61af6af03e75f378b8.php 第 15 行.
[ 2011-10-08T23:34:45+08:00 ] NOTIC: [8] Undefined variable: result c6335b579e9ded61af6af03e75f378b8.php 第 40 行.
[ 2011-10-08T23:34:45+08:00 ] NOTIC: [8] Undefined variable: result c6335b579e9ded61af6af03e75f378b8.php 第 44 行.
[ 2011-10-08T23:34:45+08:00 ] NOTIC: [8] Undefined variable: result c6335b579e9ded61af6af03e75f378b8.php 第 48 行.
[ 2011-10-08T23:34:45+08:00 ] NOTIC: [8] Undefined variable: result c6335b579e9ded61af6af03e75f378b8.php 第 52 行.
[ 2011-10-08T23:34:45+08:00 ] NOTIC: [8] Undefined variable: result c6335b579e9ded61af6af03e75f378b8.php 第 56 行.
[ 2011-10-08T23:34:45+08:00 ] NOTIC: [8] Undefined variable: result c6335b579e9ded61af6af03e75f378b8.php 第 60 行.
[ 2011-10-08T23:34:46+08:00 ] ERR: (ThinkException) 无法加载模块
[ 2011-10-08T23:34:48+08:00 ] ERR: (ThinkException) 无法加载模块
[ 2011-10-08T23:36:41+08:00 ] ERR: (ThinkException) 无法加载模块
[ 2011-10-08T23:38:24+08:00 ] ERR: (ThinkException) 无法加载模块
[ 2011-10-08T23:40:25+08:00 ] ERR: (ThinkException) 无法加载模块
[ 2011-10-08T23:56:11+08:00 ] SQL: SHOW COLUMNS FROM `kp_activity` [ RunTime:0.008013s ]
[ 2011-10-08T23:56:11+08:00 ] NOTIC: [8] Undefined index: title ActivityAction.class.php 第 94 行.
[ 2011-10-08T23:56:11+08:00 ] NOTIC: [8] Undefined index: type ActivityAction.class.php 第 99 行.
[ 2011-10-08T23:56:11+08:00 ] NOTIC: [8] Undefined index: status ActivityAction.class.php 第 104 行.
[ 2011-10-08T23:56:11+08:00 ] NOTIC: [8] Undefined index: sponsor ActivityAction.class.php 第 118 行.
[ 2011-10-08T23:56:11+08:00 ] NOTIC: [8] Undefined variable: condition ActivityAction.class.php 第 123 行.
[ 2011-10-08T23:56:11+08:00 ] SQL: SELECT COUNT(*) AS tp_count FROM `kp_activity` LIMIT 1  [ RunTime:0.034777s ]
[ 2011-10-08T23:56:11+08:00 ] NOTIC: [8] Undefined variable: condition ActivityAction.class.php 第 127 行.
[ 2011-10-08T23:56:11+08:00 ] SQL: SELECT * FROM `kp_activity` ORDER BY update_time desc LIMIT 0,10  [ RunTime:0.001302s ]
[ 2011-10-08T23:56:12+08:00 ] ERR: (ThinkException) 无法加载模块
[ 2011-10-08T23:58:40+08:00 ] SQL: SHOW COLUMNS FROM `kp_activity` [ RunTime:0.008389s ]
[ 2011-10-08T23:58:40+08:00 ] NOTIC: [8] Undefined index: title ActivityAction.class.php 第 94 行.
[ 2011-10-08T23:58:40+08:00 ] NOTIC: [8] Undefined index: type ActivityAction.class.php 第 99 行.
[ 2011-10-08T23:58:40+08:00 ] NOTIC: [8] Undefined index: status ActivityAction.class.php 第 104 行.
[ 2011-10-08T23:58:40+08:00 ] NOTIC: [8] Undefined index: sponsor ActivityAction.class.php 第 118 行.
[ 2011-10-08T23:58:40+08:00 ] NOTIC: [8] Undefined variable: condition ActivityAction.class.php 第 123 行.
[ 2011-10-08T23:58:40+08:00 ] SQL: SELECT COUNT(*) AS tp_count FROM `kp_activity` LIMIT 1  [ RunTime:0.000741s ]
[ 2011-10-08T23:58:40+08:00 ] NOTIC: [8] Undefined variable: condition ActivityAction.class.php 第 127 行.
[ 2011-10-08T23:58:40+08:00 ] SQL: SELECT * FROM `kp_activity` ORDER BY update_time desc LIMIT 0,10  [ RunTime:0.001112s ]
[ 2011-10-08T23:58:40+08:00 ] ERR: (ThinkException) 无法加载模块
