[ 2011-10-04T00:08:27+08:00 ] ERR: (ThinkException) 无法加载模块
[ 2011-10-04T00:09:35+08:00 ] ERR: (ThinkException) 无法加载模块
[ 2011-10-04T00:09:59+08:00 ] SQL: SHOW COLUMNS FROM `kp_user` [ RunTime:0.008926s ]
[ 2011-10-04T00:09:59+08:00 ] SQL: SELECT * FROM `kp_user` WHERE id=10 LIMIT 1  [ RunTime:0.001292s ]
[ 2011-10-04T00:09:59+08:00 ] ERR: (ThinkException) 无法加载模块
[ 2011-10-04T00:14:04+08:00 ] ERR: (ThinkException) 无法加载模块
[ 2011-10-04T00:14:05+08:00 ] ERR: (ThinkException) 无法加载模块
[ 2011-10-04T00:14:19+08:00 ] SQL: SHOW COLUMNS FROM `kp_user` [ RunTime:0.008581s ]
[ 2011-10-04T00:14:19+08:00 ] SQL: SELECT * FROM `kp_user` WHERE id=10 LIMIT 1  [ RunTime:0.001486s ]
[ 2011-10-04T00:14:19+08:00 ] NOTIC: [8] Undefined variable: template RegAction.class.php 第 17 行.
[ 2011-10-04T00:14:19+08:00 ] ERR: (ThinkException) 无法加载模块
[ 2011-10-04T00:16:16+08:00 ] ERR: (ThinkException) 无法加载模块
[ 2011-10-04T00:16:31+08:00 ] SQL: SHOW COLUMNS FROM `kp_user` [ RunTime:0.010426s ]
[ 2011-10-04T00:16:31+08:00 ] SQL: SELECT * FROM `kp_user` WHERE id=10 LIMIT 1  [ RunTime:0.001403s ]
[ 2011-10-04T00:16:31+08:00 ] ERR: (ThinkException) 无法加载模块
[ 2011-10-04T00:17:09+08:00 ] SQL: SHOW COLUMNS FROM `kp_user` [ RunTime:0.009354s ]
[ 2011-10-04T00:17:09+08:00 ] SQL: SELECT * FROM `kp_user` WHERE id=10 LIMIT 1  [ RunTime:0.001165s ]
[ 2011-10-04T00:17:09+08:00 ] ERR: (ThinkException) 无法加载模块
[ 2011-10-04T00:17:26+08:00 ] SQL: SHOW COLUMNS FROM `kp_user` [ RunTime:0.009539s ]
[ 2011-10-04T00:17:26+08:00 ] SQL: SELECT * FROM `kp_user` WHERE id=10 LIMIT 1  [ RunTime:0.001247s ]
[ 2011-10-04T00:17:26+08:00 ] ERR: (ThinkException) 无法加载模块
[ 2011-10-04T00:17:52+08:00 ] SQL: SHOW COLUMNS FROM `kp_user` [ RunTime:0.009258s ]
[ 2011-10-04T00:17:52+08:00 ] SQL: SELECT * FROM `kp_user` WHERE id=10 LIMIT 1  [ RunTime:0.001395s ]
[ 2011-10-04T00:17:52+08:00 ] ERR: (ThinkException) 无法加载模块
[ 2011-10-04T00:18:20+08:00 ] ERR: (ThinkException) 无法加载模块
[ 2011-10-04T00:18:47+08:00 ] SQL: SHOW COLUMNS FROM `kp_user` [ RunTime:0.011301s ]
[ 2011-10-04T00:18:47+08:00 ] SQL: SELECT * FROM `kp_user` WHERE id=10 LIMIT 1  [ RunTime:0.001329s ]
[ 2011-10-04T00:18:47+08:00 ] ERR: (ThinkException) 无法加载模块
[ 2011-10-04T00:25:36+08:00 ] SQL: SHOW COLUMNS FROM `kp_user` [ RunTime:0.009214s ]
[ 2011-10-04T00:25:36+08:00 ] SQL: SELECT * FROM `kp_user` WHERE id=10 LIMIT 1  [ RunTime:0.001298s ]
[ 2011-10-04T00:25:36+08:00 ] ERR: (ThinkException) 无法加载模块
[ 2011-10-04T00:26:03+08:00 ] ERR: (ThinkException) 无法加载模块
[ 2011-10-04T00:26:07+08:00 ] ERR: (ThinkException) 无法加载模块
[ 2011-10-04T00:26:12+08:00 ] ERR: (ThinkException) 无法加载模块
[ 2011-10-04T00:26:14+08:00 ] ERR: (ThinkException) 无法加载模块
[ 2011-10-04T00:26:27+08:00 ] SQL: SHOW COLUMNS FROM `kp_user` [ RunTime:0.008023s ]
[ 2011-10-04T00:26:27+08:00 ] SQL: SELECT * FROM `kp_user` WHERE ( `user_name` = '18922222222' ) [ RunTime:0.001328s ]
[ 2011-10-04T00:26:33+08:00 ] SQL: SHOW COLUMNS FROM `kp_user` [ RunTime:0.008475s ]
[ 2011-10-04T00:26:33+08:00 ] SQL: INSERT INTO `kp_user` (`user_name`,`check_num`,`update_time`,`insert_time`,`status`) VALUES ('18922222222','667636','2011-10-04 00:26:33','2011-10-04 00:26:33','基本注册') [ RunTime:0.003690s ]
[ 2011-10-04T00:26:37+08:00 ] SQL: SHOW COLUMNS FROM `kp_user` [ RunTime:0.008477s ]
[ 2011-10-04T00:26:37+08:00 ] SQL: SELECT * FROM `kp_user` WHERE id=11 LIMIT 1  [ RunTime:0.001209s ]
[ 2011-10-04T00:26:37+08:00 ] ERR: (ThinkException) 无法加载模块
[ 2011-10-04T00:26:50+08:00 ] SQL: SHOW COLUMNS FROM `kp_user` [ RunTime:0.008399s ]
[ 2011-10-04T00:26:50+08:00 ] NOTIC: [8] Undefined index: auth RegAction.class.php 第 193 行.
[ 2011-10-04T00:26:50+08:00 ] SQL: UPDATE `kp_user` SET `password`='111111',`email`='nehnre@yahoo.com.cn',`update_time`='2011-10-04 00:26:50' WHERE ( `id` = 11 ) [ RunTime:0.002882s ]
[ 2011-10-04T00:26:50+08:00 ] ERR: (ThinkException) 无法加载模块
[ 2011-10-04T00:26:53+08:00 ] ERR: (ThinkException) 无法加载模块
[ 2011-10-04T00:27:03+08:00 ] SQL: SHOW COLUMNS FROM `kp_user` [ RunTime:0.008331s ]
[ 2011-10-04T00:27:03+08:00 ] NOTIC: [8] Undefined index: auth RegAction.class.php 第 193 行.
[ 2011-10-04T00:27:03+08:00 ] SQL: UPDATE `kp_user` SET `user_type1`='车队',`user_type2`='货车',`update_time`='2011-10-04 00:27:03' WHERE ( `id` = 11 ) [ RunTime:0.002928s ]
[ 2011-10-04T00:27:06+08:00 ] SQL: SHOW COLUMNS FROM `kp_user` [ RunTime:0.008548s ]
[ 2011-10-04T00:27:06+08:00 ] SQL: SELECT * FROM `kp_user` WHERE id=11 LIMIT 1  [ RunTime:0.001269s ]
[ 2011-10-04T00:27:06+08:00 ] ERR: (ThinkException) 无法加载模块
[ 2011-10-04T00:28:47+08:00 ] SQL: SHOW COLUMNS FROM `kp_user` [ RunTime:0.009737s ]
[ 2011-10-04T00:28:47+08:00 ] SQL: SELECT * FROM `kp_user` WHERE id=11 LIMIT 1  [ RunTime:0.001327s ]
[ 2011-10-04T00:28:47+08:00 ] ERR: (ThinkException) 无法加载模块
[ 2011-10-04T00:28:55+08:00 ] ERR: (ThinkException) 无法加载模块
[ 2011-10-04T00:29:00+08:00 ] SQL: SHOW COLUMNS FROM `kp_user` [ RunTime:0.008286s ]
[ 2011-10-04T00:29:00+08:00 ] SQL: SELECT * FROM `kp_user` WHERE id=11 LIMIT 1  [ RunTime:0.001263s ]
[ 2011-10-04T00:29:00+08:00 ] ERR: (ThinkException) 无法加载模块
[ 2011-10-04T00:29:38+08:00 ] ERR: (ThinkException) 无法加载模块
[ 2011-10-04T00:29:38+08:00 ] ERR: (ThinkException) 无法加载模块
[ 2011-10-04T00:29:43+08:00 ] ERR: (ThinkException) 无法加载模块
[ 2011-10-04T00:30:02+08:00 ] SQL: SHOW COLUMNS FROM `kp_user` [ RunTime:0.008602s ]
[ 2011-10-04T00:30:02+08:00 ] SQL: UPDATE `kp_user` SET `company_name`='111111',`city`='广州',`post_code`='222222',`business_call`='222222',`link_man`='222222',`company_scale`='1',`business_card`='thumb_4e89e2f736284.jpg',`update_time`='2011-10-04 00:30:02',`status`='待审核' WHERE ( `id` = 11 ) [ RunTime:0.003897s ]
[ 2011-10-04T00:30:02+08:00 ] ERR: (ThinkException) 无法加载模块
[ 2011-10-04T00:30:08+08:00 ] ERR: (ThinkException) 无法加载模块
[ 2011-10-04T00:53:55+08:00 ] ERR: (ThinkException) 无法加载模块
[ 2011-10-04T00:58:22+08:00 ] SQL: SHOW COLUMNS FROM `kp_user` [ RunTime:0.008911s ]
[ 2011-10-04T00:58:22+08:00 ] SQL: SELECT * FROM `kp_user` WHERE id=11 LIMIT 1  [ RunTime:0.001242s ]
[ 2011-10-04T00:58:22+08:00 ] ERR: (ThinkException) 无法加载模块
[ 2011-10-04T01:11:15+08:00 ] ERR: (ThinkException) 非法操作chek
[ 2011-10-04T01:11:15+08:00 ] ERR: (ThinkException) 无法加载模块
[ 2011-10-04T01:11:23+08:00 ] ERR: (ThinkException) 无法加载模块
[ 2011-10-04T01:13:41+08:00 ] SQL: SHOW COLUMNS FROM `kp_user` [ RunTime:0.008372s ]
[ 2011-10-04T01:13:41+08:00 ] SQL: SELECT * FROM `kp_user` WHERE ( `user_name` = '18602123502' ) [ RunTime:0.001487s ]
[ 2011-10-04T01:13:52+08:00 ] SQL: SHOW COLUMNS FROM `kp_user` [ RunTime:0.008408s ]
[ 2011-10-04T01:13:52+08:00 ] SQL: SELECT * FROM `kp_user` WHERE ( `user_name` = '18603123502' ) [ RunTime:0.001356s ]
[ 2011-10-04T01:13:59+08:00 ] SQL: SHOW COLUMNS FROM `kp_user` [ RunTime:0.008169s ]
[ 2011-10-04T01:13:59+08:00 ] SQL: INSERT INTO `kp_user` (`user_name`,`check_num`,`update_time`,`insert_time`,`status`) VALUES ('18603123502','916448','2011-10-04 01:13:59','2011-10-04 01:13:59','基本注册') [ RunTime:0.003382s ]
[ 2011-10-04T01:14:03+08:00 ] SQL: SHOW COLUMNS FROM `kp_user` [ RunTime:0.009914s ]
[ 2011-10-04T01:14:03+08:00 ] SQL: SELECT * FROM `kp_user` WHERE id=12 LIMIT 1  [ RunTime:0.001220s ]
[ 2011-10-04T01:14:03+08:00 ] ERR: (ThinkException) 无法加载模块
[ 2011-10-04T01:14:17+08:00 ] SQL: SHOW COLUMNS FROM `kp_user` [ RunTime:0.008221s ]
[ 2011-10-04T01:14:17+08:00 ] NOTIC: [8] Undefined index: auth RegAction.class.php 第 193 行.
[ 2011-10-04T01:14:17+08:00 ] SQL: UPDATE `kp_user` SET `password`='111111',`email`='',`update_time`='2011-10-04 01:14:17' WHERE ( `id` = 12 ) [ RunTime:0.003754s ]
[ 2011-10-04T01:14:17+08:00 ] ERR: (ThinkException) 无法加载模块
[ 2011-10-04T01:14:20+08:00 ] ERR: (ThinkException) 无法加载模块
[ 2011-10-04T01:14:34+08:00 ] SQL: SHOW COLUMNS FROM `kp_user` [ RunTime:0.008568s ]
[ 2011-10-04T01:14:34+08:00 ] NOTIC: [8] Undefined index: auth RegAction.class.php 第 193 行.
[ 2011-10-04T01:14:34+08:00 ] SQL: UPDATE `kp_user` SET `user_type1`='车主',`user_type2`='商用车',`update_time`='2011-10-04 01:14:34' WHERE ( `id` = 12 ) [ RunTime:0.003532s ]
[ 2011-10-04T01:14:36+08:00 ] SQL: SHOW COLUMNS FROM `kp_user` [ RunTime:0.010058s ]
[ 2011-10-04T01:14:36+08:00 ] SQL: SELECT * FROM `kp_user` WHERE id=12 LIMIT 1  [ RunTime:0.001188s ]
[ 2011-10-04T01:14:36+08:00 ] ERR: (ThinkException) 无法加载模块
[ 2011-10-04T01:15:13+08:00 ] ERR: (ThinkException) 无法加载模块
[ 2011-10-04T01:15:13+08:00 ] ERR: (ThinkException) 无法加载模块
[ 2011-10-04T01:15:16+08:00 ] ERR: (ThinkException) 无法加载模块
[ 2011-10-04T01:15:16+08:00 ] ERR: (ThinkException) 无法加载模块
[ 2011-10-04T01:15:19+08:00 ] ERR: (ThinkException) 无法加载模块
[ 2011-10-04T01:15:19+08:00 ] ERR: (ThinkException) 无法加载模块
[ 2011-10-04T01:15:29+08:00 ] SQL: SHOW COLUMNS FROM `kp_user` [ RunTime:0.008488s ]
[ 2011-10-04T01:15:29+08:00 ] SQL: UPDATE `kp_user` SET `true_name`='聂红雷',`sex`='1',`birthday`='1984-09-11',`business_card`='thumb_4e89eda72088a.jpg',`car_brand`='ddd',`car_model`='ddd',`update_time`='2011-10-04 01:15:29',`status`='待审核' WHERE ( `id` = 12 ) [ RunTime:0.003440s ]
[ 2011-10-04T01:15:29+08:00 ] ERR: (ThinkException) 无法加载模块
[ 2011-10-04T01:15:35+08:00 ] ERR: (ThinkException) 无法加载模块
[ 2011-10-04T01:33:01+08:00 ] ERR: (ThinkException) 无法加载模块
[ 2011-10-04T01:33:07+08:00 ] ERR: (ThinkException) 无法加载模块
[ 2011-10-04T01:33:10+08:00 ] ERR: (ThinkException) 无法加载模块
[ 2011-10-04T01:33:36+08:00 ] SQL: SHOW COLUMNS FROM `kp_user` [ RunTime:0.009011s ]
[ 2011-10-04T01:33:36+08:00 ] SQL: SELECT id, check_num, import_flag FROM `kp_user` WHERE ( `user_name` = '18922222222' ) LIMIT 1  [ RunTime:0.000827s ]
[ 2011-10-04T01:33:45+08:00 ] SQL: SHOW COLUMNS FROM `kp_user` [ RunTime:0.008797s ]
[ 2011-10-04T01:33:45+08:00 ] SQL: INSERT INTO `kp_user` (`user_name`,`check_num`,`update_time`,`insert_time`,`status`) VALUES ('18922222222','667636','2011-10-04 01:33:45','2011-10-04 01:33:45','基本注册') [ RunTime:0.003642s ]
[ 2011-10-04T01:33:49+08:00 ] SQL: SHOW COLUMNS FROM `kp_user` [ RunTime:0.008705s ]
[ 2011-10-04T01:33:49+08:00 ] SQL: SELECT * FROM `kp_user` WHERE id=13 LIMIT 1  [ RunTime:0.001357s ]
[ 2011-10-04T01:33:49+08:00 ] ERR: (ThinkException) 无法加载模块
[ 2011-10-04T01:33:52+08:00 ] ERR: (ThinkException) 无法加载模块
[ 2011-10-04T01:33:54+08:00 ] ERR: (ThinkException) 无法加载模块
[ 2011-10-04T01:33:55+08:00 ] ERR: (ThinkException) 无法加载模块
[ 2011-10-04T01:34:04+08:00 ] SQL: SHOW COLUMNS FROM `kp_user` [ RunTime:0.008936s ]
[ 2011-10-04T01:34:04+08:00 ] SQL: SELECT id, check_num, import_flag FROM `kp_user` WHERE ( `user_name` = '18922222223' ) LIMIT 1  [ RunTime:0.000921s ]
[ 2011-10-04T01:34:04+08:00 ] NOTIC: [8] Undefined variable: status RegAction.class.php 第 87 行.
[ 2011-10-04T01:34:31+08:00 ] SQL: SHOW COLUMNS FROM `kp_user` [ RunTime:0.008638s ]
[ 2011-10-04T01:34:31+08:00 ] SQL: SELECT id, check_num, import_flag FROM `kp_user` WHERE ( `user_name` = '18602123501' ) LIMIT 1  [ RunTime:0.000873s ]
[ 2011-10-04T01:34:41+08:00 ] SQL: SHOW COLUMNS FROM `kp_user` [ RunTime:0.008736s ]
[ 2011-10-04T01:34:41+08:00 ] SQL: SELECT id, check_num, import_flag FROM `kp_user` WHERE ( `user_name` = '18602123501' ) LIMIT 1  [ RunTime:0.000826s ]
[ 2011-10-04T01:35:10+08:00 ] SQL: SHOW COLUMNS FROM `kp_user` [ RunTime:0.008899s ]
[ 2011-10-04T01:35:10+08:00 ] SQL: SELECT id, check_num, import_flag FROM `kp_user` WHERE ( `user_name` = '18602123501' ) LIMIT 1  [ RunTime:0.000847s ]
[ 2011-10-04T01:36:31+08:00 ] SQL: SHOW COLUMNS FROM `kp_user` [ RunTime:0.008687s ]
[ 2011-10-04T01:36:31+08:00 ] SQL: SELECT id, check_num, import_flag FROM `kp_user` WHERE ( `user_name` = '18602123501' ) LIMIT 1  [ RunTime:0.000923s ]
[ 2011-10-04T01:36:37+08:00 ] SQL: SHOW COLUMNS FROM `kp_user` [ RunTime:0.008846s ]
[ 2011-10-04T01:36:37+08:00 ] SQL: SELECT id, check_num, import_flag FROM `kp_user` WHERE ( `user_name` = '18602123501' ) LIMIT 1  [ RunTime:0.000895s ]
[ 2011-10-04T01:36:42+08:00 ] SQL: SHOW COLUMNS FROM `kp_user` [ RunTime:0.009053s ]
[ 2011-10-04T01:36:42+08:00 ] SQL: SELECT id, check_num, import_flag FROM `kp_user` WHERE ( `user_name` = '18602123501' ) LIMIT 1  [ RunTime:0.000818s ]
[ 2011-10-04T01:36:54+08:00 ] SQL: SHOW COLUMNS FROM `kp_user` [ RunTime:0.008714s ]
[ 2011-10-04T01:36:54+08:00 ] SQL: SELECT id, check_num, import_flag FROM `kp_user` WHERE ( `user_name` = '18602123501' ) LIMIT 1  [ RunTime:0.000769s ]
[ 2011-10-04T01:37:08+08:00 ] SQL: SHOW COLUMNS FROM `kp_user` [ RunTime:0.008453s ]
[ 2011-10-04T01:37:14+08:00 ] SQL: SHOW COLUMNS FROM `kp_user` [ RunTime:0.008617s ]
[ 2011-10-04T01:37:20+08:00 ] SQL: SHOW COLUMNS FROM `kp_user` [ RunTime:0.008426s ]
[ 2011-10-04T01:37:22+08:00 ] ERR: (ThinkException) 无法加载模块
[ 2011-10-04T01:37:47+08:00 ] ERR: (ThinkException) 无法加载模块
[ 2011-10-04T01:40:58+08:00 ] ERR: (ThinkException) 无法加载模块
[ 2011-10-04T01:41:02+08:00 ] ERR: (ThinkException) 无法加载模块
[ 2011-10-04T01:41:07+08:00 ] ERR: (ThinkException) 无法加载模块
[ 2011-10-04T01:41:09+08:00 ] ERR: (ThinkException) 无法加载模块
[ 2011-10-04T01:41:09+08:00 ] ERR: (ThinkException) 无法加载模块
[ 2011-10-04T01:41:10+08:00 ] ERR: (ThinkException) 无法加载模块
[ 2011-10-04T01:41:10+08:00 ] ERR: (ThinkException) 无法加载模块
[ 2011-10-04T01:41:11+08:00 ] ERR: (ThinkException) 无法加载模块
[ 2011-10-04T01:41:11+08:00 ] ERR: (ThinkException) 无法加载模块
[ 2011-10-04T01:41:11+08:00 ] ERR: (ThinkException) 无法加载模块
[ 2011-10-04T01:41:29+08:00 ] ERR: (ThinkException) 无法加载模块
[ 2011-10-04T01:42:11+08:00 ] ERR: (ThinkException) 无法加载模块
[ 2011-10-04T01:42:22+08:00 ] ERR: (ThinkException) 无法加载模块
[ 2011-10-04T01:42:48+08:00 ] ERR: (ThinkException) 无法加载模块
[ 2011-10-04T01:42:50+08:00 ] ERR: (ThinkException) 无法加载模块
[ 2011-10-04T01:43:31+08:00 ] SQL: SHOW COLUMNS FROM `kp_user` [ RunTime:0.008512s ]
[ 2011-10-04T01:47:34+08:00 ] ERR: (ThinkException) 无法加载模块
[ 2011-10-04T01:47:42+08:00 ] ERR: (ThinkException) 无法加载模块
[ 2011-10-04T01:47:45+08:00 ] ERR: (ThinkException) 无法加载模块
[ 2011-10-04T01:47:46+08:00 ] ERR: (ThinkException) 无法加载模块
[ 2011-10-04T01:47:46+08:00 ] ERR: (ThinkException) 无法加载模块
[ 2011-10-04T01:47:46+08:00 ] ERR: (ThinkException) 无法加载模块
[ 2011-10-04T01:48:10+08:00 ] SQL: SHOW COLUMNS FROM `kp_user` [ RunTime:0.003855s ]
[ 2011-10-04T01:48:10+08:00 ] SQL: SELECT id, check_num, import_flag FROM `kp_user` WHERE ( `user_name` = '18922222222' ) LIMIT 1  [ RunTime:0.000365s ]
[ 2011-10-04T01:48:10+08:00 ] SQL: INSERT INTO `kp_user` (`id`,`check_num`,`import_flag`,`user_name`,`update_time`,`insert_time`,`status`) VALUES ('11','667636','导入','18922222222','2011-10-04 01:48:10','2011-10-04 01:48:10','基本注册') [ RunTime:0.000252s ]
[ 2011-10-04T01:48:14+08:00 ] SQL: SHOW COLUMNS FROM `kp_user` [ RunTime:0.008598s ]
[ 2011-10-04T01:48:14+08:00 ] SQL: SELECT * FROM `kp_user` WHERE id= LIMIT 1  [ RunTime:0.000428s ]
[ 2011-10-04T01:48:14+08:00 ] ERR: (ThinkException) 无法加载模块
[ 2011-10-04T01:52:18+08:00 ] ERR: (ThinkException) 无法加载模块
[ 2011-10-04T01:52:23+08:00 ] ERR: (ThinkException) 无法加载模块
[ 2011-10-04T01:52:27+08:00 ] ERR: (ThinkException) 无法加载模块
[ 2011-10-04T01:52:59+08:00 ] SQL: SHOW COLUMNS FROM `kp_user` [ RunTime:0.008534s ]
[ 2011-10-04T01:52:59+08:00 ] SQL: SELECT id, check_num, import_flag FROM `kp_user` WHERE ( `user_name` = '18922222222' ) LIMIT 1  [ RunTime:0.000911s ]
[ 2011-10-04T01:52:59+08:00 ] NOTIC: [8] Undefined variable: id RegAction.class.php 第 54 行.
[ 2011-10-04T01:53:00+08:00 ] ERR: (ThinkException) 无法加载模块
[ 2011-10-04T01:53:29+08:00 ] ERR: (ThinkException) 无法加载模块
[ 2011-10-04T01:53:29+08:00 ] ERR: (ThinkException) 无法加载模块
[ 2011-10-04T01:53:41+08:00 ] SQL: SHOW COLUMNS FROM `kp_user` [ RunTime:0.008355s ]
[ 2011-10-04T01:53:41+08:00 ] SQL: SELECT id, check_num, import_flag FROM `kp_user` WHERE ( `user_name` = '18922222222' ) LIMIT 1  [ RunTime:0.000843s ]
[ 2011-10-04T01:53:44+08:00 ] SQL: SHOW COLUMNS FROM `kp_user` [ RunTime:0.008694s ]
[ 2011-10-04T01:53:44+08:00 ] SQL: SELECT * FROM `kp_user` WHERE id=11 LIMIT 1  [ RunTime:0.000566s ]
[ 2011-10-04T01:53:44+08:00 ] ERR: (ThinkException) 无法加载模块
[ 2011-10-04T01:54:52+08:00 ] SQL: SHOW COLUMNS FROM `kp_user` [ RunTime:0.006879s ]
[ 2011-10-04T01:54:52+08:00 ] SQL: SELECT * FROM `kp_user` WHERE id=11 LIMIT 1  [ RunTime:0.001060s ]
[ 2011-10-04T01:54:52+08:00 ] ERR: (ThinkException) 无法加载模块
[ 2011-10-04T01:55:02+08:00 ] SQL: SHOW COLUMNS FROM `kp_user` [ RunTime:0.008748s ]
[ 2011-10-04T01:55:02+08:00 ] NOTIC: [8] Undefined index: auth RegAction.class.php 第 210 行.
[ 2011-10-04T01:55:02+08:00 ] SQL: UPDATE `kp_user` SET `password`='111111',`email`='nehnre@yahoo.com.cn',`update_time`='2011-10-04 01:55:02' WHERE ( `id` = '11' ) [ RunTime:0.003498s ]
[ 2011-10-04T01:55:02+08:00 ] ERR: (ThinkException) 无法加载模块
[ 2011-10-04T01:55:11+08:00 ] ERR: (ThinkException) 无法加载模块
[ 2011-10-04T01:55:14+08:00 ] ERR: (ThinkException) 无法加载模块
[ 2011-10-04T01:56:06+08:00 ] ERR: (ThinkException) 无法加载模块
[ 2011-10-04T01:58:02+08:00 ] NOTIC: [8] Undefined variable: result 71dc696c23d5d8c7eaab81c85d4d2f72.php 第 59 行.
[ 2011-10-04T01:58:02+08:00 ] ERR: (ThinkException) 无法加载模块
[ 2011-10-04T01:58:09+08:00 ] ERR: (ThinkException) 无法加载模块
[ 2011-10-04T01:58:34+08:00 ] NOTIC: [8] Undefined variable: result 71dc696c23d5d8c7eaab81c85d4d2f72.php 第 59 行.
[ 2011-10-04T01:58:34+08:00 ] ERR: (ThinkException) 无法加载模块
[ 2011-10-04T02:09:25+08:00 ] ERR: (ThinkException) 无法加载模块
[ 2011-10-04T02:09:36+08:00 ] ERR: (ThinkException) 无法加载模块
[ 2011-10-04T02:10:03+08:00 ] SQL: SHOW COLUMNS FROM `kp_user` [ RunTime:0.008834s ]
[ 2011-10-04T02:10:03+08:00 ] SQL: SELECT id, check_num, import_flag FROM `kp_user` WHERE ( `user_name` = '18922222222' ) LIMIT 1  [ RunTime:0.000955s ]
[ 2011-10-04T02:10:10+08:00 ] SQL: SHOW COLUMNS FROM `kp_user` [ RunTime:0.008938s ]
[ 2011-10-04T02:10:10+08:00 ] SQL: SELECT id, check_num, import_flag FROM `kp_user` WHERE ( `user_name` = '18922222222' ) LIMIT 1  [ RunTime:0.000863s ]
[ 2011-10-04T02:10:14+08:00 ] SQL: SHOW COLUMNS FROM `kp_user` [ RunTime:0.008554s ]
[ 2011-10-04T02:10:14+08:00 ] SQL: SELECT * FROM `kp_user` WHERE id=11 LIMIT 1  [ RunTime:0.001992s ]
[ 2011-10-04T02:10:27+08:00 ] SQL: SHOW COLUMNS FROM `kp_user` [ RunTime:0.008531s ]
[ 2011-10-04T02:10:27+08:00 ] NOTIC: [8] Undefined index: auth RegAction.class.php 第 210 行.
[ 2011-10-04T02:10:27+08:00 ] SQL: UPDATE `kp_user` SET `password`='1111111',`email`='nehnre@yahoo.com.cn',`update_time`='2011-10-04 02:10:27' WHERE ( `id` = '11' ) [ RunTime:0.049840s ]
[ 2011-10-04T02:10:29+08:00 ] NOTIC: [8] Undefined variable: result 71dc696c23d5d8c7eaab81c85d4d2f72.php 第 59 行.
[ 2011-10-04T02:11:36+08:00 ] SQL: SHOW COLUMNS FROM `kp_user` [ RunTime:0.008538s ]
[ 2011-10-04T02:11:36+08:00 ] SQL: SELECT id, check_num, import_flag FROM `kp_user` WHERE ( `user_name` = '18922222222' ) LIMIT 1  [ RunTime:0.001138s ]
[ 2011-10-04T02:11:46+08:00 ] SQL: SHOW COLUMNS FROM `kp_user` [ RunTime:0.008713s ]
[ 2011-10-04T02:11:46+08:00 ] SQL: SELECT id, check_num, import_flag FROM `kp_user` WHERE ( `user_name` = '18922222222' ) LIMIT 1  [ RunTime:0.000836s ]
[ 2011-10-04T02:11:57+08:00 ] SQL: SHOW COLUMNS FROM `kp_user` [ RunTime:0.008517s ]
[ 2011-10-04T02:11:57+08:00 ] SQL: SELECT id, check_num, import_flag FROM `kp_user` WHERE ( `user_name` = '18922222222' ) LIMIT 1  [ RunTime:0.000790s ]
[ 2011-10-04T02:12:06+08:00 ] SQL: SHOW COLUMNS FROM `kp_user` [ RunTime:0.009139s ]
[ 2011-10-04T02:12:06+08:00 ] SQL: SELECT id, check_num, import_flag FROM `kp_user` WHERE ( `user_name` = '18922222222' ) LIMIT 1  [ RunTime:0.000847s ]
[ 2011-10-04T02:12:09+08:00 ] SQL: SHOW COLUMNS FROM `kp_user` [ RunTime:0.008445s ]
[ 2011-10-04T02:12:09+08:00 ] SQL: SELECT * FROM `kp_user` WHERE id=11 LIMIT 1  [ RunTime:0.001381s ]
[ 2011-10-04T02:12:23+08:00 ] SQL: SHOW COLUMNS FROM `kp_user` [ RunTime:0.008428s ]
[ 2011-10-04T02:12:23+08:00 ] SQL: SELECT id, check_num, import_flag FROM `kp_user` WHERE ( `user_name` = '18922222222' ) LIMIT 1  [ RunTime:0.000787s ]
[ 2011-10-04T02:12:27+08:00 ] SQL: SHOW COLUMNS FROM `kp_user` [ RunTime:0.008573s ]
[ 2011-10-04T02:12:27+08:00 ] SQL: SELECT * FROM `kp_user` WHERE id=11 LIMIT 1  [ RunTime:0.001225s ]
[ 2011-10-04T02:12:59+08:00 ] SQL: SHOW COLUMNS FROM `kp_user` [ RunTime:0.008329s ]
[ 2011-10-04T02:12:59+08:00 ] SQL: SELECT id, check_num, import_flag FROM `kp_user` WHERE ( `user_name` = '18922222222' ) LIMIT 1  [ RunTime:0.000791s ]
[ 2011-10-04T02:13:06+08:00 ] SQL: SHOW COLUMNS FROM `kp_user` [ RunTime:0.008662s ]
[ 2011-10-04T02:13:06+08:00 ] SQL: SELECT id, check_num, import_flag FROM `kp_user` WHERE ( `user_name` = '18922222222' ) LIMIT 1  [ RunTime:0.000890s ]
[ 2011-10-04T02:13:09+08:00 ] SQL: SHOW COLUMNS FROM `kp_user` [ RunTime:0.008515s ]
[ 2011-10-04T02:13:09+08:00 ] SQL: SELECT * FROM `kp_user` WHERE id=11 LIMIT 1  [ RunTime:0.001553s ]
[ 2011-10-04T02:13:21+08:00 ] ERR: (ThinkException) 无法加载模块
[ 2011-10-04T02:13:21+08:00 ] ERR: (ThinkException) 无法加载模块
[ 2011-10-04T02:13:23+08:00 ] ERR: (ThinkException) 无法加载模块
[ 2011-10-04T02:13:24+08:00 ] ERR: (ThinkException) 无法加载模块
[ 2011-10-04T23:20:45+08:00 ] NOTIC: [8] Undefined index: HTTP_USER_AGENT ~runtime.php 第 2 行.
[ 2011-10-04T23:21:27+08:00 ] ERR: (ThinkException) 无法加载模块
[ 2011-10-04T23:21:32+08:00 ] ERR: (ThinkException) 无法加载模块
[ 2011-10-04T23:21:44+08:00 ] SQL: SHOW COLUMNS FROM `kp_user` [ RunTime:0.045422s ]
[ 2011-10-04T23:21:44+08:00 ] SQL: SELECT id, check_num, import_flag FROM `kp_user` WHERE ( `user_name` = '18922222222' ) LIMIT 1  [ RunTime:0.001003s ]
[ 2011-10-04T23:21:52+08:00 ] SQL: SHOW COLUMNS FROM `kp_user` [ RunTime:0.011170s ]
[ 2011-10-04T23:21:52+08:00 ] SQL: SELECT id, check_num, import_flag FROM `kp_user` WHERE ( `user_name` = '18922222222' ) LIMIT 1  [ RunTime:0.000871s ]
[ 2011-10-04T23:21:55+08:00 ] SQL: SHOW COLUMNS FROM `kp_user` [ RunTime:0.011016s ]
[ 2011-10-04T23:21:55+08:00 ] SQL: SELECT * FROM `kp_user` WHERE id=11 LIMIT 1  [ RunTime:0.001411s ]
[ 2011-10-04T23:21:55+08:00 ] ERR: (ThinkException) 无法加载模块
[ 2011-10-04T23:22:04+08:00 ] SQL: SHOW COLUMNS FROM `kp_user` [ RunTime:0.011017s ]
[ 2011-10-04T23:22:04+08:00 ] NOTIC: [8] Undefined index: auth RegAction.class.php 第 210 行.
[ 2011-10-04T23:22:04+08:00 ] SQL: UPDATE `kp_user` SET `password`='111111',`email`='nehnre@yahoo.com.cn',`update_time`='2011-10-04 23:22:04' WHERE ( `id` = '11' ) [ RunTime:0.004278s ]
[ 2011-10-04T23:22:04+08:00 ] ERR: (ThinkException) 无法加载模块
[ 2011-10-04T23:22:06+08:00 ] NOTIC: [8] Undefined variable: result 71dc696c23d5d8c7eaab81c85d4d2f72.php 第 59 行.
[ 2011-10-04T23:22:06+08:00 ] ERR: (ThinkException) 无法加载模块
[ 2011-10-04T23:22:12+08:00 ] SQL: SHOW COLUMNS FROM `kp_user` [ RunTime:0.011118s ]
[ 2011-10-04T23:22:12+08:00 ] NOTIC: [8] Undefined index: auth RegAction.class.php 第 210 行.
[ 2011-10-04T23:22:12+08:00 ] SQL: UPDATE `kp_user` SET `user_type1`='经销商',`user_type2`='分销商',`update_time`='2011-10-04 23:22:12' WHERE ( `id` = '11' ) [ RunTime:0.011696s ]
[ 2011-10-04T23:22:14+08:00 ] SQL: SHOW COLUMNS FROM `kp_user` [ RunTime:0.011372s ]
[ 2011-10-04T23:22:14+08:00 ] SQL: SELECT * FROM `kp_user` WHERE id=11 LIMIT 1  [ RunTime:0.001341s ]
[ 2011-10-04T23:22:14+08:00 ] ERR: (ThinkException) 无法加载模块
[ 2011-10-04T23:22:49+08:00 ] ERR: (ThinkException) 无法加载模块
[ 2011-10-04T23:22:49+08:00 ] ERR: (ThinkException) 无法加载模块
[ 2011-10-04T23:22:54+08:00 ] ERR: (ThinkException) 无法加载模块
[ 2011-10-04T23:22:55+08:00 ] ERR: (ThinkException) 无法加载模块
[ 2011-10-04T23:22:59+08:00 ] ERR: (ThinkException) 无法加载模块
[ 2011-10-04T23:23:00+08:00 ] ERR: (ThinkException) 无法加载模块
[ 2011-10-04T23:23:03+08:00 ] SQL: SHOW COLUMNS FROM `kp_user` [ RunTime:0.011139s ]
[ 2011-10-04T23:23:03+08:00 ] SQL: UPDATE `kp_user` SET `company_name`='111111',`city`='上海',`post_code`='11111',`business_call`='111',`link_man`='111',`business_scope`='111',`company_scale`='2',`business_license`='thumb_4e8b24c94f3b6.jpg',`address_pic`='thumb_4e8b24ceb2b16.jpg',`business_card`='thumb_4e8b24d3b5190.jpg',`update_time`='2011-10-04 23:23:03',`status`='待审核' WHERE ( `id` = '11' ) [ RunTime:0.003701s ]
[ 2011-10-04T23:23:04+08:00 ] ERR: (ThinkException) 无法加载模块
[ 2011-10-04T23:23:10+08:00 ] ERR: (ThinkException) 无法加载模块
