[ 2011-10-11T00:13:30+08:00 ] ERR: (ThinkException) 无法加载模块Styles
[ 2011-10-11T00:13:30+08:00 ] ERR: (ThinkException) 无法加载模块images
[ 2011-10-11T00:13:30+08:00 ] ERR: (ThinkException) 无法加载模块Styles
[ 2011-10-11T00:13:35+08:00 ] ERR: (ThinkException) 无法加载模块images
[ 2011-10-11T00:13:35+08:00 ] ERR: (ThinkException) 无法加载模块Styles
[ 2011-10-11T00:13:35+08:00 ] ERR: (ThinkException) 无法加载模块Styles
[ 2011-10-11T00:14:43+08:00 ] ERR: (ThinkException) 无法加载模块Styles
[ 2011-10-11T00:14:43+08:00 ] ERR: (ThinkException) 无法加载模块Styles
[ 2011-10-11T00:15:03+08:00 ] ERR: (ThinkException) 无法加载模块Styles
[ 2011-10-11T00:15:03+08:00 ] ERR: (ThinkException) 无法加载模块Styles
[ 2011-10-11T00:15:05+08:00 ] ERR: (ThinkException) 无法加载模块Styles
[ 2011-10-11T00:15:05+08:00 ] ERR: (ThinkException) 无法加载模块Styles
[ 2011-10-11T00:23:53+08:00 ] ERR: (ThinkException) 无法加载模块Styles
[ 2011-10-11T00:23:53+08:00 ] ERR: (ThinkException) 无法加载模块Styles
[ 2011-10-11T01:45:21+08:00 ] ERR: (ThinkException) 无法加载模块Styles
[ 2011-10-11T01:45:21+08:00 ] ERR: (ThinkException) 无法加载模块Styles
[ 2011-10-11T01:49:29+08:00 ] ERR: (ThinkException) 无法加载模块Styles
[ 2011-10-11T01:49:29+08:00 ] ERR: (ThinkException) 无法加载模块Styles
[ 2011-10-11T01:49:43+08:00 ] ERR: (ThinkException) 无法加载模块Styles
[ 2011-10-11T01:49:43+08:00 ] ERR: (ThinkException) 无法加载模块Styles
[ 2011-10-11T01:49:50+08:00 ] ERR: (ThinkException) 无法加载模块Styles
[ 2011-10-11T01:49:50+08:00 ] ERR: (ThinkException) 无法加载模块Styles
[ 2011-10-11T01:51:53+08:00 ] ERR: (ThinkException) 无法加载模块
[ 2011-10-11T01:53:32+08:00 ] ERR: (ThinkException) 无法加载模块
[ 2011-10-11T01:53:45+08:00 ] ERR: (ThinkException) 无法加载模块
[ 2011-10-11T01:54:02+08:00 ] ERR: (ThinkException) 无法加载模块
[ 2011-10-11T01:54:19+08:00 ] ERR: (ThinkException) 无法加载模块
[ 2011-10-11T01:54:46+08:00 ] ERR: (ThinkException) 无法加载模块
[ 2011-10-11T01:55:12+08:00 ] ERR: (ThinkException) 无法加载模块
[ 2011-10-11T01:55:29+08:00 ] ERR: (ThinkException) 无法加载模块Styles
[ 2011-10-11T01:55:29+08:00 ] ERR: (ThinkException) 无法加载模块Styles
[ 2011-10-11T01:55:30+08:00 ] ERR: (ThinkException) 无法加载模块
[ 2011-10-11T01:55:47+08:00 ] ERR: (ThinkException) 无法加载模块
[ 2011-10-11T01:55:50+08:00 ] ERR: (ThinkException) 无法加载模块Styles
[ 2011-10-11T01:55:50+08:00 ] ERR: (ThinkException) 无法加载模块Styles
[ 2011-10-11T01:55:50+08:00 ] ERR: (ThinkException) 无法加载模块
[ 2011-10-11T01:55:54+08:00 ] ERR: (ThinkException) 无法加载模块
[ 2011-10-11T01:55:55+08:00 ] ERR: (ThinkException) 无法加载模块Styles
[ 2011-10-11T01:55:55+08:00 ] ERR: (ThinkException) 无法加载模块Styles
[ 2011-10-11T01:55:56+08:00 ] ERR: (ThinkException) 无法加载模块
[ 2011-10-11T01:56:00+08:00 ] ERR: (ThinkException) 无法加载模块
[ 2011-10-11T01:56:02+08:00 ] ERR: (ThinkException) 无法加载模块Styles
[ 2011-10-11T01:56:02+08:00 ] ERR: (ThinkException) 无法加载模块Styles
[ 2011-10-11T01:56:02+08:00 ] ERR: (ThinkException) 无法加载模块
[ 2011-10-11T01:56:06+08:00 ] ERR: (ThinkException) 无法加载模块
[ 2011-10-11T01:56:08+08:00 ] ERR: (ThinkException) 无法加载模块Styles
[ 2011-10-11T01:56:08+08:00 ] ERR: (ThinkException) 无法加载模块Styles
[ 2011-10-11T01:56:08+08:00 ] ERR: (ThinkException) 无法加载模块
[ 2011-10-11T01:56:11+08:00 ] ERR: (ThinkException) 无法加载模块
[ 2011-10-11T01:56:14+08:00 ] ERR: (ThinkException) 无法加载模块Styles
[ 2011-10-11T01:56:14+08:00 ] ERR: (ThinkException) 无法加载模块Styles
[ 2011-10-11T01:56:14+08:00 ] ERR: (ThinkException) 无法加载模块
[ 2011-10-11T14:01:19+08:00 ] SQL: SHOW COLUMNS FROM `kp_activity` [ RunTime:0.014827s ]
[ 2011-10-11T14:01:19+08:00 ] SQL: SELECT * FROM `kp_activity` ORDER BY insert_time desc LIMIT 9  [ RunTime:0.000519s ]
[ 2011-10-11T14:01:19+08:00 ] ERR: (ThinkException) 无法加载模块Styles
[ 2011-10-11T14:01:19+08:00 ] ERR: (ThinkException) 无法加载模块Styles
[ 2011-10-11T14:01:19+08:00 ] ERR: (ThinkException) 无法加载模块Public
[ 2011-10-11T14:01:19+08:00 ] ERR: (ThinkException) 无法加载模块Public
[ 2011-10-11T14:01:19+08:00 ] ERR: (ThinkException) 无法加载模块Public
[ 2011-10-11T14:01:19+08:00 ] ERR: (ThinkException) 无法加载模块Public
[ 2011-10-11T14:01:20+08:00 ] ERR: (ThinkException) 无法加载模块
[ 2011-10-11T14:01:21+08:00 ] ERR: (ThinkException) 无法加载模块
[ 2011-10-11T14:01:58+08:00 ] SQL: SHOW COLUMNS FROM `kp_user` [ RunTime:0.004750s ]
[ 2011-10-11T14:01:58+08:00 ] SQL: SELECT id, check_num, import_flag FROM `kp_user` WHERE ( `user_name` = '13811111333' ) LIMIT 1  [ RunTime:0.000776s ]
[ 2011-10-11T14:01:59+08:00 ] SQL: SHOW COLUMNS FROM `kp_user` [ RunTime:0.002602s ]
[ 2011-10-11T14:01:59+08:00 ] SQL: SELECT * FROM `kp_user` WHERE id=26 LIMIT 1  [ RunTime:0.000386s ]
[ 2011-10-11T14:02:00+08:00 ] ERR: (ThinkException) 无法加载模块
[ 2011-10-11T14:02:05+08:00 ] SQL: SHOW COLUMNS FROM `kp_user` [ RunTime:0.002683s ]
[ 2011-10-11T14:02:05+08:00 ] NOTIC: [8] Undefined index: auth RegAction.class.php 第 218 行.
[ 2011-10-11T14:02:05+08:00 ] SQL: UPDATE `kp_user` SET `password`='96e79218965eb72c92a549dd5a330112',`email`='',`update_time`='2011-10-11 14:02:05' WHERE ( `id` = '26' ) [ RunTime:0.002148s ]
[ 2011-10-11T14:02:05+08:00 ] ERR: (ThinkException) 无法加载模块
[ 2011-10-11T14:02:08+08:00 ] SQL: SHOW COLUMNS FROM `kp_user` [ RunTime:0.003340s ]
[ 2011-10-11T14:02:08+08:00 ] SQL: SELECT * FROM `kp_user` WHERE id=26 LIMIT 1  [ RunTime:0.000489s ]
[ 2011-10-11T14:02:08+08:00 ] ERR: (ThinkException) 无法加载模块
[ 2011-10-11T14:02:11+08:00 ] SQL: SHOW COLUMNS FROM `kp_user` [ RunTime:0.003179s ]
[ 2011-10-11T14:02:11+08:00 ] NOTIC: [8] Undefined index: auth RegAction.class.php 第 218 行.
[ 2011-10-11T14:02:11+08:00 ] NOTIC: [8] Undefined index: password RegAction.class.php 第 223 行.
[ 2011-10-11T14:02:11+08:00 ] SQL: UPDATE `kp_user` SET `user_type1`='车队',`user_type2`='货车',`update_time`='2011-10-11 14:02:11' WHERE ( `id` = '26' ) [ RunTime:0.002377s ]
[ 2011-10-11T14:02:11+08:00 ] SQL: SHOW COLUMNS FROM `kp_user` [ RunTime:0.002688s ]
[ 2011-10-11T14:02:11+08:00 ] SQL: SELECT * FROM `kp_user` WHERE id=26 LIMIT 1  [ RunTime:0.000479s ]
[ 2011-10-11T14:02:11+08:00 ] NOTIC: [8] Undefined variable: reuslt df0201c904b35832665b2fe5c7fca5c6.php 第 88 行.
[ 2011-10-11T14:02:11+08:00 ] ERR: (ThinkException) 无法加载模块
[ 2011-10-11T14:02:15+08:00 ] ERR: (ThinkException) 无法加载模块
[ 2011-10-11T14:02:17+08:00 ] SQL: SHOW COLUMNS FROM `kp_user` [ RunTime:0.003001s ]
[ 2011-10-11T14:02:17+08:00 ] SQL: SELECT * FROM `kp_user` WHERE id=26 LIMIT 1  [ RunTime:0.000442s ]
[ 2011-10-11T14:02:17+08:00 ] ERR: (ThinkException) 无法加载模块
[ 2011-10-11T14:02:18+08:00 ] SQL: SHOW COLUMNS FROM `kp_user` [ RunTime:0.003131s ]
[ 2011-10-11T14:02:18+08:00 ] NOTIC: [8] Undefined index: auth RegAction.class.php 第 218 行.
[ 2011-10-11T14:02:18+08:00 ] NOTIC: [8] Undefined index: password RegAction.class.php 第 223 行.
[ 2011-10-11T14:02:18+08:00 ] SQL: UPDATE `kp_user` SET `user_type1`='车队',`user_type2`='货车',`update_time`='2011-10-11 14:02:18' WHERE ( `id` = '26' ) [ RunTime:0.002314s ]
[ 2011-10-11T14:02:18+08:00 ] SQL: SHOW COLUMNS FROM `kp_user` [ RunTime:0.002857s ]
[ 2011-10-11T14:02:18+08:00 ] SQL: SELECT * FROM `kp_user` WHERE id=26 LIMIT 1  [ RunTime:0.000566s ]
[ 2011-10-11T14:02:18+08:00 ] NOTIC: [8] Undefined variable: reuslt df0201c904b35832665b2fe5c7fca5c6.php 第 88 行.
[ 2011-10-11T14:02:19+08:00 ] ERR: (ThinkException) 无法加载模块
[ 2011-10-11T14:02:29+08:00 ] ERR: (ThinkException) 无法加载模块
[ 2011-10-11T14:02:29+08:00 ] ERR: (ThinkException) 无法加载模块
[ 2011-10-11T14:02:31+08:00 ] SQL: SHOW COLUMNS FROM `kp_user` [ RunTime:0.002654s ]
[ 2011-10-11T14:02:31+08:00 ] NOTIC: [8] Undefined index: password RegAction.class.php 第 223 行.
[ 2011-10-11T14:02:31+08:00 ] SQL: UPDATE `kp_user` SET `company_name`='222222',`company_address`='22222',`city`='上海',`post_code`='222222',`business_call`='222',`link_man`='2222',`company_scale`='2',`update_time`='2011-10-11 14:02:31',`status`='待审核' WHERE ( `id` = '26' ) [ RunTime:0.002899s ]
[ 2011-10-11T14:02:31+08:00 ] ERR: (ThinkException) 无法加载模块
[ 2011-10-11T14:02:37+08:00 ] SQL: SHOW COLUMNS FROM `kp_activity` [ RunTime:0.002619s ]
[ 2011-10-11T14:02:37+08:00 ] SQL: SELECT * FROM `kp_activity` ORDER BY insert_time desc LIMIT 9  [ RunTime:0.000459s ]
[ 2011-10-11T14:02:37+08:00 ] ERR: (ThinkException) 无法加载模块Styles
[ 2011-10-11T14:02:37+08:00 ] ERR: (ThinkException) 无法加载模块Public
[ 2011-10-11T14:02:37+08:00 ] ERR: (ThinkException) 无法加载模块Public
[ 2011-10-11T14:02:37+08:00 ] ERR: (ThinkException) 无法加载模块Styles
[ 2011-10-11T14:02:37+08:00 ] ERR: (ThinkException) 无法加载模块Public
[ 2011-10-11T14:02:37+08:00 ] ERR: (ThinkException) 无法加载模块Public
[ 2011-10-11T14:02:37+08:00 ] ERR: (ThinkException) 无法加载模块
[ 2011-10-11T14:02:41+08:00 ] SQL: SHOW COLUMNS FROM `kp_activity` [ RunTime:0.002724s ]
[ 2011-10-11T14:02:41+08:00 ] SQL: SELECT * FROM `kp_activity` ORDER BY insert_time desc LIMIT 9  [ RunTime:0.000513s ]
[ 2011-10-11T14:02:41+08:00 ] ERR: (ThinkException) 无法加载模块Styles
[ 2011-10-11T14:02:41+08:00 ] ERR: (ThinkException) 无法加载模块Styles
[ 2011-10-11T14:02:41+08:00 ] ERR: (ThinkException) 无法加载模块Public
[ 2011-10-11T14:02:41+08:00 ] ERR: (ThinkException) 无法加载模块Public
[ 2011-10-11T14:02:41+08:00 ] ERR: (ThinkException) 无法加载模块Public
[ 2011-10-11T14:02:41+08:00 ] ERR: (ThinkException) 无法加载模块Public
[ 2011-10-11T14:02:41+08:00 ] ERR: (ThinkException) 无法加载模块
[ 2011-10-11T14:02:41+08:00 ] SQL: SHOW COLUMNS FROM `kp_activity` [ RunTime:0.002907s ]
[ 2011-10-11T14:02:41+08:00 ] SQL: SELECT * FROM `kp_activity` ORDER BY insert_time desc LIMIT 9  [ RunTime:0.000657s ]
[ 2011-10-11T14:02:42+08:00 ] ERR: (ThinkException) 无法加载模块Styles
[ 2011-10-11T14:02:42+08:00 ] ERR: (ThinkException) 无法加载模块Styles
[ 2011-10-11T14:02:42+08:00 ] ERR: (ThinkException) 无法加载模块Public
[ 2011-10-11T14:02:42+08:00 ] ERR: (ThinkException) 无法加载模块Public
[ 2011-10-11T14:02:42+08:00 ] ERR: (ThinkException) 无法加载模块Public
[ 2011-10-11T14:02:42+08:00 ] ERR: (ThinkException) 无法加载模块Public
[ 2011-10-11T14:02:42+08:00 ] ERR: (ThinkException) 无法加载模块
[ 2011-10-11T14:02:44+08:00 ] ERR: (ThinkException) 无法加载模块
[ 2011-10-11T14:03:02+08:00 ] SQL: SHOW COLUMNS FROM `kp_user` [ RunTime:0.003278s ]
[ 2011-10-11T14:03:02+08:00 ] SQL: SELECT id, check_num, import_flag FROM `kp_user` WHERE ( `user_name` = '13811111333' ) LIMIT 1  [ RunTime:0.000394s ]
[ 2011-10-11T14:03:03+08:00 ] SQL: SHOW COLUMNS FROM `kp_user` [ RunTime:0.002712s ]
[ 2011-10-11T14:03:03+08:00 ] SQL: SELECT * FROM `kp_user` WHERE id=26 LIMIT 1  [ RunTime:0.000416s ]
[ 2011-10-11T14:03:03+08:00 ] ERR: (ThinkException) 无法加载模块
[ 2011-10-11T14:03:08+08:00 ] SQL: SHOW COLUMNS FROM `kp_user` [ RunTime:0.003034s ]
[ 2011-10-11T14:03:08+08:00 ] NOTIC: [8] Undefined index: auth RegAction.class.php 第 218 行.
[ 2011-10-11T14:03:08+08:00 ] SQL: UPDATE `kp_user` SET `password`='96e79218965eb72c92a549dd5a330112',`email`='',`update_time`='2011-10-11 14:03:08' WHERE ( `id` = '26' ) [ RunTime:0.002363s ]
[ 2011-10-11T14:03:08+08:00 ] ERR: (ThinkException) 无法加载模块
[ 2011-10-11T14:03:10+08:00 ] SQL: SHOW COLUMNS FROM `kp_user` [ RunTime:0.003097s ]
[ 2011-10-11T14:03:10+08:00 ] SQL: SELECT * FROM `kp_user` WHERE id=26 LIMIT 1  [ RunTime:0.000446s ]
[ 2011-10-11T14:03:10+08:00 ] ERR: (ThinkException) 无法加载模块
[ 2011-10-11T14:03:11+08:00 ] SQL: SHOW COLUMNS FROM `kp_user` [ RunTime:0.002721s ]
[ 2011-10-11T14:03:11+08:00 ] NOTIC: [8] Undefined index: auth RegAction.class.php 第 218 行.
[ 2011-10-11T14:03:11+08:00 ] NOTIC: [8] Undefined index: password RegAction.class.php 第 223 行.
[ 2011-10-11T14:03:11+08:00 ] SQL: UPDATE `kp_user` SET `user_type1`='车队',`user_type2`='货车',`update_time`='2011-10-11 14:03:11' WHERE ( `id` = '26' ) [ RunTime:0.002556s ]
[ 2011-10-11T14:03:11+08:00 ] SQL: SHOW COLUMNS FROM `kp_user` [ RunTime:0.002773s ]
[ 2011-10-11T14:03:11+08:00 ] SQL: SELECT * FROM `kp_user` WHERE id=26 LIMIT 1  [ RunTime:0.000388s ]
[ 2011-10-11T14:03:11+08:00 ] NOTIC: [8] Undefined variable: reuslt df0201c904b35832665b2fe5c7fca5c6.php 第 88 行.
[ 2011-10-11T14:03:11+08:00 ] ERR: (ThinkException) 无法加载模块
[ 2011-10-11T14:03:14+08:00 ] SQL: SHOW COLUMNS FROM `kp_user` [ RunTime:0.003106s ]
[ 2011-10-11T14:03:14+08:00 ] SQL: SELECT * FROM `kp_user` WHERE id=26 LIMIT 1  [ RunTime:0.000562s ]
[ 2011-10-11T14:03:14+08:00 ] NOTIC: [8] Undefined variable: reuslt df0201c904b35832665b2fe5c7fca5c6.php 第 88 行.
[ 2011-10-11T14:03:14+08:00 ] ERR: (ThinkException) 无法加载模块
[ 2011-10-11T14:03:15+08:00 ] SQL: SHOW COLUMNS FROM `kp_user` [ RunTime:0.003272s ]
[ 2011-10-11T14:03:15+08:00 ] SQL: SELECT * FROM `kp_user` WHERE id=26 LIMIT 1  [ RunTime:0.000403s ]
[ 2011-10-11T14:03:15+08:00 ] NOTIC: [8] Undefined variable: reuslt df0201c904b35832665b2fe5c7fca5c6.php 第 88 行.
[ 2011-10-11T14:03:15+08:00 ] ERR: (ThinkException) 无法加载模块
[ 2011-10-11T14:03:16+08:00 ] SQL: SHOW COLUMNS FROM `kp_user` [ RunTime:0.004238s ]
[ 2011-10-11T14:03:16+08:00 ] SQL: SELECT * FROM `kp_user` WHERE id=26 LIMIT 1  [ RunTime:0.000558s ]
[ 2011-10-11T14:03:16+08:00 ] NOTIC: [8] Undefined variable: reuslt df0201c904b35832665b2fe5c7fca5c6.php 第 88 行.
[ 2011-10-11T14:03:16+08:00 ] ERR: (ThinkException) 无法加载模块
[ 2011-10-11T14:03:16+08:00 ] SQL: SHOW COLUMNS FROM `kp_user` [ RunTime:0.002849s ]
[ 2011-10-11T14:03:16+08:00 ] SQL: SELECT * FROM `kp_user` WHERE id=26 LIMIT 1  [ RunTime:0.000398s ]
[ 2011-10-11T14:03:16+08:00 ] NOTIC: [8] Undefined variable: reuslt df0201c904b35832665b2fe5c7fca5c6.php 第 88 行.
[ 2011-10-11T14:03:17+08:00 ] ERR: (ThinkException) 无法加载模块
[ 2011-10-11T14:03:17+08:00 ] SQL: SHOW COLUMNS FROM `kp_user` [ RunTime:0.002757s ]
[ 2011-10-11T14:03:17+08:00 ] SQL: SELECT * FROM `kp_user` WHERE id=26 LIMIT 1  [ RunTime:0.000416s ]
[ 2011-10-11T14:03:17+08:00 ] NOTIC: [8] Undefined variable: reuslt df0201c904b35832665b2fe5c7fca5c6.php 第 88 行.
[ 2011-10-11T14:03:17+08:00 ] ERR: (ThinkException) 无法加载模块
[ 2011-10-11T14:03:17+08:00 ] SQL: SHOW COLUMNS FROM `kp_user` [ RunTime:0.002657s ]
[ 2011-10-11T14:03:17+08:00 ] SQL: SELECT * FROM `kp_user` WHERE id=26 LIMIT 1  [ RunTime:0.000455s ]
[ 2011-10-11T14:03:17+08:00 ] NOTIC: [8] Undefined variable: reuslt df0201c904b35832665b2fe5c7fca5c6.php 第 88 行.
[ 2011-10-11T14:03:18+08:00 ] ERR: (ThinkException) 无法加载模块
[ 2011-10-11T14:03:39+08:00 ] SQL: SHOW COLUMNS FROM `kp_user` [ RunTime:0.003172s ]
[ 2011-10-11T14:03:39+08:00 ] NOTIC: [8] Undefined index: password RegAction.class.php 第 223 行.
[ 2011-10-11T14:03:39+08:00 ] SQL: UPDATE `kp_user` SET `company_name`='222222',`company_address`='22222',`city`='上海',`post_code`='222222',`business_call`='222',`link_man`='2222',`company_scale`='1',`update_time`='2011-10-11 14:03:39',`status`='待审核' WHERE ( `id` = '26' ) [ RunTime:0.002766s ]
[ 2011-10-11T14:03:39+08:00 ] ERR: (ThinkException) 无法加载模块
[ 2011-10-11T14:03:45+08:00 ] SQL: SHOW COLUMNS FROM `kp_activity` [ RunTime:0.002374s ]
[ 2011-10-11T14:03:45+08:00 ] SQL: SELECT * FROM `kp_activity` ORDER BY insert_time desc LIMIT 9  [ RunTime:0.000466s ]
[ 2011-10-11T14:03:45+08:00 ] ERR: (ThinkException) 无法加载模块Styles
[ 2011-10-11T14:03:45+08:00 ] ERR: (ThinkException) 无法加载模块Styles
[ 2011-10-11T14:03:45+08:00 ] ERR: (ThinkException) 无法加载模块Public
[ 2011-10-11T14:03:45+08:00 ] ERR: (ThinkException) 无法加载模块Public
[ 2011-10-11T14:03:45+08:00 ] ERR: (ThinkException) 无法加载模块Public
[ 2011-10-11T14:03:45+08:00 ] ERR: (ThinkException) 无法加载模块Public
[ 2011-10-11T14:03:45+08:00 ] ERR: (ThinkException) 无法加载模块
[ 2011-10-11T14:04:19+08:00 ] SQL: SHOW COLUMNS FROM `kp_activity` [ RunTime:0.002915s ]
[ 2011-10-11T14:04:19+08:00 ] SQL: SELECT * FROM `kp_activity` ORDER BY insert_time desc LIMIT 9  [ RunTime:0.000478s ]
[ 2011-10-11T14:04:19+08:00 ] ERR: (ThinkException) 无法加载模块Styles
[ 2011-10-11T14:04:19+08:00 ] ERR: (ThinkException) 无法加载模块Styles
[ 2011-10-11T14:04:19+08:00 ] ERR: (ThinkException) 无法加载模块Public
[ 2011-10-11T14:04:19+08:00 ] ERR: (ThinkException) 无法加载模块Public
[ 2011-10-11T14:04:19+08:00 ] ERR: (ThinkException) 无法加载模块Public
[ 2011-10-11T14:04:19+08:00 ] ERR: (ThinkException) 无法加载模块Public
[ 2011-10-11T14:04:19+08:00 ] ERR: (ThinkException) 无法加载模块
[ 2011-10-11T14:04:20+08:00 ] SQL: SHOW COLUMNS FROM `kp_activity` [ RunTime:0.002350s ]
[ 2011-10-11T14:04:20+08:00 ] SQL: SELECT * FROM `kp_activity` ORDER BY insert_time desc LIMIT 9  [ RunTime:0.000452s ]
[ 2011-10-11T14:04:20+08:00 ] ERR: (ThinkException) 无法加载模块Styles
[ 2011-10-11T14:04:20+08:00 ] ERR: (ThinkException) 无法加载模块Styles
[ 2011-10-11T14:04:20+08:00 ] ERR: (ThinkException) 无法加载模块Public
[ 2011-10-11T14:04:20+08:00 ] ERR: (ThinkException) 无法加载模块Public
[ 2011-10-11T14:04:20+08:00 ] ERR: (ThinkException) 无法加载模块Public
[ 2011-10-11T14:04:20+08:00 ] ERR: (ThinkException) 无法加载模块Public
[ 2011-10-11T14:04:20+08:00 ] ERR: (ThinkException) 无法加载模块
[ 2011-10-11T14:04:56+08:00 ] SQL: SHOW COLUMNS FROM `kp_user` [ RunTime:0.002682s ]
[ 2011-10-11T14:04:56+08:00 ] SQL: SELECT * FROM `kp_user` WHERE ( `user_name` = '13811111333' ) AND ( `password` = '96e79218965eb72c92a549dd5a330112' ) LIMIT 1  [ RunTime:0.000501s ]
[ 2011-10-11T14:04:56+08:00 ] SQL: SHOW COLUMNS FROM `kp_userlog` [ RunTime:0.008968s ]
[ 2011-10-11T14:04:56+08:00 ] SQL: INSERT INTO `kp_userlog` (`user_id`,`table_name`,`table_id`,`act_describ`,`insert_time`) VALUES ('26','kp_user','26','登录一次','2011-10-11 14:04:56') [ RunTime:0.001434s ]
[ 2011-10-11T14:04:58+08:00 ] SQL: SHOW COLUMNS FROM `kp_activity` [ RunTime:0.002992s ]
[ 2011-10-11T14:04:58+08:00 ] SQL: SELECT * FROM `kp_activity` ORDER BY insert_time desc LIMIT 9  [ RunTime:0.000538s ]
[ 2011-10-11T14:04:58+08:00 ] ERR: (ThinkException) 无法加载模块Styles
[ 2011-10-11T14:04:58+08:00 ] ERR: (ThinkException) 无法加载模块Styles
[ 2011-10-11T14:04:58+08:00 ] ERR: (ThinkException) 无法加载模块Public
[ 2011-10-11T14:04:58+08:00 ] ERR: (ThinkException) 无法加载模块Public
[ 2011-10-11T14:04:58+08:00 ] ERR: (ThinkException) 无法加载模块Public
[ 2011-10-11T14:04:58+08:00 ] ERR: (ThinkException) 无法加载模块Public
[ 2011-10-11T14:04:58+08:00 ] ERR: (ThinkException) 无法加载模块
[ 2011-10-11T14:05:00+08:00 ] SQL: SHOW COLUMNS FROM `kp_activity` [ RunTime:0.002863s ]
[ 2011-10-11T14:05:00+08:00 ] SQL: SELECT * FROM `kp_activity` ORDER BY insert_time desc LIMIT 9  [ RunTime:0.000460s ]
[ 2011-10-11T14:05:00+08:00 ] ERR: (ThinkException) 无法加载模块Styles
[ 2011-10-11T14:05:00+08:00 ] ERR: (ThinkException) 无法加载模块Styles
[ 2011-10-11T14:05:00+08:00 ] ERR: (ThinkException) 无法加载模块Public
[ 2011-10-11T14:05:00+08:00 ] ERR: (ThinkException) 无法加载模块Public
[ 2011-10-11T14:05:00+08:00 ] ERR: (ThinkException) 无法加载模块Public
[ 2011-10-11T14:05:00+08:00 ] ERR: (ThinkException) 无法加载模块Public
[ 2011-10-11T14:05:00+08:00 ] ERR: (ThinkException) 无法加载模块
[ 2011-10-11T14:05:00+08:00 ] SQL: SHOW COLUMNS FROM `kp_activity` [ RunTime:0.004088s ]
[ 2011-10-11T14:05:00+08:00 ] SQL: SELECT * FROM `kp_activity` ORDER BY insert_time desc LIMIT 9  [ RunTime:0.000802s ]
[ 2011-10-11T14:05:01+08:00 ] ERR: (ThinkException) 无法加载模块Styles
[ 2011-10-11T14:05:01+08:00 ] ERR: (ThinkException) 无法加载模块Styles
[ 2011-10-11T14:05:01+08:00 ] ERR: (ThinkException) 无法加载模块Public
[ 2011-10-11T14:05:01+08:00 ] ERR: (ThinkException) 无法加载模块Public
[ 2011-10-11T14:05:01+08:00 ] ERR: (ThinkException) 无法加载模块Public
[ 2011-10-11T14:05:01+08:00 ] ERR: (ThinkException) 无法加载模块Public
[ 2011-10-11T14:05:01+08:00 ] ERR: (ThinkException) 无法加载模块
[ 2011-10-11T14:05:05+08:00 ] SQL: SHOW COLUMNS FROM `kp_activity` [ RunTime:0.003250s ]
[ 2011-10-11T14:05:05+08:00 ] SQL: SELECT * FROM `kp_activity` ORDER BY insert_time desc LIMIT 9  [ RunTime:0.000522s ]
[ 2011-10-11T14:05:05+08:00 ] ERR: (ThinkException) 无法加载模块
[ 2011-10-11T14:05:05+08:00 ] ERR: (ThinkException) 无法加载模块Styles
[ 2011-10-11T14:05:05+08:00 ] ERR: (ThinkException) 无法加载模块Public
[ 2011-10-11T14:05:05+08:00 ] ERR: (ThinkException) 无法加载模块Public
[ 2011-10-11T14:05:05+08:00 ] ERR: (ThinkException) 无法加载模块Public
[ 2011-10-11T14:05:05+08:00 ] ERR: (ThinkException) 无法加载模块Styles
[ 2011-10-11T14:05:05+08:00 ] ERR: (ThinkException) 无法加载模块Public
[ 2011-10-11T14:05:05+08:00 ] ERR: (ThinkException) 无法加载模块
[ 2011-10-11T14:05:28+08:00 ] ERR: (ThinkException) 无法加载模块
[ 2011-10-11T14:05:32+08:00 ] ERR: (ThinkException) 无法加载模块Public
[ 2011-10-11T14:05:32+08:00 ] ERR: (ThinkException) 无法加载模块Public
[ 2011-10-11T14:05:32+08:00 ] ERR: (ThinkException) 无法加载模块Public
[ 2011-10-11T14:05:32+08:00 ] ERR: (ThinkException) 无法加载模块Public
[ 2011-10-11T14:05:32+08:00 ] ERR: (ThinkException) 无法加载模块Styles
[ 2011-10-11T14:05:32+08:00 ] ERR: (ThinkException) 无法加载模块Styles
[ 2011-10-11T14:05:32+08:00 ] ERR: (ThinkException) 无法加载模块
[ 2011-10-11T14:05:33+08:00 ] ERR: (ThinkException) 无法加载模块
[ 2011-10-11T14:05:47+08:00 ] SQL: SHOW COLUMNS FROM `kp_user` [ RunTime:0.002697s ]
[ 2011-10-11T14:05:47+08:00 ] SQL: SELECT id, check_num, import_flag FROM `kp_user` WHERE ( `user_name` = '13811111333' ) LIMIT 1  [ RunTime:0.000294s ]
[ 2011-10-11T14:05:48+08:00 ] SQL: SHOW COLUMNS FROM `kp_user` [ RunTime:0.002621s ]
[ 2011-10-11T14:05:48+08:00 ] SQL: SELECT * FROM `kp_user` WHERE id=26 LIMIT 1  [ RunTime:0.000387s ]
[ 2011-10-11T14:05:49+08:00 ] ERR: (ThinkException) 无法加载模块
[ 2011-10-11T14:05:55+08:00 ] SQL: SHOW COLUMNS FROM `kp_user` [ RunTime:0.002686s ]
[ 2011-10-11T14:05:55+08:00 ] NOTIC: [8] Undefined index: auth RegAction.class.php 第 218 行.
[ 2011-10-11T14:05:55+08:00 ] SQL: UPDATE `kp_user` SET `password`='96e79218965eb72c92a549dd5a330112',`email`='',`update_time`='2011-10-11 14:05:55' WHERE ( `id` = '26' ) [ RunTime:0.002170s ]
[ 2011-10-11T14:05:55+08:00 ] ERR: (ThinkException) 无法加载模块
[ 2011-10-11T14:05:57+08:00 ] SQL: SHOW COLUMNS FROM `kp_user` [ RunTime:0.003709s ]
[ 2011-10-11T14:05:57+08:00 ] SQL: SELECT * FROM `kp_user` WHERE id=26 LIMIT 1  [ RunTime:0.000508s ]
[ 2011-10-11T14:05:57+08:00 ] ERR: (ThinkException) 无法加载模块
[ 2011-10-11T14:05:58+08:00 ] SQL: SHOW COLUMNS FROM `kp_user` [ RunTime:0.002796s ]
[ 2011-10-11T14:05:58+08:00 ] NOTIC: [8] Undefined index: auth RegAction.class.php 第 218 行.
[ 2011-10-11T14:05:58+08:00 ] NOTIC: [8] Undefined index: password RegAction.class.php 第 223 行.
[ 2011-10-11T14:05:58+08:00 ] SQL: UPDATE `kp_user` SET `user_type1`='车队',`user_type2`='货车',`update_time`='2011-10-11 14:05:58' WHERE ( `id` = '26' ) [ RunTime:0.002557s ]
[ 2011-10-11T14:05:58+08:00 ] SQL: SHOW COLUMNS FROM `kp_user` [ RunTime:0.002770s ]
[ 2011-10-11T14:05:58+08:00 ] SQL: SELECT * FROM `kp_user` WHERE id=26 LIMIT 1  [ RunTime:0.000634s ]
[ 2011-10-11T14:05:58+08:00 ] NOTIC: [8] Undefined variable: reuslt df0201c904b35832665b2fe5c7fca5c6.php 第 88 行.
[ 2011-10-11T14:05:58+08:00 ] ERR: (ThinkException) 无法加载模块
[ 2011-10-11T14:06:18+08:00 ] SQL: SHOW COLUMNS FROM `kp_activity` [ RunTime:0.002361s ]
[ 2011-10-11T14:06:18+08:00 ] SQL: SELECT * FROM `kp_activity` ORDER BY insert_time desc LIMIT 9  [ RunTime:0.000454s ]
[ 2011-10-11T14:06:18+08:00 ] ERR: (ThinkException) 无法加载模块Styles
[ 2011-10-11T14:06:18+08:00 ] ERR: (ThinkException) 无法加载模块Public
[ 2011-10-11T14:06:18+08:00 ] ERR: (ThinkException) 无法加载模块Styles
[ 2011-10-11T14:06:18+08:00 ] ERR: (ThinkException) 无法加载模块Public
[ 2011-10-11T14:06:18+08:00 ] ERR: (ThinkException) 无法加载模块Public
[ 2011-10-11T14:06:18+08:00 ] ERR: (ThinkException) 无法加载模块Public
[ 2011-10-11T14:06:18+08:00 ] ERR: (ThinkException) 无法加载模块
[ 2011-10-11T14:06:20+08:00 ] SQL: SHOW COLUMNS FROM `kp_activity` [ RunTime:0.003014s ]
[ 2011-10-11T14:06:20+08:00 ] SQL: SELECT * FROM `kp_activity` ORDER BY insert_time desc LIMIT 9  [ RunTime:0.000672s ]
[ 2011-10-11T14:06:20+08:00 ] ERR: (ThinkException) 无法加载模块Styles
[ 2011-10-11T14:06:20+08:00 ] ERR: (ThinkException) 无法加载模块Styles
[ 2011-10-11T14:06:20+08:00 ] ERR: (ThinkException) 无法加载模块Public
[ 2011-10-11T14:06:21+08:00 ] ERR: (ThinkException) 无法加载模块Public
[ 2011-10-11T14:06:21+08:00 ] ERR: (ThinkException) 无法加载模块Public
[ 2011-10-11T14:06:21+08:00 ] ERR: (ThinkException) 无法加载模块Public
[ 2011-10-11T14:06:21+08:00 ] ERR: (ThinkException) 无法加载模块
[ 2011-10-11T14:06:24+08:00 ] SQL: SHOW COLUMNS FROM `kp_activity` [ RunTime:0.002840s ]
[ 2011-10-11T14:06:24+08:00 ] SQL: SELECT * FROM `kp_activity` WHERE ( `id` = '14' ) AND ( `start_time` < '2011-10-11 14:06:24' ) AND ( `end_time` > '2011-10-11 14:06:24' ) LIMIT 1  [ RunTime:0.000444s ]
[ 2011-10-11T14:06:24+08:00 ] ERR: (ThinkException) 无法加载模块
[ 2011-10-11T14:06:27+08:00 ] ERR: (ThinkException) 无法加载模块Styles
[ 2011-10-11T14:06:27+08:00 ] ERR: (ThinkException) 无法加载模块Styles
[ 2011-10-11T14:06:27+08:00 ] ERR: (ThinkException) 无法加载模块Public
[ 2011-10-11T14:06:27+08:00 ] ERR: (ThinkException) 无法加载模块Public
[ 2011-10-11T14:06:27+08:00 ] ERR: (ThinkException) 无法加载模块Public
[ 2011-10-11T14:06:27+08:00 ] ERR: (ThinkException) 无法加载模块Public
[ 2011-10-11T14:06:27+08:00 ] ERR: (ThinkException) 无法加载模块
[ 2011-10-11T14:06:28+08:00 ] SQL: SHOW COLUMNS FROM `kp_activity` [ RunTime:0.002981s ]
[ 2011-10-11T14:06:28+08:00 ] SQL: SELECT * FROM `kp_activity` WHERE ( `id` = '13' ) AND ( `start_time` < '2011-10-11 14:06:28' ) AND ( `end_time` > '2011-10-11 14:06:28' ) LIMIT 1  [ RunTime:0.000359s ]
[ 2011-10-11T14:06:28+08:00 ] ERR: (ThinkException) 无法加载模块
[ 2011-10-11T14:06:30+08:00 ] ERR: (ThinkException) 无法加载模块Public
[ 2011-10-11T14:06:30+08:00 ] ERR: (ThinkException) 无法加载模块Styles
[ 2011-10-11T14:06:30+08:00 ] ERR: (ThinkException) 无法加载模块Public
[ 2011-10-11T14:06:30+08:00 ] ERR: (ThinkException) 无法加载模块Styles
[ 2011-10-11T14:06:30+08:00 ] ERR: (ThinkException) 无法加载模块Public
[ 2011-10-11T14:06:30+08:00 ] ERR: (ThinkException) 无法加载模块Public
[ 2011-10-11T14:06:30+08:00 ] ERR: (ThinkException) 无法加载模块
[ 2011-10-11T14:06:31+08:00 ] SQL: SHOW COLUMNS FROM `kp_activity` [ RunTime:0.003120s ]
[ 2011-10-11T14:06:31+08:00 ] SQL: SELECT * FROM `kp_activity` WHERE ( `id` = '12' ) AND ( `start_time` < '2011-10-11 14:06:31' ) AND ( `end_time` > '2011-10-11 14:06:31' ) LIMIT 1  [ RunTime:0.000504s ]
[ 2011-10-11T14:06:31+08:00 ] ERR: (ThinkException) 无法加载模块
[ 2011-10-11T14:06:33+08:00 ] ERR: (ThinkException) 无法加载模块Styles
[ 2011-10-11T14:06:33+08:00 ] ERR: (ThinkException) 无法加载模块Public
[ 2011-10-11T14:06:33+08:00 ] ERR: (ThinkException) 无法加载模块Styles
[ 2011-10-11T14:06:33+08:00 ] ERR: (ThinkException) 无法加载模块Public
[ 2011-10-11T14:06:33+08:00 ] ERR: (ThinkException) 无法加载模块Public
[ 2011-10-11T14:06:33+08:00 ] ERR: (ThinkException) 无法加载模块Public
[ 2011-10-11T14:06:33+08:00 ] ERR: (ThinkException) 无法加载模块
[ 2011-10-11T14:06:34+08:00 ] SQL: SHOW COLUMNS FROM `kp_activity` [ RunTime:0.002540s ]
[ 2011-10-11T14:06:34+08:00 ] SQL: SELECT * FROM `kp_activity` WHERE ( `id` = '11' ) AND ( `start_time` < '2011-10-11 14:06:34' ) AND ( `end_time` > '2011-10-11 14:06:34' ) LIMIT 1  [ RunTime:0.000378s ]
[ 2011-10-11T14:06:34+08:00 ] ERR: (ThinkException) 无法加载模块
[ 2011-10-11T14:06:36+08:00 ] ERR: (ThinkException) 无法加载模块Styles
[ 2011-10-11T14:06:36+08:00 ] ERR: (ThinkException) 无法加载模块Styles
[ 2011-10-11T14:06:36+08:00 ] ERR: (ThinkException) 无法加载模块Public
[ 2011-10-11T14:06:36+08:00 ] ERR: (ThinkException) 无法加载模块Public
[ 2011-10-11T14:06:36+08:00 ] ERR: (ThinkException) 无法加载模块Public
[ 2011-10-11T14:06:36+08:00 ] ERR: (ThinkException) 无法加载模块Public
[ 2011-10-11T14:06:36+08:00 ] ERR: (ThinkException) 无法加载模块
[ 2011-10-11T14:06:44+08:00 ] ERR: (ThinkException) 无法加载模块
[ 2011-10-11T14:08:22+08:00 ] SQL: SHOW COLUMNS FROM `kp_user` [ RunTime:0.002673s ]
[ 2011-10-11T14:08:22+08:00 ] SQL: SELECT id, check_num, import_flag FROM `kp_user` WHERE ( `user_name` = '13222222312' ) LIMIT 1  [ RunTime:0.000296s ]
[ 2011-10-11T14:08:23+08:00 ] SQL: SHOW COLUMNS FROM `kp_user` [ RunTime:0.002869s ]
[ 2011-10-11T14:08:23+08:00 ] SQL: SELECT id, check_num, import_flag FROM `kp_user` WHERE ( `user_name` = '13222222312' ) LIMIT 1  [ RunTime:0.000318s ]
[ 2011-10-11T14:18:02+08:00 ] SQL: SHOW COLUMNS FROM `kp_user` [ RunTime:0.002745s ]
[ 2011-10-11T14:18:02+08:00 ] SQL: SELECT id, check_num, import_flag FROM `kp_user` WHERE ( `user_name` = '18602123502' ) LIMIT 1  [ RunTime:0.000270s ]
[ 2011-10-11T14:18:06+08:00 ] SQL: SHOW COLUMNS FROM `kp_user` [ RunTime:0.002732s ]
[ 2011-10-11T14:18:06+08:00 ] SQL: SELECT id, check_num, import_flag FROM `kp_user` WHERE ( `user_name` = '18602123502' ) LIMIT 1  [ RunTime:0.000254s ]
[ 2011-10-11T14:18:10+08:00 ] SQL: SHOW COLUMNS FROM `kp_user` [ RunTime:0.002608s ]
[ 2011-10-11T14:18:10+08:00 ] SQL: SELECT id, check_num, import_flag FROM `kp_user` WHERE ( `user_name` = '18602123502' ) LIMIT 1  [ RunTime:0.000247s ]
[ 2011-10-11T14:18:23+08:00 ] SQL: SHOW COLUMNS FROM `kp_user` [ RunTime:0.002785s ]
[ 2011-10-11T14:18:23+08:00 ] SQL: SELECT id, check_num, import_flag FROM `kp_user` WHERE ( `user_name` = '18602123502' ) LIMIT 1  [ RunTime:0.000237s ]
[ 2011-10-11T14:18:26+08:00 ] ERR: (ThinkException) 无法加载模块
[ 2011-10-11T14:19:19+08:00 ] SQL: SHOW COLUMNS FROM `kp_user` [ RunTime:0.002989s ]
[ 2011-10-11T14:19:19+08:00 ] SQL: SELECT id, check_num, import_flag FROM `kp_user` WHERE ( `user_name` = '18602123502' ) LIMIT 1  [ RunTime:0.000268s ]
[ 2011-10-11T14:20:58+08:00 ] SQL: SHOW COLUMNS FROM `kp_user` [ RunTime:0.002685s ]
[ 2011-10-11T14:20:58+08:00 ] SQL: SELECT id, check_num, import_flag FROM `kp_user` WHERE ( `user_name` = '18602123502' ) LIMIT 1  [ RunTime:0.000261s ]
[ 2011-10-11T14:21:00+08:00 ] SQL: SHOW COLUMNS FROM `kp_user` [ RunTime:0.003113s ]
[ 2011-10-11T14:21:00+08:00 ] SQL: SELECT id, check_num, import_flag FROM `kp_user` WHERE ( `user_name` = '18602123502' ) LIMIT 1  [ RunTime:0.000255s ]
[ 2011-10-11T14:21:05+08:00 ] SQL: SHOW COLUMNS FROM `kp_activity` [ RunTime:0.002637s ]
[ 2011-10-11T14:21:05+08:00 ] SQL: SELECT * FROM `kp_activity` ORDER BY insert_time desc LIMIT 9  [ RunTime:0.000668s ]
[ 2011-10-11T14:21:05+08:00 ] ERR: (ThinkException) 无法加载模块Styles
[ 2011-10-11T14:21:05+08:00 ] ERR: (ThinkException) 无法加载模块Styles
[ 2011-10-11T14:21:05+08:00 ] ERR: (ThinkException) 无法加载模块Public
[ 2011-10-11T14:21:05+08:00 ] ERR: (ThinkException) 无法加载模块Public
[ 2011-10-11T14:21:05+08:00 ] ERR: (ThinkException) 无法加载模块Public
[ 2011-10-11T14:21:05+08:00 ] ERR: (ThinkException) 无法加载模块Public
[ 2011-10-11T14:21:05+08:00 ] ERR: (ThinkException) 无法加载模块
[ 2011-10-11T14:21:09+08:00 ] SQL: SHOW COLUMNS FROM `kp_activity` [ RunTime:0.002563s ]
[ 2011-10-11T14:21:09+08:00 ] SQL: SELECT * FROM `kp_activity` ORDER BY insert_time desc LIMIT 9  [ RunTime:0.000579s ]
[ 2011-10-11T14:21:09+08:00 ] ERR: (ThinkException) 无法加载模块Styles
[ 2011-10-11T14:21:09+08:00 ] ERR: (ThinkException) 无法加载模块Styles
[ 2011-10-11T14:21:09+08:00 ] ERR: (ThinkException) 无法加载模块Public
[ 2011-10-11T14:21:09+08:00 ] ERR: (ThinkException) 无法加载模块Public
[ 2011-10-11T14:21:09+08:00 ] ERR: (ThinkException) 无法加载模块Public
[ 2011-10-11T14:21:09+08:00 ] ERR: (ThinkException) 无法加载模块Public
[ 2011-10-11T14:21:09+08:00 ] ERR: (ThinkException) 无法加载模块
